#
# There is insufficient memory for the Java Runtime Environment to continue.
# Native memory allocation (mmap) failed to map 8388608 bytes. Error detail: G1 virtual space
# Possible reasons:
#   The system is out of physical RAM or swap space
#   This process is running with CompressedOops enabled, and the Java Heap may be blocking the growth of the native heap
# Possible solutions:
#   Reduce memory load on the system
#   Increase physical memory or swap space
#   Check if swap backing store is full
#   Decrease Java heap size (-Xmx/-Xms)
#   Decrease number of Java threads
#   Decrease Java thread stack sizes (-Xss)
#   Set larger code cache with -XX:ReservedCodeCacheSize=
#   JVM is running with Unscaled Compressed Oops mode in which the Java heap is
#     placed in the first 4GB address space. The Java Heap base address is the
#     maximum limit for the native heap growth. Please use -XX:HeapBaseMinAddress
#     to set the Java Heap base and to place the Java Heap above 4GB virtual address.
# This output file may be truncated or incomplete.
#
#  Out of Memory Error (os_windows.cpp:3714), pid=20332, tid=27292
#
# JRE version: OpenJDK Runtime Environment Temurin-21.0.10+7 (21.0.10+7) (build 21.0.10+7-LTS)
# Java VM: OpenJDK 64-Bit Server VM Temurin-21.0.10+7 (21.0.10+7-LTS, mixed mode, sharing, tiered, compressed oops, compressed class ptrs, g1 gc, windows-amd64)
# No core dump will be written. Minidumps are not enabled by default on client versions of Windows
#

---------------  S U M M A R Y ------------

Command Line: --add-opens=java.base/java.lang=ALL-UNNAMED --add-opens=java.base/java.lang.invoke=ALL-UNNAMED --add-opens=java.base/java.util=ALL-UNNAMED --add-opens=java.prefs/java.util.prefs=ALL-UNNAMED --add-exports=jdk.compiler/com.sun.tools.javac.api=ALL-UNNAMED --add-exports=jdk.compiler/com.sun.tools.javac.util=ALL-UNNAMED --add-opens=java.base/java.util=ALL-UNNAMED --add-opens=java.prefs/java.util.prefs=ALL-UNNAMED --add-opens=java.base/java.nio.charset=ALL-UNNAMED --add-opens=java.base/java.net=ALL-UNNAMED --add-opens=java.base/java.util.concurrent.atomic=ALL-UNNAMED --add-opens=java.xml/javax.xml.namespace=ALL-UNNAMED -Xmx1024m -Dfile.encoding=UTF-8 -Duser.country=IN -Duser.language=en -Duser.variant -javaagent:C:\Users\ASUS\.gradle\wrapper\dists\gradle-8.11.1-all\2qik7nd48slq1ooc2496ixf4i\gradle-8.11.1\lib\agents\gradle-instrumentation-agent-8.11.1.jar org.gradle.launcher.daemon.bootstrap.GradleDaemon 8.11.1

Host: 13th Gen Intel(R) Core(TM) i5-13420H, 12 cores, 15G,  Windows 11 , 64 bit Build 26100 (10.0.26100.7705)
Time: Sun Apr 12 20:51:22 2026 India Standard Time elapsed time: 184.084442 seconds (0d 0h 3m 4s)

---------------  T H R E A D  ---------------

Current thread (0x00000245c02e3e00):  VMThread "VM Thread"          [id=27292, stack(0x000000bd4c900000,0x000000bd4ca00000) (1024K)]

Stack: [0x000000bd4c900000,0x000000bd4ca00000]
Native frames: (J=compiled Java code, j=interpreted, Vv=VM code, C=native code)
V  [jvm.dll+0x6d7a39]
V  [jvm.dll+0x8b4b26]
V  [jvm.dll+0x8b70de]
V  [jvm.dll+0x8b77c3]
V  [jvm.dll+0x284346]
V  [jvm.dll+0x6d4355]
V  [jvm.dll+0x6c808a]
V  [jvm.dll+0x35edb8]
V  [jvm.dll+0x3669f6]
V  [jvm.dll+0x3b7afe]
V  [jvm.dll+0x3b7da8]
V  [jvm.dll+0x332fbc]
V  [jvm.dll+0x3357d6]
V  [jvm.dll+0x33f7cd]
V  [jvm.dll+0x374e8f]
V  [jvm.dll+0x8bd4b0]
V  [jvm.dll+0x8be824]
V  [jvm.dll+0x8bed50]
V  [jvm.dll+0x8beff3]
V  [jvm.dll+0x85f59d]
V  [jvm.dll+0x6d626d]
C  [ucrtbase.dll+0x37b0]
C  [KERNEL32.DLL+0x2e8d7]
C  [ntdll.dll+0x8c40c]

VM_Operation (0x000000bd4c4ff400): G1PauseRemark, mode: safepoint, requested by thread 0x00000245a9b30510


---------------  P R O C E S S  ---------------

Threads class SMR info:
_java_thread_list=0x0000024609d02890, length=58, elements={
0x00000245a7737830, 0x00000245c0308c00, 0x00000245c030d830, 0x00000245c030e440,
0x00000245c030f100, 0x00000245c030ff70, 0x00000245c031c7c0, 0x00000245c03203d0,
0x00000245c0322bc0, 0x00000245c061aa20, 0x00000245c061caf0, 0x00000245c061bdd0,
0x00000245c061b740, 0x00000245c061b0b0, 0x00000245c061a390, 0x00000245c0619670,
0x00000246072e5da0, 0x00000246072e77e0, 0x00000246072e6430, 0x00000246072e7e70,
0x00000246072e6ac0, 0x00000246072e7150, 0x00000246072e8500, 0x00000246072e5080,
0x0000024607456d40, 0x0000024607455990, 0x0000024607457a60, 0x00000246074580f0,
0x0000024607456020, 0x0000024607458780, 0x0000024607458e10, 0x00000246074566b0,
0x000002460745bc00, 0x000002460745b570, 0x000002460745c290, 0x000002460745c920,
0x000002460a3ffac0, 0x000002460a3ff430, 0x000002460a3feda0, 0x000002460a4042f0,
0x000002460a402f40, 0x000002460a405010, 0x000002460a4035d0, 0x000002460a4056a0,
0x000002460a4028b0, 0x00000245c0619d00, 0x000002460a0b13f0, 0x000002460a0b1a80,
0x000002460a0b5c20, 0x000002460a0b41e0, 0x000002460a0b34c0, 0x000002460a0b4870,
0x000002460a686e40, 0x0000024609831470, 0x000002460baf4390, 0x000002460baf6460,
0x000002460c24e780, 0x000002460c24cd40
}

Java Threads: ( => current thread )
  0x00000245a7737830 JavaThread "main"                              [_thread_blocked, id=13920, stack(0x000000bd4c200000,0x000000bd4c300000) (1024K)]
  0x00000245c0308c00 JavaThread "Reference Handler"          daemon [_thread_blocked, id=4824, stack(0x000000bd4ca00000,0x000000bd4cb00000) (1024K)]
  0x00000245c030d830 JavaThread "Finalizer"                  daemon [_thread_blocked, id=23808, stack(0x000000bd4cb00000,0x000000bd4cc00000) (1024K)]
  0x00000245c030e440 JavaThread "Signal Dispatcher"          daemon [_thread_blocked, id=23064, stack(0x000000bd4cc00000,0x000000bd4cd00000) (1024K)]
  0x00000245c030f100 JavaThread "Attach Listener"            daemon [_thread_blocked, id=21924, stack(0x000000bd4cd00000,0x000000bd4ce00000) (1024K)]
  0x00000245c030ff70 JavaThread "Service Thread"             daemon [_thread_blocked, id=27100, stack(0x000000bd4ce00000,0x000000bd4cf00000) (1024K)]
  0x00000245c031c7c0 JavaThread "Monitor Deflation Thread"   daemon [_thread_blocked, id=26848, stack(0x000000bd4cf00000,0x000000bd4d000000) (1024K)]
  0x00000245c03203d0 JavaThread "C2 CompilerThread0"         daemon [_thread_blocked, id=10876, stack(0x000000bd4d000000,0x000000bd4d100000) (1024K)]
  0x00000245c0322bc0 JavaThread "C1 CompilerThread0"         daemon [_thread_blocked, id=384, stack(0x000000bd4d100000,0x000000bd4d200000) (1024K)]
  0x00000245c061aa20 JavaThread "Common-Cleaner"             daemon [_thread_blocked, id=15516, stack(0x000000bd4d200000,0x000000bd4d300000) (1024K)]
  0x00000245c061caf0 JavaThread "Notification Thread"        daemon [_thread_blocked, id=26644, stack(0x000000bd4d300000,0x000000bd4d400000) (1024K)]
  0x00000245c061bdd0 JavaThread "Daemon health stats"               [_thread_blocked, id=20132, stack(0x000000bd4dc00000,0x000000bd4dd00000) (1024K)]
  0x00000245c061b740 JavaThread "Incoming local TCP Connector on port 54896"        [_thread_in_native, id=16636, stack(0x000000bd4dd00000,0x000000bd4de00000) (1024K)]
  0x00000245c061b0b0 JavaThread "Daemon periodic checks"            [_thread_blocked, id=29292, stack(0x000000bd4de00000,0x000000bd4df00000) (1024K)]
  0x00000245c061a390 JavaThread "Daemon"                            [_thread_blocked, id=30592, stack(0x000000bd4df00000,0x000000bd4e000000) (1024K)]
  0x00000245c0619670 JavaThread "Handler for socket connection from /127.0.0.1:54896 to /127.0.0.1:54897"        [_thread_in_native, id=6416, stack(0x000000bd4e000000,0x000000bd4e100000) (1024K)]
  0x00000246072e5da0 JavaThread "Cancel handler"                    [_thread_blocked, id=27332, stack(0x000000bd4e100000,0x000000bd4e200000) (1024K)]
  0x00000246072e77e0 JavaThread "Daemon worker"                     [_thread_blocked, id=12256, stack(0x000000bd4e200000,0x000000bd4e300000) (1024K)]
  0x00000246072e6430 JavaThread "Asynchronous log dispatcher for DefaultDaemonConnection: socket connection from /127.0.0.1:54896 to /127.0.0.1:54897"        [_thread_blocked, id=17992, stack(0x000000bd4e300000,0x000000bd4e400000) (1024K)]
  0x00000246072e7e70 JavaThread "Stdin handler"                     [_thread_blocked, id=14372, stack(0x000000bd4e400000,0x000000bd4e500000) (1024K)]
  0x00000246072e6ac0 JavaThread "Daemon client event forwarder"        [_thread_blocked, id=21304, stack(0x000000bd4e500000,0x000000bd4e600000) (1024K)]
  0x00000246072e7150 JavaThread "Cache worker for journal cache (C:\Users\ASUS\.gradle\caches\journal-1)"        [_thread_blocked, id=28504, stack(0x000000bd4e600000,0x000000bd4e700000) (1024K)]
  0x00000246072e8500 JavaThread "File lock request listener"        [_thread_in_native, id=22796, stack(0x000000bd4e700000,0x000000bd4e800000) (1024K)]
  0x00000246072e5080 JavaThread "Cache worker for file hash cache (C:\Users\ASUS\.gradle\caches\8.11.1\fileHashes)"        [_thread_blocked, id=26824, stack(0x000000bd4e800000,0x000000bd4e900000) (1024K)]
  0x0000024607456d40 JavaThread "Cache worker for file content cache (C:\Users\ASUS\.gradle\caches\8.11.1\fileContent)"        [_thread_blocked, id=1724, stack(0x000000bd4e900000,0x000000bd4ea00000) (1024K)]
  0x0000024607455990 JavaThread "Cache worker for file hash cache (D:\StudyspaceProjects\mystudyspace-app\flutter_application_1\android\.gradle\8.11.1\fileHashes)"        [_thread_blocked, id=28876, stack(0x000000bd4d400000,0x000000bd4d500000) (1024K)]
  0x0000024607457a60 JavaThread "Cache worker for Build Output Cleanup Cache (D:\StudyspaceProjects\mystudyspace-app\flutter_application_1\android\.gradle\buildOutputCleanup)"        [_thread_blocked, id=26396, stack(0x000000bd4d500000,0x000000bd4d600000) (1024K)]
  0x00000246074580f0 JavaThread "File watcher server"        daemon [_thread_in_native, id=13976, stack(0x000000bd4ef00000,0x000000bd4f000000) (1024K)]
  0x0000024607456020 JavaThread "File watcher consumer"      daemon [_thread_blocked, id=23196, stack(0x000000bd4f000000,0x000000bd4f100000) (1024K)]
  0x0000024607458780 JavaThread "Cache worker for checksums cache (D:\StudyspaceProjects\mystudyspace-app\flutter_application_1\android\.gradle\8.11.1\checksums)"        [_thread_blocked, id=20460, stack(0x000000bd4f100000,0x000000bd4f200000) (1024K)]
  0x0000024607458e10 JavaThread "Cache worker for cache directory md-rule (C:\Users\ASUS\.gradle\caches\8.11.1\md-rule)"        [_thread_blocked, id=9280, stack(0x000000bd4f200000,0x000000bd4f300000) (1024K)]
  0x00000246074566b0 JavaThread "Cache worker for cache directory md-supplier (C:\Users\ASUS\.gradle\caches\8.11.1\md-supplier)"        [_thread_blocked, id=6292, stack(0x000000bd4f300000,0x000000bd4f400000) (1024K)]
  0x000002460745bc00 JavaThread "Cache worker for Build Output Cleanup Cache (C:\Users\ASUS\.antigravity\extensions\flutter\packages\flutter_tools\gradle\.gradle\buildOutputCleanup)"        [_thread_blocked, id=2168, stack(0x000000bd4f600000,0x000000bd4f700000) (1024K)]
  0x000002460745b570 JavaThread "Unconstrained build operations"        [_thread_blocked, id=7160, stack(0x000000bd4f400000,0x000000bd4f500000) (1024K)]
  0x000002460745c290 JavaThread "Unconstrained build operations Thread 2"        [_thread_blocked, id=26068, stack(0x000000bd4f500000,0x000000bd4f600000) (1024K)]
  0x000002460745c920 JavaThread "Unconstrained build operations Thread 3"        [_thread_blocked, id=25636, stack(0x000000bd4f700000,0x000000bd4f800000) (1024K)]
  0x000002460a3ffac0 JavaThread "Memory manager"                    [_thread_blocked, id=7880, stack(0x000000bd4f800000,0x000000bd4f900000) (1024K)]
  0x000002460a3ff430 JavaThread "build event listener"              [_thread_blocked, id=8668, stack(0x000000bd4f900000,0x000000bd4fa00000) (1024K)]
  0x000002460a3feda0 JavaThread "Cache worker for execution history cache (C:\Users\ASUS\.antigravity\extensions\flutter\packages\flutter_tools\gradle\.gradle\8.11.1\executionHistory)"        [_thread_blocked, id=18912, stack(0x000000bd4fb00000,0x000000bd4fc00000) (1024K)]
  0x000002460a4042f0 JavaThread "Unconstrained build operations Thread 4"        [_thread_blocked, id=20248, stack(0x000000bd4fc00000,0x000000bd4fd00000) (1024K)]
  0x000002460a402f40 JavaThread "Unconstrained build operations Thread 5"        [_thread_blocked, id=15628, stack(0x000000bd4fe00000,0x000000bd4ff00000) (1024K)]
  0x000002460a405010 JavaThread "Unconstrained build operations Thread 6"        [_thread_blocked, id=10444, stack(0x000000bd4ff00000,0x000000bd50000000) (1024K)]
  0x000002460a4035d0 JavaThread "Unconstrained build operations Thread 7"        [_thread_blocked, id=18000, stack(0x000000bd4fd00000,0x000000bd4fe00000) (1024K)]
  0x000002460a4056a0 JavaThread "WorkerExecutor Queue"              [_thread_blocked, id=30828, stack(0x000000bd50100000,0x000000bd50200000) (1024K)]
  0x000002460a4028b0 JavaThread "RMI Scheduler(0)"           daemon [_thread_blocked, id=22248, stack(0x000000bd50200000,0x000000bd50300000) (1024K)]
  0x00000245c0619d00 JavaThread "RMI GC Daemon"              daemon [_thread_blocked, id=26920, stack(0x000000bd50400000,0x000000bd50500000) (1024K)]
  0x000002460a0b13f0 JavaThread "RMI TCP Accept-0"           daemon [_thread_in_native, id=28024, stack(0x000000bd50000000,0x000000bd50100000) (1024K)]
  0x000002460a0b1a80 JavaThread "RMI Reaper"                        [_thread_blocked, id=30964, stack(0x000000bd50500000,0x000000bd50600000) (1024K)]
  0x000002460a0b5c20 JavaThread "Unconstrained build operations Thread 8"        [_thread_blocked, id=20468, stack(0x000000bd4bf00000,0x000000bd4c000000) (1024K)]
  0x000002460a0b41e0 JavaThread "Unconstrained build operations Thread 9"        [_thread_blocked, id=27972, stack(0x000000bd4c000000,0x000000bd4c100000) (1024K)]
  0x000002460a0b34c0 JavaThread "Unconstrained build operations Thread 10"        [_thread_blocked, id=25144, stack(0x000000bd4c100000,0x000000bd4c200000) (1024K)]
  0x000002460a0b4870 JavaThread "build event listener"              [_thread_blocked, id=6704, stack(0x000000bd50300000,0x000000bd50400000) (1024K)]
  0x000002460a686e40 JavaThread "jar transforms"                    [_thread_blocked, id=11568, stack(0x000000bd50a00000,0x000000bd50b00000) (1024K)]
  0x0000024609831470 JavaThread "File lock release action executor"        [_thread_blocked, id=31420, stack(0x000000bd50900000,0x000000bd50a00000) (1024K)]
  0x000002460baf4390 JavaThread "jar transforms Thread 2"           [_thread_blocked, id=28076, stack(0x000000bd4fa00000,0x000000bd4fb00000) (1024K)]
  0x000002460baf6460 JavaThread "jar transforms Thread 3"           [_thread_blocked, id=28516, stack(0x000000bd50700000,0x000000bd50800000) (1024K)]
  0x000002460c24e780 JavaThread "jar transforms Thread 4"           [_thread_blocked, id=30548, stack(0x000000bd50600000,0x000000bd50700000) (1024K)]
  0x000002460c24cd40 JavaThread "jar transforms Thread 5"           [_thread_blocked, id=25400, stack(0x000000bd50b00000,0x000000bd50c00000) (1024K)]
Total: 58

Other Threads:
=>0x00000245c02e3e00 VMThread "VM Thread"                           [id=27292, stack(0x000000bd4c900000,0x000000bd4ca00000) (1024K)]
  0x00000245c02d5040 WatcherThread "VM Periodic Task Thread"        [id=15680, stack(0x000000bd4c800000,0x000000bd4c900000) (1024K)]
  0x00000245a9b27610 WorkerThread "GC Thread#0"                     [id=13388, stack(0x000000bd4c300000,0x000000bd4c400000) (1024K)]
  0x00000245c0674430 WorkerThread "GC Thread#1"                     [id=18156, stack(0x000000bd4d600000,0x000000bd4d700000) (1024K)]
  0x00000245c092b560 WorkerThread "GC Thread#2"                     [id=22876, stack(0x000000bd4d700000,0x000000bd4d800000) (1024K)]
  0x00000245c0bbb550 WorkerThread "GC Thread#3"                     [id=13184, stack(0x000000bd4d800000,0x000000bd4d900000) (1024K)]
  0x00000245c0bbb900 WorkerThread "GC Thread#4"                     [id=16188, stack(0x000000bd4d900000,0x000000bd4da00000) (1024K)]
  0x00000245c0962a80 WorkerThread "GC Thread#5"                     [id=24184, stack(0x000000bd4da00000,0x000000bd4db00000) (1024K)]
  0x0000024606f5dfc0 WorkerThread "GC Thread#6"                     [id=21268, stack(0x000000bd4db00000,0x000000bd4dc00000) (1024K)]
  0x000002460a35b3d0 WorkerThread "GC Thread#7"                     [id=26952, stack(0x000000bd4ea00000,0x000000bd4eb00000) (1024K)]
  0x000002460a35c290 WorkerThread "GC Thread#8"                     [id=27152, stack(0x000000bd4eb00000,0x000000bd4ec00000) (1024K)]
  0x000002460a35e010 WorkerThread "GC Thread#9"                     [id=20056, stack(0x000000bd4ec00000,0x000000bd4ed00000) (1024K)]
  0x00000245a9b30510 ConcurrentGCThread "G1 Main Marker"            [id=30264, stack(0x000000bd4c400000,0x000000bd4c500000) (1024K)]
  0x00000245a9b30f30 WorkerThread "G1 Conc#0"                       [id=31020, stack(0x000000bd4c500000,0x000000bd4c600000) (1024K)]
  0x000002460a35a510 WorkerThread "G1 Conc#1"                       [id=10040, stack(0x000000bd4ed00000,0x000000bd4ee00000) (1024K)]
  0x000002460a35cda0 WorkerThread "G1 Conc#2"                       [id=19324, stack(0x000000bd4ee00000,0x000000bd4ef00000) (1024K)]
  0x00000245c01a62a0 ConcurrentGCThread "G1 Refine#0"               [id=17420, stack(0x000000bd4c600000,0x000000bd4c700000) (1024K)]
  0x00000245c01a7ee0 ConcurrentGCThread "G1 Service"                [id=27568, stack(0x000000bd4c700000,0x000000bd4c800000) (1024K)]
Total: 18

Threads with active compile tasks:
C2 CompilerThread0  184145 14990       4       org.gradle.api.internal.artifacts.transform.DefaultTransformInvocationFactory$$Lambda/0x00000245c279d2f0::apply (16 bytes)
Total: 1

VM state: at safepoint (normal execution)

VM Mutex/Monitor currently owned by a thread:  ([mutex/lock_event])
[0x00007ff868cae560] Threads_lock - owner thread: 0x00000245c02e3e00
[0x00007ff868cae660] Heap_lock - owner thread: 0x00000245a9b30510

Heap address: 0x00000000c0000000, size: 1024 MB, Compressed Oops mode: 32-bit

CDS archive(s) mapped at: [0x00000245c1000000-0x00000245c1ba0000-0x00000245c1ba0000), size 12189696, SharedBaseAddress: 0x00000245c1000000, ArchiveRelocationMode: 1.
Compressed class space mapped at: 0x00000245c2000000-0x0000024602000000, reserved size: 1073741824
Narrow klass base: 0x00000245c1000000, Narrow klass shift: 0, Narrow klass range: 0x100000000

GC Precious Log:
 CardTable entry size: 512
 Card Set container configuration: InlinePtr #cards 5 size 8 Array Of Cards #cards 12 size 40 Howl #buckets 4 coarsen threshold 1843 Howl Bitmap #cards 512 size 80 coarsen threshold 460 Card regions per heap region 1 cards per card region 2048
 CPUs: 12 total, 12 available
 Memory: 16016M
 Large Page Support: Disabled
 NUMA Support: Disabled
 Compressed Oops: Enabled (32-bit)
 Heap Region Size: 1M
 Heap Min Capacity: 8M
 Heap Initial Capacity: 252M
 Heap Max Capacity: 1G
 Pre-touch: Disabled
 Parallel Workers: 10
 Concurrent Workers: 3
 Concurrent Refinement Workers: 10
 Periodic GC: Disabled

Heap:
 garbage-first heap   total 261120K, used 161910K [0x00000000c0000000, 0x0000000100000000)
  region size 1024K, 7 young (7168K), 6 survivors (6144K)
 Metaspace       used 107108K, committed 109632K, reserved 1179648K
  class space    used 15340K, committed 16576K, reserved 1048576K

Heap Regions: E=young(eden), S=young(survivor), O=old, HS=humongous(starts), HC=humongous(continues), CS=collection set, F=free, TAMS=top-at-mark-start, PB=parsable bottom
|   0|0x00000000c0000000, 0x00000000c0100000, 0x00000000c0100000|100%| O|  |TAMS 0x00000000c0100000| PB 0x00000000c0100000| Updating 
|   1|0x00000000c0100000, 0x00000000c0200000, 0x00000000c0200000|100%|HS|  |TAMS 0x00000000c0200000| PB 0x00000000c0100000| Complete 
|   2|0x00000000c0200000, 0x00000000c0300000, 0x00000000c0300000|100%|HC|  |TAMS 0x00000000c0300000| PB 0x00000000c0200000| Complete 
|   3|0x00000000c0300000, 0x00000000c0400000, 0x00000000c0400000|100%|HC|  |TAMS 0x00000000c0400000| PB 0x00000000c0300000| Complete 
|   4|0x00000000c0400000, 0x00000000c0500000, 0x00000000c0500000|100%| O|  |TAMS 0x00000000c0500000| PB 0x00000000c0500000| Updating 
|   5|0x00000000c0500000, 0x00000000c0600000, 0x00000000c0600000|100%| O|  |TAMS 0x00000000c0600000| PB 0x00000000c0600000| Untracked 
|   6|0x00000000c0600000, 0x00000000c0700000, 0x00000000c0700000|100%| O|  |TAMS 0x00000000c0700000| PB 0x00000000c0700000| Untracked 
|   7|0x00000000c0700000, 0x00000000c0800000, 0x00000000c0800000|100%|HS|  |TAMS 0x00000000c0800000| PB 0x00000000c0700000| Complete 
|   8|0x00000000c0800000, 0x00000000c0900000, 0x00000000c0900000|100%| O|  |TAMS 0x00000000c0900000| PB 0x00000000c0900000| Untracked 
|   9|0x00000000c0900000, 0x00000000c0a00000, 0x00000000c0a00000|100%| O|  |TAMS 0x00000000c0a00000| PB 0x00000000c0a00000| Untracked 
|  10|0x00000000c0a00000, 0x00000000c0b00000, 0x00000000c0b00000|100%| O|  |TAMS 0x00000000c0b00000| PB 0x00000000c0b00000| Untracked 
|  11|0x00000000c0b00000, 0x00000000c0c00000, 0x00000000c0c00000|100%| O|  |TAMS 0x00000000c0c00000| PB 0x00000000c0c00000| Untracked 
|  12|0x00000000c0c00000, 0x00000000c0d00000, 0x00000000c0d00000|100%| O|  |TAMS 0x00000000c0d00000| PB 0x00000000c0d00000| Untracked 
|  13|0x00000000c0d00000, 0x00000000c0e00000, 0x00000000c0e00000|100%| O|  |TAMS 0x00000000c0e00000| PB 0x00000000c0e00000| Untracked 
|  14|0x00000000c0e00000, 0x00000000c0f00000, 0x00000000c0f00000|100%| O|  |TAMS 0x00000000c0f00000| PB 0x00000000c0f00000| Untracked 
|  15|0x00000000c0f00000, 0x00000000c1000000, 0x00000000c1000000|100%| O|  |TAMS 0x00000000c1000000| PB 0x00000000c1000000| Untracked 
|  16|0x00000000c1000000, 0x00000000c1100000, 0x00000000c1100000|100%| O|  |TAMS 0x00000000c1100000| PB 0x00000000c1100000| Untracked 
|  17|0x00000000c1100000, 0x00000000c1200000, 0x00000000c1200000|100%| O|  |TAMS 0x00000000c1200000| PB 0x00000000c1200000| Untracked 
|  18|0x00000000c1200000, 0x00000000c1300000, 0x00000000c1300000|100%| O|  |TAMS 0x00000000c1300000| PB 0x00000000c1300000| Updating 
|  19|0x00000000c1300000, 0x00000000c1400000, 0x00000000c1400000|100%| O|  |TAMS 0x00000000c1400000| PB 0x00000000c1400000| Updating 
|  20|0x00000000c1400000, 0x00000000c1500000, 0x00000000c1500000|100%| O|  |TAMS 0x00000000c1500000| PB 0x00000000c1500000| Updating 
|  21|0x00000000c1500000, 0x00000000c1600000, 0x00000000c1600000|100%| O|  |TAMS 0x00000000c1600000| PB 0x00000000c1600000| Updating 
|  22|0x00000000c1600000, 0x00000000c1700000, 0x00000000c1700000|100%| O|  |TAMS 0x00000000c1700000| PB 0x00000000c1700000| Untracked 
|  23|0x00000000c1700000, 0x00000000c1800000, 0x00000000c1800000|100%| O|  |TAMS 0x00000000c1800000| PB 0x00000000c1800000| Untracked 
|  24|0x00000000c1800000, 0x00000000c1900000, 0x00000000c1900000|100%| O|  |TAMS 0x00000000c1900000| PB 0x00000000c1900000| Untracked 
|  25|0x00000000c1900000, 0x00000000c1a00000, 0x00000000c1a00000|100%| O|  |TAMS 0x00000000c1a00000| PB 0x00000000c1a00000| Updating 
|  26|0x00000000c1a00000, 0x00000000c1b00000, 0x00000000c1b00000|100%| O|  |TAMS 0x00000000c1b00000| PB 0x00000000c1b00000| Untracked 
|  27|0x00000000c1b00000, 0x00000000c1c00000, 0x00000000c1c00000|100%| O|  |TAMS 0x00000000c1c00000| PB 0x00000000c1c00000| Untracked 
|  28|0x00000000c1c00000, 0x00000000c1d00000, 0x00000000c1d00000|100%| O|  |TAMS 0x00000000c1d00000| PB 0x00000000c1d00000| Updating 
|  29|0x00000000c1d00000, 0x00000000c1e00000, 0x00000000c1e00000|100%| O|  |TAMS 0x00000000c1e00000| PB 0x00000000c1e00000| Updating 
|  30|0x00000000c1e00000, 0x00000000c1f00000, 0x00000000c1f00000|100%|HS|  |TAMS 0x00000000c1f00000| PB 0x00000000c1e00000| Complete 
|  31|0x00000000c1f00000, 0x00000000c2000000, 0x00000000c2000000|100%|HC|  |TAMS 0x00000000c2000000| PB 0x00000000c1f00000| Complete 
|  32|0x00000000c2000000, 0x00000000c2100000, 0x00000000c2100000|100%|HS|  |TAMS 0x00000000c2100000| PB 0x00000000c2000000| Complete 
|  33|0x00000000c2100000, 0x00000000c2200000, 0x00000000c2200000|100%|HC|  |TAMS 0x00000000c2200000| PB 0x00000000c2100000| Complete 
|  34|0x00000000c2200000, 0x00000000c2300000, 0x00000000c2300000|100%| O|  |TAMS 0x00000000c2300000| PB 0x00000000c2300000| Updating 
|  35|0x00000000c2300000, 0x00000000c2400000, 0x00000000c2400000|100%| O|  |TAMS 0x00000000c2400000| PB 0x00000000c2400000| Untracked 
|  36|0x00000000c2400000, 0x00000000c2500000, 0x00000000c2500000|100%| O|  |TAMS 0x00000000c2400000| PB 0x00000000c2400000| Untracked 
|  37|0x00000000c2500000, 0x00000000c2600000, 0x00000000c2600000|100%| O|  |TAMS 0x00000000c2600000| PB 0x00000000c2600000| Untracked 
|  38|0x00000000c2600000, 0x00000000c2700000, 0x00000000c2700000|100%| O|  |TAMS 0x00000000c2700000| PB 0x00000000c2700000| Untracked 
|  39|0x00000000c2700000, 0x00000000c2800000, 0x00000000c2800000|100%| O|  |TAMS 0x00000000c2800000| PB 0x00000000c2800000| Updating 
|  40|0x00000000c2800000, 0x00000000c2900000, 0x00000000c2900000|100%| O|  |TAMS 0x00000000c2900000| PB 0x00000000c2900000| Updating 
|  41|0x00000000c2900000, 0x00000000c2a00000, 0x00000000c2a00000|100%| O|  |TAMS 0x00000000c2a00000| PB 0x00000000c2a00000| Updating 
|  42|0x00000000c2a00000, 0x00000000c2b00000, 0x00000000c2b00000|100%| O|  |TAMS 0x00000000c2b00000| PB 0x00000000c2b00000| Updating 
|  43|0x00000000c2b00000, 0x00000000c2c00000, 0x00000000c2c00000|100%| O|  |TAMS 0x00000000c2c00000| PB 0x00000000c2c00000| Updating 
|  44|0x00000000c2c00000, 0x00000000c2d00000, 0x00000000c2d00000|100%|HS|  |TAMS 0x00000000c2d00000| PB 0x00000000c2c00000| Complete 
|  45|0x00000000c2d00000, 0x00000000c2e00000, 0x00000000c2e00000|100%|HC|  |TAMS 0x00000000c2e00000| PB 0x00000000c2d00000| Complete 
|  46|0x00000000c2e00000, 0x00000000c2f00000, 0x00000000c2f00000|100%|HC|  |TAMS 0x00000000c2f00000| PB 0x00000000c2e00000| Complete 
|  47|0x00000000c2f00000, 0x00000000c3000000, 0x00000000c3000000|100%| O|  |TAMS 0x00000000c3000000| PB 0x00000000c3000000| Updating 
|  48|0x00000000c3000000, 0x00000000c3100000, 0x00000000c3100000|100%| O|  |TAMS 0x00000000c3100000| PB 0x00000000c3100000| Updating 
|  49|0x00000000c3100000, 0x00000000c3200000, 0x00000000c3200000|100%|HS|  |TAMS 0x00000000c3200000| PB 0x00000000c3100000| Complete 
|  50|0x00000000c3200000, 0x00000000c3300000, 0x00000000c3300000|100%|HC|  |TAMS 0x00000000c3300000| PB 0x00000000c3200000| Complete 
|  51|0x00000000c3300000, 0x00000000c3400000, 0x00000000c3400000|100%|HC|  |TAMS 0x00000000c3400000| PB 0x00000000c3300000| Complete 
|  52|0x00000000c3400000, 0x00000000c3500000, 0x00000000c3500000|100%| O|  |TAMS 0x00000000c3500000| PB 0x00000000c3500000| Untracked 
|  53|0x00000000c3500000, 0x00000000c3600000, 0x00000000c3600000|100%| O|  |TAMS 0x00000000c3600000| PB 0x00000000c3600000| Updating 
|  54|0x00000000c3600000, 0x00000000c3700000, 0x00000000c3700000|100%| O|  |TAMS 0x00000000c3700000| PB 0x00000000c3700000| Untracked 
|  55|0x00000000c3700000, 0x00000000c3800000, 0x00000000c3800000|100%| O|  |TAMS 0x00000000c3700000| PB 0x00000000c3700000| Untracked 
|  56|0x00000000c3800000, 0x00000000c3900000, 0x00000000c3900000|100%| O|  |TAMS 0x00000000c3900000| PB 0x00000000c3900000| Updating 
|  57|0x00000000c3900000, 0x00000000c3a00000, 0x00000000c3a00000|100%| O|  |TAMS 0x00000000c3a00000| PB 0x00000000c3a00000| Untracked 
|  58|0x00000000c3a00000, 0x00000000c3b00000, 0x00000000c3b00000|100%| O|  |TAMS 0x00000000c3b00000| PB 0x00000000c3b00000| Untracked 
|  59|0x00000000c3b00000, 0x00000000c3c00000, 0x00000000c3c00000|100%| O|  |TAMS 0x00000000c3b00000| PB 0x00000000c3b00000| Untracked 
|  60|0x00000000c3c00000, 0x00000000c3d00000, 0x00000000c3d00000|100%| O|  |TAMS 0x00000000c3d00000| PB 0x00000000c3d00000| Untracked 
|  61|0x00000000c3d00000, 0x00000000c3e00000, 0x00000000c3e00000|100%|HS|  |TAMS 0x00000000c3e00000| PB 0x00000000c3d00000| Complete 
|  62|0x00000000c3e00000, 0x00000000c3f00000, 0x00000000c3f00000|100%| O|  |TAMS 0x00000000c3f00000| PB 0x00000000c3f00000| Updating 
|  63|0x00000000c3f00000, 0x00000000c4000000, 0x00000000c4000000|100%| O|  |TAMS 0x00000000c4000000| PB 0x00000000c4000000| Updating 
|  64|0x00000000c4000000, 0x00000000c4100000, 0x00000000c4100000|100%|HS|  |TAMS 0x00000000c4100000| PB 0x00000000c4000000| Complete 
|  65|0x00000000c4100000, 0x00000000c4200000, 0x00000000c4200000|100%|HS|  |TAMS 0x00000000c4200000| PB 0x00000000c4100000| Complete 
|  66|0x00000000c4200000, 0x00000000c4300000, 0x00000000c4300000|100%| O|  |TAMS 0x00000000c4300000| PB 0x00000000c4300000| Updating 
|  67|0x00000000c4300000, 0x00000000c4400000, 0x00000000c4400000|100%| O|  |TAMS 0x00000000c4400000| PB 0x00000000c4400000| Untracked 
|  68|0x00000000c4400000, 0x00000000c4500000, 0x00000000c4500000|100%| O|  |TAMS 0x00000000c4500000| PB 0x00000000c4500000| Untracked 
|  69|0x00000000c4500000, 0x00000000c4600000, 0x00000000c4600000|100%| O|  |TAMS 0x00000000c4600000| PB 0x00000000c4600000| Updating 
|  70|0x00000000c4600000, 0x00000000c4700000, 0x00000000c4700000|100%| O|  |TAMS 0x00000000c4700000| PB 0x00000000c4700000| Updating 
|  71|0x00000000c4700000, 0x00000000c4800000, 0x00000000c4800000|100%| O|  |TAMS 0x00000000c4800000| PB 0x00000000c4800000| Untracked 
|  72|0x00000000c4800000, 0x00000000c4900000, 0x00000000c4900000|100%| O|  |TAMS 0x00000000c4900000| PB 0x00000000c4900000| Updating 
|  73|0x00000000c4900000, 0x00000000c4a00000, 0x00000000c4a00000|100%| O|  |TAMS 0x00000000c4a00000| PB 0x00000000c4a00000| Untracked 
|  74|0x00000000c4a00000, 0x00000000c4b00000, 0x00000000c4b00000|100%| O|  |TAMS 0x00000000c4b00000| PB 0x00000000c4b00000| Updating 
|  75|0x00000000c4b00000, 0x00000000c4c00000, 0x00000000c4c00000|100%|HS|  |TAMS 0x00000000c4c00000| PB 0x00000000c4b00000| Complete 
|  76|0x00000000c4c00000, 0x00000000c4d00000, 0x00000000c4d00000|100%|HS|  |TAMS 0x00000000c4d00000| PB 0x00000000c4c00000| Complete 
|  77|0x00000000c4d00000, 0x00000000c4e00000, 0x00000000c4e00000|100%|HC|  |TAMS 0x00000000c4e00000| PB 0x00000000c4d00000| Complete 
|  78|0x00000000c4e00000, 0x00000000c4f00000, 0x00000000c4f00000|100%|HS|  |TAMS 0x00000000c4f00000| PB 0x00000000c4e00000| Complete 
|  79|0x00000000c4f00000, 0x00000000c5000000, 0x00000000c5000000|100%|HS|  |TAMS 0x00000000c5000000| PB 0x00000000c4f00000| Complete 
|  80|0x00000000c5000000, 0x00000000c5100000, 0x00000000c5100000|100%|HS|  |TAMS 0x00000000c5100000| PB 0x00000000c5000000| Complete 
|  81|0x00000000c5100000, 0x00000000c5200000, 0x00000000c5200000|100%|HS|  |TAMS 0x00000000c5200000| PB 0x00000000c5100000| Complete 
|  82|0x00000000c5200000, 0x00000000c5300000, 0x00000000c5300000|100%|HC|  |TAMS 0x00000000c5300000| PB 0x00000000c5200000| Complete 
|  83|0x00000000c5300000, 0x00000000c5400000, 0x00000000c5400000|100%|HS|  |TAMS 0x00000000c5400000| PB 0x00000000c5300000| Complete 
|  84|0x00000000c5400000, 0x00000000c5500000, 0x00000000c5500000|100%| O|  |TAMS 0x00000000c5500000| PB 0x00000000c5500000| Updating 
|  85|0x00000000c5500000, 0x00000000c5600000, 0x00000000c5600000|100%| O|  |TAMS 0x00000000c5600000| PB 0x00000000c5600000| Untracked 
|  86|0x00000000c5600000, 0x00000000c5700000, 0x00000000c5700000|100%| O|  |TAMS 0x00000000c5700000| PB 0x00000000c5700000| Untracked 
|  87|0x00000000c5700000, 0x00000000c5800000, 0x00000000c5800000|100%| O|  |TAMS 0x00000000c5800000| PB 0x00000000c5800000| Updating 
|  88|0x00000000c5800000, 0x00000000c5900000, 0x00000000c5900000|100%| O|  |TAMS 0x00000000c5900000| PB 0x00000000c5900000| Untracked 
|  89|0x00000000c5900000, 0x00000000c5a00000, 0x00000000c5a00000|100%| O|  |TAMS 0x00000000c5a00000| PB 0x00000000c5a00000| Untracked 
|  90|0x00000000c5a00000, 0x00000000c5b00000, 0x00000000c5b00000|100%|HS|  |TAMS 0x00000000c5b00000| PB 0x00000000c5a00000| Complete 
|  91|0x00000000c5b00000, 0x00000000c5c00000, 0x00000000c5c00000|100%| O|  |TAMS 0x00000000c5c00000| PB 0x00000000c5c00000| Untracked 
|  92|0x00000000c5c00000, 0x00000000c5d00000, 0x00000000c5d00000|100%| O|  |TAMS 0x00000000c5d00000| PB 0x00000000c5d00000| Untracked 
|  93|0x00000000c5d00000, 0x00000000c5e00000, 0x00000000c5e00000|100%| O|  |TAMS 0x00000000c5e00000| PB 0x00000000c5e00000| Updating 
|  94|0x00000000c5e00000, 0x00000000c5f00000, 0x00000000c5f00000|100%| O|  |TAMS 0x00000000c5f00000| PB 0x00000000c5f00000| Updating 
|  95|0x00000000c5f00000, 0x00000000c6000000, 0x00000000c6000000|100%| O|  |TAMS 0x00000000c6000000| PB 0x00000000c6000000| Untracked 
|  96|0x00000000c6000000, 0x00000000c6100000, 0x00000000c6100000|100%| O|  |TAMS 0x00000000c6100000| PB 0x00000000c6100000| Updating 
|  97|0x00000000c6100000, 0x00000000c6200000, 0x00000000c6200000|100%| O|  |TAMS 0x00000000c6200000| PB 0x00000000c6200000| Untracked 
|  98|0x00000000c6200000, 0x00000000c6300000, 0x00000000c6300000|100%| O|  |TAMS 0x00000000c6300000| PB 0x00000000c6300000| Untracked 
|  99|0x00000000c6300000, 0x00000000c6400000, 0x00000000c6400000|100%| O|  |TAMS 0x00000000c6400000| PB 0x00000000c6400000| Untracked 
| 100|0x00000000c6400000, 0x00000000c6500000, 0x00000000c6500000|100%| O|  |TAMS 0x00000000c6500000| PB 0x00000000c6500000| Untracked 
| 101|0x00000000c6500000, 0x00000000c6600000, 0x00000000c6600000|100%| O|  |TAMS 0x00000000c6600000| PB 0x00000000c6600000| Untracked 
| 102|0x00000000c6600000, 0x00000000c6700000, 0x00000000c6700000|100%| O|  |TAMS 0x00000000c6700000| PB 0x00000000c6700000| Updating 
| 103|0x00000000c6700000, 0x00000000c6800000, 0x00000000c6800000|100%| O|  |TAMS 0x00000000c6800000| PB 0x00000000c6800000| Updating 
| 104|0x00000000c6800000, 0x00000000c6900000, 0x00000000c6900000|100%| O|  |TAMS 0x00000000c6900000| PB 0x00000000c6900000| Untracked 
| 105|0x00000000c6900000, 0x00000000c6a00000, 0x00000000c6a00000|100%| O|  |TAMS 0x00000000c6a00000| PB 0x00000000c6a00000| Untracked 
| 106|0x00000000c6a00000, 0x00000000c6b00000, 0x00000000c6b00000|100%| O|  |TAMS 0x00000000c6b00000| PB 0x00000000c6b00000| Untracked 
| 107|0x00000000c6b00000, 0x00000000c6c00000, 0x00000000c6c00000|100%| O|  |TAMS 0x00000000c6c00000| PB 0x00000000c6c00000| Untracked 
| 108|0x00000000c6c00000, 0x00000000c6d00000, 0x00000000c6d00000|100%| O|  |TAMS 0x00000000c6d00000| PB 0x00000000c6d00000| Untracked 
| 109|0x00000000c6d00000, 0x00000000c6e00000, 0x00000000c6e00000|100%| O|  |TAMS 0x00000000c6e00000| PB 0x00000000c6e00000| Updating 
| 110|0x00000000c6e00000, 0x00000000c6f00000, 0x00000000c6f00000|100%| O|  |TAMS 0x00000000c6f00000| PB 0x00000000c6f00000| Updating 
| 111|0x00000000c6f00000, 0x00000000c7000000, 0x00000000c7000000|100%| O|  |TAMS 0x00000000c7000000| PB 0x00000000c7000000| Updating 
| 112|0x00000000c7000000, 0x00000000c7100000, 0x00000000c7100000|100%| O|  |TAMS 0x00000000c7100000| PB 0x00000000c7100000| Untracked 
| 113|0x00000000c7100000, 0x00000000c7200000, 0x00000000c7200000|100%| O|  |TAMS 0x00000000c7200000| PB 0x00000000c7200000| Updating 
| 114|0x00000000c7200000, 0x00000000c7300000, 0x00000000c7300000|100%| O|  |TAMS 0x00000000c7300000| PB 0x00000000c7300000| Untracked 
| 115|0x00000000c7300000, 0x00000000c7400000, 0x00000000c7400000|100%| O|  |TAMS 0x00000000c7400000| PB 0x00000000c7400000| Untracked 
| 116|0x00000000c7400000, 0x00000000c7500000, 0x00000000c7500000|100%| O|  |TAMS 0x00000000c7500000| PB 0x00000000c7500000| Updating 
| 117|0x00000000c7500000, 0x00000000c7600000, 0x00000000c7600000|100%| O|  |TAMS 0x00000000c7600000| PB 0x00000000c7600000| Untracked 
| 118|0x00000000c7600000, 0x00000000c7700000, 0x00000000c7700000|100%| O|  |TAMS 0x00000000c7700000| PB 0x00000000c7700000| Updating 
| 119|0x00000000c7700000, 0x00000000c7800000, 0x00000000c7800000|100%| O|  |TAMS 0x00000000c7800000| PB 0x00000000c7800000| Untracked 
| 120|0x00000000c7800000, 0x00000000c7900000, 0x00000000c7900000|100%| O|  |TAMS 0x00000000c7900000| PB 0x00000000c7900000| Untracked 
| 121|0x00000000c7900000, 0x00000000c7a00000, 0x00000000c7a00000|100%| O|  |TAMS 0x00000000c7a00000| PB 0x00000000c7a00000| Updating 
| 122|0x00000000c7a00000, 0x00000000c7b00000, 0x00000000c7b00000|100%| O|  |TAMS 0x00000000c7b00000| PB 0x00000000c7b00000| Updating 
| 123|0x00000000c7b00000, 0x00000000c7c00000, 0x00000000c7c00000|100%| O|  |TAMS 0x00000000c7c00000| PB 0x00000000c7c00000| Updating 
| 124|0x00000000c7c00000, 0x00000000c7d00000, 0x00000000c7d00000|100%|HS|  |TAMS 0x00000000c7d00000| PB 0x00000000c7c00000| Complete 
| 125|0x00000000c7d00000, 0x00000000c7e00000, 0x00000000c7e00000|100%|HS|  |TAMS 0x00000000c7e00000| PB 0x00000000c7d00000| Complete 
| 126|0x00000000c7e00000, 0x00000000c7f00000, 0x00000000c7f00000|100%|HC|  |TAMS 0x00000000c7f00000| PB 0x00000000c7e00000| Complete 
| 127|0x00000000c7f00000, 0x00000000c8000000, 0x00000000c8000000|100%|HC|  |TAMS 0x00000000c8000000| PB 0x00000000c7f00000| Complete 
| 128|0x00000000c8000000, 0x00000000c8100000, 0x00000000c8100000|100%| O|  |TAMS 0x00000000c8100000| PB 0x00000000c8100000| Untracked 
| 129|0x00000000c8100000, 0x00000000c8200000, 0x00000000c8200000|100%|HS|  |TAMS 0x00000000c8200000| PB 0x00000000c8100000| Complete 
| 130|0x00000000c8200000, 0x00000000c8300000, 0x00000000c8300000|100%|HC|  |TAMS 0x00000000c8300000| PB 0x00000000c8200000| Complete 
| 131|0x00000000c8300000, 0x00000000c8400000, 0x00000000c8400000|100%| O|  |TAMS 0x00000000c8400000| PB 0x00000000c8400000| Untracked 
| 132|0x00000000c8400000, 0x00000000c8500000, 0x00000000c8500000|100%| O|  |TAMS 0x00000000c8500000| PB 0x00000000c8500000| Untracked 
| 133|0x00000000c8500000, 0x00000000c8600000, 0x00000000c8600000|100%| O|  |TAMS 0x00000000c8600000| PB 0x00000000c8600000| Untracked 
| 134|0x00000000c8600000, 0x00000000c8700000, 0x00000000c8700000|100%| O|  |TAMS 0x00000000c8700000| PB 0x00000000c8700000| Untracked 
| 135|0x00000000c8700000, 0x00000000c8800000, 0x00000000c8800000|100%| O|  |TAMS 0x00000000c8800000| PB 0x00000000c8800000| Untracked 
| 136|0x00000000c8800000, 0x00000000c8900000, 0x00000000c8900000|100%| O|  |TAMS 0x00000000c8900000| PB 0x00000000c8900000| Untracked 
| 137|0x00000000c8900000, 0x00000000c8a00000, 0x00000000c8a00000|100%| O|  |TAMS 0x00000000c8a00000| PB 0x00000000c8a00000| Untracked 
| 138|0x00000000c8a00000, 0x00000000c8b00000, 0x00000000c8b00000|100%| O|  |TAMS 0x00000000c8b00000| PB 0x00000000c8b00000| Untracked 
| 139|0x00000000c8b00000, 0x00000000c8c00000, 0x00000000c8c00000|100%| O|  |TAMS 0x00000000c8b00000| PB 0x00000000c8b00000| Untracked 
| 140|0x00000000c8c00000, 0x00000000c8d00000, 0x00000000c8d00000|100%| O|  |TAMS 0x00000000c8c00000| PB 0x00000000c8c00000| Untracked 
| 141|0x00000000c8d00000, 0x00000000c8d4f808, 0x00000000c8e00000| 31%| O|  |TAMS 0x00000000c8d00000| PB 0x00000000c8d00000| Updating 
| 142|0x00000000c8e00000, 0x00000000c8f00000, 0x00000000c8f00000|100%| O|  |TAMS 0x00000000c8f00000| PB 0x00000000c8f00000| Updating 
| 143|0x00000000c8f00000, 0x00000000c9000000, 0x00000000c9000000|100%| O|  |TAMS 0x00000000c9000000| PB 0x00000000c9000000| Untracked 
| 144|0x00000000c9000000, 0x00000000c9100000, 0x00000000c9100000|100%| O|  |TAMS 0x00000000c9100000| PB 0x00000000c9100000| Untracked 
| 145|0x00000000c9100000, 0x00000000c9200000, 0x00000000c9200000|100%| O|  |TAMS 0x00000000c9176c00| PB 0x00000000c9176c00| Untracked 
| 146|0x00000000c9200000, 0x00000000c9200000, 0x00000000c9300000|  0%| F|  |TAMS 0x00000000c9200000| PB 0x00000000c9200000| Untracked 
| 147|0x00000000c9300000, 0x00000000c9300000, 0x00000000c9400000|  0%| F|  |TAMS 0x00000000c9300000| PB 0x00000000c9300000| Untracked 
| 148|0x00000000c9400000, 0x00000000c9400000, 0x00000000c9500000|  0%| F|  |TAMS 0x00000000c9400000| PB 0x00000000c9400000| Untracked 
| 149|0x00000000c9500000, 0x00000000c9500000, 0x00000000c9600000|  0%| F|  |TAMS 0x00000000c9500000| PB 0x00000000c9500000| Untracked 
| 150|0x00000000c9600000, 0x00000000c9600000, 0x00000000c9700000|  0%| F|  |TAMS 0x00000000c9600000| PB 0x00000000c9600000| Untracked 
| 151|0x00000000c9700000, 0x00000000c9700000, 0x00000000c9800000|  0%| F|  |TAMS 0x00000000c9700000| PB 0x00000000c9700000| Untracked 
| 152|0x00000000c9800000, 0x00000000c9800000, 0x00000000c9900000|  0%| F|  |TAMS 0x00000000c9800000| PB 0x00000000c9800000| Untracked 
| 153|0x00000000c9900000, 0x00000000c9900000, 0x00000000c9a00000|  0%| F|  |TAMS 0x00000000c9900000| PB 0x00000000c9900000| Untracked 
| 154|0x00000000c9a00000, 0x00000000c9a00000, 0x00000000c9b00000|  0%| F|  |TAMS 0x00000000c9a00000| PB 0x00000000c9a00000| Untracked 
| 155|0x00000000c9b00000, 0x00000000c9b00000, 0x00000000c9c00000|  0%| F|  |TAMS 0x00000000c9b00000| PB 0x00000000c9b00000| Untracked 
| 156|0x00000000c9c00000, 0x00000000c9c00000, 0x00000000c9d00000|  0%| F|  |TAMS 0x00000000c9c00000| PB 0x00000000c9c00000| Untracked 
| 157|0x00000000c9d00000, 0x00000000c9d00000, 0x00000000c9e00000|  0%| F|  |TAMS 0x00000000c9d00000| PB 0x00000000c9d00000| Untracked 
| 158|0x00000000c9e00000, 0x00000000c9e00000, 0x00000000c9f00000|  0%| F|  |TAMS 0x00000000c9e00000| PB 0x00000000c9e00000| Untracked 
| 159|0x00000000c9f00000, 0x00000000c9f00000, 0x00000000ca000000|  0%| F|  |TAMS 0x00000000c9f00000| PB 0x00000000c9f00000| Untracked 
| 160|0x00000000ca000000, 0x00000000ca000000, 0x00000000ca100000|  0%| F|  |TAMS 0x00000000ca000000| PB 0x00000000ca000000| Untracked 
| 161|0x00000000ca100000, 0x00000000ca100000, 0x00000000ca200000|  0%| F|  |TAMS 0x00000000ca100000| PB 0x00000000ca100000| Untracked 
| 162|0x00000000ca200000, 0x00000000ca200000, 0x00000000ca300000|  0%| F|  |TAMS 0x00000000ca200000| PB 0x00000000ca200000| Untracked 
| 163|0x00000000ca300000, 0x00000000ca300000, 0x00000000ca400000|  0%| F|  |TAMS 0x00000000ca300000| PB 0x00000000ca300000| Untracked 
| 164|0x00000000ca400000, 0x00000000ca400000, 0x00000000ca500000|  0%| F|  |TAMS 0x00000000ca400000| PB 0x00000000ca400000| Untracked 
| 165|0x00000000ca500000, 0x00000000ca500000, 0x00000000ca600000|  0%| F|  |TAMS 0x00000000ca500000| PB 0x00000000ca500000| Untracked 
| 166|0x00000000ca600000, 0x00000000ca600000, 0x00000000ca700000|  0%| F|  |TAMS 0x00000000ca600000| PB 0x00000000ca600000| Untracked 
| 167|0x00000000ca700000, 0x00000000ca7ce248, 0x00000000ca800000| 80%| S|CS|TAMS 0x00000000ca700000| PB 0x00000000ca700000| Complete 
| 168|0x00000000ca800000, 0x00000000ca900000, 0x00000000ca900000|100%| S|CS|TAMS 0x00000000ca800000| PB 0x00000000ca800000| Complete 
| 169|0x00000000ca900000, 0x00000000caa00000, 0x00000000caa00000|100%| S|CS|TAMS 0x00000000ca900000| PB 0x00000000ca900000| Complete 
| 170|0x00000000caa00000, 0x00000000cab00000, 0x00000000cab00000|100%| S|CS|TAMS 0x00000000caa00000| PB 0x00000000caa00000| Complete 
| 171|0x00000000cab00000, 0x00000000cac00000, 0x00000000cac00000|100%| S|CS|TAMS 0x00000000cab00000| PB 0x00000000cab00000| Complete 
| 172|0x00000000cac00000, 0x00000000cad00000, 0x00000000cad00000|100%| S|CS|TAMS 0x00000000cac00000| PB 0x00000000cac00000| Complete 
| 173|0x00000000cad00000, 0x00000000cad00000, 0x00000000cae00000|  0%| F|  |TAMS 0x00000000cad00000| PB 0x00000000cad00000| Untracked 
| 174|0x00000000cae00000, 0x00000000cae00000, 0x00000000caf00000|  0%| F|  |TAMS 0x00000000cae00000| PB 0x00000000cae00000| Untracked 
| 175|0x00000000caf00000, 0x00000000caf00000, 0x00000000cb000000|  0%| F|  |TAMS 0x00000000caf00000| PB 0x00000000caf00000| Untracked 
| 176|0x00000000cb000000, 0x00000000cb000000, 0x00000000cb100000|  0%| F|  |TAMS 0x00000000cb000000| PB 0x00000000cb000000| Untracked 
| 177|0x00000000cb100000, 0x00000000cb100000, 0x00000000cb200000|  0%| F|  |TAMS 0x00000000cb100000| PB 0x00000000cb100000| Untracked 
| 178|0x00000000cb200000, 0x00000000cb200000, 0x00000000cb300000|  0%| F|  |TAMS 0x00000000cb200000| PB 0x00000000cb200000| Untracked 
| 179|0x00000000cb300000, 0x00000000cb300000, 0x00000000cb400000|  0%| F|  |TAMS 0x00000000cb300000| PB 0x00000000cb300000| Untracked 
| 180|0x00000000cb400000, 0x00000000cb400000, 0x00000000cb500000|  0%| F|  |TAMS 0x00000000cb400000| PB 0x00000000cb400000| Untracked 
| 181|0x00000000cb500000, 0x00000000cb500000, 0x00000000cb600000|  0%| F|  |TAMS 0x00000000cb500000| PB 0x00000000cb500000| Untracked 
| 182|0x00000000cb600000, 0x00000000cb600000, 0x00000000cb700000|  0%| F|  |TAMS 0x00000000cb600000| PB 0x00000000cb600000| Untracked 
| 183|0x00000000cb700000, 0x00000000cb700000, 0x00000000cb800000|  0%| F|  |TAMS 0x00000000cb700000| PB 0x00000000cb700000| Untracked 
| 184|0x00000000cb800000, 0x00000000cb800000, 0x00000000cb900000|  0%| F|  |TAMS 0x00000000cb800000| PB 0x00000000cb800000| Untracked 
| 185|0x00000000cb900000, 0x00000000cb900000, 0x00000000cba00000|  0%| F|  |TAMS 0x00000000cb900000| PB 0x00000000cb900000| Untracked 
| 186|0x00000000cba00000, 0x00000000cba00000, 0x00000000cbb00000|  0%| F|  |TAMS 0x00000000cba00000| PB 0x00000000cba00000| Untracked 
| 187|0x00000000cbb00000, 0x00000000cbb00000, 0x00000000cbc00000|  0%| F|  |TAMS 0x00000000cbb00000| PB 0x00000000cbb00000| Untracked 
| 188|0x00000000cbc00000, 0x00000000cbc00000, 0x00000000cbd00000|  0%| F|  |TAMS 0x00000000cbc00000| PB 0x00000000cbc00000| Untracked 
| 189|0x00000000cbd00000, 0x00000000cbd00000, 0x00000000cbe00000|  0%| F|  |TAMS 0x00000000cbd00000| PB 0x00000000cbd00000| Untracked 
| 190|0x00000000cbe00000, 0x00000000cbe00000, 0x00000000cbf00000|  0%| F|  |TAMS 0x00000000cbe00000| PB 0x00000000cbe00000| Untracked 
| 191|0x00000000cbf00000, 0x00000000cbf00000, 0x00000000cc000000|  0%| F|  |TAMS 0x00000000cbf00000| PB 0x00000000cbf00000| Untracked 
| 192|0x00000000cc000000, 0x00000000cc000000, 0x00000000cc100000|  0%| F|  |TAMS 0x00000000cc000000| PB 0x00000000cc000000| Untracked 
| 193|0x00000000cc100000, 0x00000000cc100000, 0x00000000cc200000|  0%| F|  |TAMS 0x00000000cc100000| PB 0x00000000cc100000| Untracked 
| 194|0x00000000cc200000, 0x00000000cc200000, 0x00000000cc300000|  0%| F|  |TAMS 0x00000000cc200000| PB 0x00000000cc200000| Untracked 
| 195|0x00000000cc300000, 0x00000000cc300000, 0x00000000cc400000|  0%| F|  |TAMS 0x00000000cc300000| PB 0x00000000cc300000| Untracked 
| 196|0x00000000cc400000, 0x00000000cc400000, 0x00000000cc500000|  0%| F|  |TAMS 0x00000000cc400000| PB 0x00000000cc400000| Untracked 
| 197|0x00000000cc500000, 0x00000000cc500000, 0x00000000cc600000|  0%| F|  |TAMS 0x00000000cc500000| PB 0x00000000cc500000| Untracked 
| 198|0x00000000cc600000, 0x00000000cc600000, 0x00000000cc700000|  0%| F|  |TAMS 0x00000000cc600000| PB 0x00000000cc600000| Untracked 
| 199|0x00000000cc700000, 0x00000000cc700000, 0x00000000cc800000|  0%| F|  |TAMS 0x00000000cc700000| PB 0x00000000cc700000| Untracked 
| 200|0x00000000cc800000, 0x00000000cc800000, 0x00000000cc900000|  0%| F|  |TAMS 0x00000000cc800000| PB 0x00000000cc800000| Untracked 
| 201|0x00000000cc900000, 0x00000000cc900000, 0x00000000cca00000|  0%| F|  |TAMS 0x00000000cc900000| PB 0x00000000cc900000| Untracked 
| 202|0x00000000cca00000, 0x00000000cca00000, 0x00000000ccb00000|  0%| F|  |TAMS 0x00000000cca00000| PB 0x00000000cca00000| Untracked 
| 203|0x00000000ccb00000, 0x00000000ccb00000, 0x00000000ccc00000|  0%| F|  |TAMS 0x00000000ccb00000| PB 0x00000000ccb00000| Untracked 
| 204|0x00000000ccc00000, 0x00000000ccc00000, 0x00000000ccd00000|  0%| F|  |TAMS 0x00000000ccc00000| PB 0x00000000ccc00000| Untracked 
| 205|0x00000000ccd00000, 0x00000000ccd00000, 0x00000000cce00000|  0%| F|  |TAMS 0x00000000ccd00000| PB 0x00000000ccd00000| Untracked 
| 206|0x00000000cce00000, 0x00000000cce00000, 0x00000000ccf00000|  0%| F|  |TAMS 0x00000000cce00000| PB 0x00000000cce00000| Untracked 
| 207|0x00000000ccf00000, 0x00000000ccf00000, 0x00000000cd000000|  0%| F|  |TAMS 0x00000000ccf00000| PB 0x00000000ccf00000| Untracked 
| 208|0x00000000cd000000, 0x00000000cd000000, 0x00000000cd100000|  0%| F|  |TAMS 0x00000000cd000000| PB 0x00000000cd000000| Untracked 
| 209|0x00000000cd100000, 0x00000000cd100000, 0x00000000cd200000|  0%| F|  |TAMS 0x00000000cd100000| PB 0x00000000cd100000| Untracked 
| 210|0x00000000cd200000, 0x00000000cd200000, 0x00000000cd300000|  0%| F|  |TAMS 0x00000000cd200000| PB 0x00000000cd200000| Untracked 
| 211|0x00000000cd300000, 0x00000000cd300000, 0x00000000cd400000|  0%| F|  |TAMS 0x00000000cd300000| PB 0x00000000cd300000| Untracked 
| 212|0x00000000cd400000, 0x00000000cd400000, 0x00000000cd500000|  0%| F|  |TAMS 0x00000000cd400000| PB 0x00000000cd400000| Untracked 
| 213|0x00000000cd500000, 0x00000000cd500000, 0x00000000cd600000|  0%| F|  |TAMS 0x00000000cd500000| PB 0x00000000cd500000| Untracked 
| 214|0x00000000cd600000, 0x00000000cd600000, 0x00000000cd700000|  0%| F|  |TAMS 0x00000000cd600000| PB 0x00000000cd600000| Untracked 
| 215|0x00000000cd700000, 0x00000000cd700000, 0x00000000cd800000|  0%| F|  |TAMS 0x00000000cd700000| PB 0x00000000cd700000| Untracked 
| 216|0x00000000cd800000, 0x00000000cd800000, 0x00000000cd900000|  0%| F|  |TAMS 0x00000000cd800000| PB 0x00000000cd800000| Untracked 
| 217|0x00000000cd900000, 0x00000000cd900000, 0x00000000cda00000|  0%| F|  |TAMS 0x00000000cd900000| PB 0x00000000cd900000| Untracked 
| 218|0x00000000cda00000, 0x00000000cda00000, 0x00000000cdb00000|  0%| F|  |TAMS 0x00000000cda00000| PB 0x00000000cda00000| Untracked 
| 219|0x00000000cdb00000, 0x00000000cdb00000, 0x00000000cdc00000|  0%| F|  |TAMS 0x00000000cdb00000| PB 0x00000000cdb00000| Untracked 
| 220|0x00000000cdc00000, 0x00000000cdc00000, 0x00000000cdd00000|  0%| F|  |TAMS 0x00000000cdc00000| PB 0x00000000cdc00000| Untracked 
| 221|0x00000000cdd00000, 0x00000000cdd00000, 0x00000000cde00000|  0%| F|  |TAMS 0x00000000cdd00000| PB 0x00000000cdd00000| Untracked 
| 222|0x00000000cde00000, 0x00000000cde00000, 0x00000000cdf00000|  0%| F|  |TAMS 0x00000000cde00000| PB 0x00000000cde00000| Untracked 
| 223|0x00000000cdf00000, 0x00000000cdf00000, 0x00000000ce000000|  0%| F|  |TAMS 0x00000000cdf00000| PB 0x00000000cdf00000| Untracked 
| 224|0x00000000ce000000, 0x00000000ce000000, 0x00000000ce100000|  0%| F|  |TAMS 0x00000000ce000000| PB 0x00000000ce000000| Untracked 
| 225|0x00000000ce100000, 0x00000000ce100000, 0x00000000ce200000|  0%| F|  |TAMS 0x00000000ce100000| PB 0x00000000ce100000| Untracked 
| 226|0x00000000ce200000, 0x00000000ce200000, 0x00000000ce300000|  0%| F|  |TAMS 0x00000000ce200000| PB 0x00000000ce200000| Untracked 
| 227|0x00000000ce300000, 0x00000000ce300000, 0x00000000ce400000|  0%| F|  |TAMS 0x00000000ce300000| PB 0x00000000ce300000| Untracked 
| 228|0x00000000ce400000, 0x00000000ce400000, 0x00000000ce500000|  0%| F|  |TAMS 0x00000000ce400000| PB 0x00000000ce400000| Untracked 
| 229|0x00000000ce500000, 0x00000000ce500000, 0x00000000ce600000|  0%| F|  |TAMS 0x00000000ce500000| PB 0x00000000ce500000| Untracked 
| 230|0x00000000ce600000, 0x00000000ce600000, 0x00000000ce700000|  0%| F|  |TAMS 0x00000000ce600000| PB 0x00000000ce600000| Untracked 
| 231|0x00000000ce700000, 0x00000000ce700000, 0x00000000ce800000|  0%| F|  |TAMS 0x00000000ce700000| PB 0x00000000ce700000| Untracked 
| 232|0x00000000ce800000, 0x00000000ce800000, 0x00000000ce900000|  0%| F|  |TAMS 0x00000000ce800000| PB 0x00000000ce800000| Untracked 
| 233|0x00000000ce900000, 0x00000000ce900000, 0x00000000cea00000|  0%| F|  |TAMS 0x00000000ce900000| PB 0x00000000ce900000| Untracked 
| 234|0x00000000cea00000, 0x00000000cea00000, 0x00000000ceb00000|  0%| F|  |TAMS 0x00000000cea00000| PB 0x00000000cea00000| Untracked 
| 235|0x00000000ceb00000, 0x00000000ceb00000, 0x00000000cec00000|  0%| F|  |TAMS 0x00000000ceb00000| PB 0x00000000ceb00000| Untracked 
| 236|0x00000000cec00000, 0x00000000cec00000, 0x00000000ced00000|  0%| F|  |TAMS 0x00000000cec00000| PB 0x00000000cec00000| Untracked 
| 237|0x00000000ced00000, 0x00000000ced00000, 0x00000000cee00000|  0%| F|  |TAMS 0x00000000ced00000| PB 0x00000000ced00000| Untracked 
| 238|0x00000000cee00000, 0x00000000cee00000, 0x00000000cef00000|  0%| F|  |TAMS 0x00000000cee00000| PB 0x00000000cee00000| Untracked 
| 239|0x00000000cef00000, 0x00000000cef00000, 0x00000000cf000000|  0%| F|  |TAMS 0x00000000cef00000| PB 0x00000000cef00000| Untracked 
| 240|0x00000000cf000000, 0x00000000cf000000, 0x00000000cf100000|  0%| F|  |TAMS 0x00000000cf000000| PB 0x00000000cf000000| Untracked 
| 241|0x00000000cf100000, 0x00000000cf100000, 0x00000000cf200000|  0%| F|  |TAMS 0x00000000cf100000| PB 0x00000000cf100000| Untracked 
| 242|0x00000000cf200000, 0x00000000cf200000, 0x00000000cf300000|  0%| F|  |TAMS 0x00000000cf200000| PB 0x00000000cf200000| Untracked 
| 251|0x00000000cfb00000, 0x00000000cfb00000, 0x00000000cfc00000|  0%| F|  |TAMS 0x00000000cfb00000| PB 0x00000000cfb00000| Untracked 
|1013|0x00000000ff500000, 0x00000000ff500000, 0x00000000ff600000|  0%| F|  |TAMS 0x00000000ff500000| PB 0x00000000ff500000| Untracked 
|1014|0x00000000ff600000, 0x00000000ff600000, 0x00000000ff700000|  0%| F|  |TAMS 0x00000000ff600000| PB 0x00000000ff600000| Untracked 
|1015|0x00000000ff700000, 0x00000000ff800000, 0x00000000ff800000|100%| O|  |TAMS 0x00000000ff800000| PB 0x00000000ff800000| Untracked 
|1016|0x00000000ff800000, 0x00000000ff800000, 0x00000000ff900000|  0%| F|  |TAMS 0x00000000ff800000| PB 0x00000000ff800000| Untracked 
|1017|0x00000000ff900000, 0x00000000ffa00000, 0x00000000ffa00000|100%| E|  |TAMS 0x00000000ff900000| PB 0x00000000ff900000| Complete 
|1018|0x00000000ffa00000, 0x00000000ffb00000, 0x00000000ffb00000|100%| O|  |TAMS 0x00000000ffb00000| PB 0x00000000ffb00000| Untracked 
|1019|0x00000000ffb00000, 0x00000000ffc00000, 0x00000000ffc00000|100%| O|  |TAMS 0x00000000ffc00000| PB 0x00000000ffc00000| Untracked 
|1020|0x00000000ffc00000, 0x00000000ffd00000, 0x00000000ffd00000|100%| O|  |TAMS 0x00000000ffd00000| PB 0x00000000ffd00000| Untracked 
|1021|0x00000000ffd00000, 0x00000000ffe00000, 0x00000000ffe00000|100%| O|  |TAMS 0x00000000ffe00000| PB 0x00000000ffe00000| Updating 
|1022|0x00000000ffe00000, 0x00000000fff00000, 0x00000000fff00000|100%| O|  |TAMS 0x00000000fff00000| PB 0x00000000fff00000| Untracked 
|1023|0x00000000fff00000, 0x0000000100000000, 0x0000000100000000|100%| O|  |TAMS 0x0000000100000000| PB 0x0000000100000000| Untracked 

Card table byte_map: [0x00000245bc440000,0x00000245bc640000] _byte_map_base: 0x00000245bbe40000

Marking Bits: (CMBitMap*) 0x00000245a9b27c30
 Bits: [0x00000245bc640000, 0x00000245bd640000)

Polling page: 0x00000245a7900000

Metaspace:

Usage:
  Non-class:     89.62 MB used.
      Class:     14.98 MB used.
       Both:    104.60 MB used.

Virtual space:
  Non-class space:      128.00 MB reserved,      90.88 MB ( 71%) committed,  2 nodes.
      Class space:        1.00 GB reserved,      16.19 MB (  2%) committed,  1 nodes.
             Both:        1.12 GB reserved,     107.06 MB (  9%) committed. 

Chunk freelists:
   Non-Class:  4.67 MB
       Class:  15.85 MB
        Both:  20.53 MB

MaxMetaspaceSize: unlimited
CompressedClassSpaceSize: 1.00 GB
Initial GC threshold: 21.00 MB
Current GC threshold: 178.06 MB
CDS: on
 - commit_granule_bytes: 65536.
 - commit_granule_words: 8192.
 - virtual_space_node_default_size: 8388608.
 - enlarge_chunks_in_place: 1.
 - use_allocation_guard: 0.


Internal statistics:

num_allocs_failed_limit: 9.
num_arena_births: 4450.
num_arena_deaths: 0.
num_vsnodes_births: 3.
num_vsnodes_deaths: 0.
num_space_committed: 1713.
num_space_uncommitted: 0.
num_chunks_returned_to_freelist: 9.
num_chunks_taken_from_freelist: 9607.
num_chunk_merges: 6.
num_chunk_splits: 6209.
num_chunks_enlarged: 3822.
num_inconsistent_stats: 0.

CodeHeap 'non-profiled nmethods': size=120000Kb used=8285Kb max_used=8337Kb free=111714Kb
 bounds [0x00000245b47c0000, 0x00000245b4ff0000, 0x00000245bbcf0000]
CodeHeap 'profiled nmethods': size=120000Kb used=23482Kb max_used=23834Kb free=96517Kb
 bounds [0x00000245accf0000, 0x00000245ae440000, 0x00000245b4220000]
CodeHeap 'non-nmethods': size=5760Kb used=2793Kb max_used=2840Kb free=2966Kb
 bounds [0x00000245b4220000, 0x00000245b44f0000, 0x00000245b47c0000]
CodeCache: size=245760Kb, used=34560Kb, max_used=35011Kb, free=211197Kb
 total_blobs=13448, nmethods=12408, adapters=943, full_count=0
Compilation: enabled, stopped_count=0, restarted_count=0

Compilation events (20 events):
Event: 175.368 Thread 0x00000245c03203d0 nmethod 14981 0x00000245b4fe0410 code [0x00000245b4fe0680, 0x00000245b4fe1560]
Event: 176.413 Thread 0x00000245c03203d0 14982       4       org.gradle.internal.snapshot.AbstractFileSystemLocationSnapshot::roots (5 bytes)
Event: 176.416 Thread 0x00000245c03203d0 nmethod 14982 0x00000245b4fe1e90 code [0x00000245b4fe2020, 0x00000245b4fe21b8]
Event: 176.417 Thread 0x00000245c03203d0 14983       4       org.gradle.internal.execution.steps.AssignImmutableWorkspaceStep$$Lambda/0x00000245c25dc910::apply (10 bytes)
Event: 176.417 Thread 0x00000245c03203d0 nmethod 14983 0x00000245b4fe2310 code [0x00000245b4fe24a0, 0x00000245b4fe2568]
Event: 176.905 Thread 0x00000245c03203d0 14984       4       jdk.internal.misc.Unsafe::checkPrimitivePointer (19 bytes)
Event: 176.906 Thread 0x00000245c03203d0 nmethod 14984 0x00000245b4fe2610 code [0x00000245b4fe27a0, 0x00000245b4fe28f8]
Event: 177.078 Thread 0x00000245c03203d0 14985       4       org.gradle.cache.Cache::get (14 bytes)
Event: 177.086 Thread 0x00000245c03203d0 nmethod 14985 0x00000245b4fe2a90 code [0x00000245b4fe2ca0, 0x00000245b4fe2fe0]
Event: 177.096 Thread 0x00000245c03203d0 14986       4       java.lang.System::checkKey (34 bytes)
Event: 177.097 Thread 0x00000245c03203d0 nmethod 14986 0x00000245b4fe3410 code [0x00000245b4fe35a0, 0x00000245b4fe3650]
Event: 177.525 Thread 0x00000245c03203d0 14987       4       com.google.common.collect.CollectCollectors$$Lambda/0x00000245c23b6000::get (4 bytes)
Event: 177.526 Thread 0x00000245c03203d0 nmethod 14987 0x00000245b4fe3710 code [0x00000245b4fe38a0, 0x00000245b4fe3a98]
Event: 177.724 Thread 0x00000245c03203d0 14988       4       org.gradle.internal.Deferrable::map (10 bytes)
Event: 177.725 Thread 0x00000245c03203d0 nmethod 14988 0x00000245b4fe3b90 code [0x00000245b4fe3d20, 0x00000245b4fe3e20]
Event: 177.800 Thread 0x00000245c03203d0 14989       4       org.gradle.internal.execution.impl.DefaultFileNormalizationSpec::hashCode (29 bytes)
Event: 177.803 Thread 0x00000245c03203d0 nmethod 14989 0x00000245b4fe3f10 code [0x00000245b4fe40a0, 0x00000245b4fe4280]
Event: 177.935 Thread 0x00000245c03203d0 14990       4       org.gradle.api.internal.artifacts.transform.DefaultTransformInvocationFactory$$Lambda/0x00000245c279d2f0::apply (16 bytes)
Event: 178.466 Thread 0x00000245c0322bc0 14992       1       org.gradle.process.internal.health.memory.DefaultAvailableOsMemoryStatusAspect::getTotal (5 bytes)
Event: 178.466 Thread 0x00000245c0322bc0 nmethod 14992 0x00000245b4fe4390 code [0x00000245b4fe4520, 0x00000245b4fe45e8]

GC Heap History (20 events):
Event: 116.257 GC heap before
{Heap before GC invocations=49 (full 0):
 garbage-first heap   total 209920K, used 142759K [0x00000000c0000000, 0x0000000100000000)
  region size 1024K, 23 young (23552K), 5 survivors (5120K)
 Metaspace       used 103764K, committed 106176K, reserved 1179648K
  class space    used 14936K, committed 16128K, reserved 1048576K
}
Event: 116.272 GC heap after
{Heap after GC invocations=50 (full 0):
 garbage-first heap   total 209920K, used 127450K [0x00000000c0000000, 0x0000000100000000)
  region size 1024K, 7 young (7168K), 7 survivors (7168K)
 Metaspace       used 103764K, committed 106176K, reserved 1179648K
  class space    used 14936K, committed 16128K, reserved 1048576K
}
Event: 123.228 GC heap before
{Heap before GC invocations=51 (full 0):
 garbage-first heap   total 215040K, used 191962K [0x00000000c0000000, 0x0000000100000000)
  region size 1024K, 66 young (67584K), 7 survivors (7168K)
 Metaspace       used 105050K, committed 107456K, reserved 1179648K
  class space    used 14991K, committed 16192K, reserved 1048576K
}
Event: 123.248 GC heap after
{Heap after GC invocations=52 (full 0):
 garbage-first heap   total 215040K, used 134175K [0x00000000c0000000, 0x0000000100000000)
  region size 1024K, 9 young (9216K), 9 survivors (9216K)
 Metaspace       used 105050K, committed 107456K, reserved 1179648K
  class space    used 14991K, committed 16192K, reserved 1048576K
}
Event: 130.266 GC heap before
{Heap before GC invocations=52 (full 0):
 garbage-first heap   total 215040K, used 191519K [0x00000000c0000000, 0x0000000100000000)
  region size 1024K, 66 young (67584K), 9 survivors (9216K)
 Metaspace       used 105065K, committed 107456K, reserved 1179648K
  class space    used 14991K, committed 16192K, reserved 1048576K
}
Event: 130.293 GC heap after
{Heap after GC invocations=53 (full 0):
 garbage-first heap   total 215040K, used 136351K [0x00000000c0000000, 0x0000000100000000)
  region size 1024K, 6 young (6144K), 6 survivors (6144K)
 Metaspace       used 105065K, committed 107456K, reserved 1179648K
  class space    used 14991K, committed 16192K, reserved 1048576K
}
Event: 137.877 GC heap before
{Heap before GC invocations=53 (full 0):
 garbage-first heap   total 215040K, used 193695K [0x00000000c0000000, 0x0000000100000000)
  region size 1024K, 62 young (63488K), 6 survivors (6144K)
 Metaspace       used 105077K, committed 107456K, reserved 1179648K
  class space    used 14991K, committed 16192K, reserved 1048576K
}
Event: 137.890 GC heap after
{Heap after GC invocations=54 (full 0):
 garbage-first heap   total 215040K, used 136573K [0x00000000c0000000, 0x0000000100000000)
  region size 1024K, 5 young (5120K), 5 survivors (5120K)
 Metaspace       used 105077K, committed 107456K, reserved 1179648K
  class space    used 14991K, committed 16192K, reserved 1048576K
}
Event: 142.070 GC heap before
{Heap before GC invocations=55 (full 0):
 garbage-first heap   total 229376K, used 202109K [0x00000000c0000000, 0x0000000100000000)
  region size 1024K, 62 young (63488K), 5 survivors (5120K)
 Metaspace       used 105676K, committed 108096K, reserved 1179648K
  class space    used 15106K, committed 16320K, reserved 1048576K
}
Event: 142.083 GC heap after
{Heap after GC invocations=56 (full 0):
 garbage-first heap   total 229376K, used 150170K [0x00000000c0000000, 0x0000000100000000)
  region size 1024K, 8 young (8192K), 8 survivors (8192K)
 Metaspace       used 105676K, committed 108096K, reserved 1179648K
  class space    used 15106K, committed 16320K, reserved 1048576K
}
Event: 147.340 GC heap before
{Heap before GC invocations=56 (full 0):
 garbage-first heap   total 229376K, used 206490K [0x00000000c0000000, 0x0000000100000000)
  region size 1024K, 63 young (64512K), 8 survivors (8192K)
 Metaspace       used 106930K, committed 109376K, reserved 1179648K
  class space    used 15325K, committed 16576K, reserved 1048576K
}
Event: 147.369 GC heap after
{Heap after GC invocations=57 (full 0):
 garbage-first heap   total 229376K, used 154289K [0x00000000c0000000, 0x0000000100000000)
  region size 1024K, 8 young (8192K), 8 survivors (8192K)
 Metaspace       used 106930K, committed 109376K, reserved 1179648K
  class space    used 15325K, committed 16576K, reserved 1048576K
}
Event: 153.298 GC heap before
{Heap before GC invocations=57 (full 0):
 garbage-first heap   total 229376K, used 206513K [0x00000000c0000000, 0x0000000100000000)
  region size 1024K, 59 young (60416K), 8 survivors (8192K)
 Metaspace       used 106940K, committed 109376K, reserved 1179648K
  class space    used 15325K, committed 16576K, reserved 1048576K
}
Event: 153.310 GC heap after
{Heap after GC invocations=58 (full 0):
 garbage-first heap   total 229376K, used 155691K [0x00000000c0000000, 0x0000000100000000)
  region size 1024K, 3 young (3072K), 3 survivors (3072K)
 Metaspace       used 106940K, committed 109376K, reserved 1179648K
  class space    used 15325K, committed 16576K, reserved 1048576K
}
Event: 161.927 GC heap before
{Heap before GC invocations=59 (full 0):
 garbage-first heap   total 261120K, used 207915K [0x00000000c0000000, 0x0000000100000000)
  region size 1024K, 55 young (56320K), 3 survivors (3072K)
 Metaspace       used 106949K, committed 109440K, reserved 1179648K
  class space    used 15325K, committed 16576K, reserved 1048576K
}
Event: 161.935 GC heap after
{Heap after GC invocations=60 (full 0):
 garbage-first heap   total 261120K, used 158284K [0x00000000c0000000, 0x0000000100000000)
  region size 1024K, 6 young (6144K), 6 survivors (6144K)
 Metaspace       used 106949K, committed 109440K, reserved 1179648K
  class space    used 15325K, committed 16576K, reserved 1048576K
}
Event: 171.040 GC heap before
{Heap before GC invocations=60 (full 0):
 garbage-first heap   total 261120K, used 238156K [0x00000000c0000000, 0x0000000100000000)
  region size 1024K, 84 young (86016K), 6 survivors (6144K)
 Metaspace       used 107103K, committed 109568K, reserved 1179648K
  class space    used 15340K, committed 16576K, reserved 1048576K
}
Event: 171.064 GC heap after
{Heap after GC invocations=61 (full 0):
 garbage-first heap   total 261120K, used 160219K [0x00000000c0000000, 0x0000000100000000)
  region size 1024K, 10 young (10240K), 10 survivors (10240K)
 Metaspace       used 107103K, committed 109568K, reserved 1179648K
  class space    used 15340K, committed 16576K, reserved 1048576K
}
Event: 178.481 GC heap before
{Heap before GC invocations=61 (full 0):
 garbage-first heap   total 261120K, used 237019K [0x00000000c0000000, 0x0000000100000000)
  region size 1024K, 85 young (87040K), 10 survivors (10240K)
 Metaspace       used 107108K, committed 109632K, reserved 1179648K
  class space    used 15340K, committed 16576K, reserved 1048576K
}
Event: 179.001 GC heap after
{Heap after GC invocations=62 (full 0):
 garbage-first heap   total 261120K, used 161910K [0x00000000c0000000, 0x0000000100000000)
  region size 1024K, 6 young (6144K), 6 survivors (6144K)
 Metaspace       used 107108K, committed 109632K, reserved 1179648K
  class space    used 15340K, committed 16576K, reserved 1048576K
}

Dll operation events (15 events):
Event: 0.011 Loaded shared library C:\Users\ASUS\.antigravity\extensions\redhat.java-1.53.0-win32-x64\jre\21.0.10-win32-x86_64\bin\java.dll
Event: 0.073 Loaded shared library C:\Users\ASUS\.antigravity\extensions\redhat.java-1.53.0-win32-x64\jre\21.0.10-win32-x86_64\bin\zip.dll
Event: 0.092 Loaded shared library C:\Users\ASUS\.antigravity\extensions\redhat.java-1.53.0-win32-x64\jre\21.0.10-win32-x86_64\bin\instrument.dll
Event: 0.097 Loaded shared library C:\Users\ASUS\.antigravity\extensions\redhat.java-1.53.0-win32-x64\jre\21.0.10-win32-x86_64\bin\net.dll
Event: 0.098 Loaded shared library C:\Users\ASUS\.antigravity\extensions\redhat.java-1.53.0-win32-x64\jre\21.0.10-win32-x86_64\bin\nio.dll
Event: 0.101 Loaded shared library C:\Users\ASUS\.antigravity\extensions\redhat.java-1.53.0-win32-x64\jre\21.0.10-win32-x86_64\bin\zip.dll
Event: 0.330 Loaded shared library C:\Users\ASUS\.antigravity\extensions\redhat.java-1.53.0-win32-x64\jre\21.0.10-win32-x86_64\bin\jimage.dll
Event: 0.482 Loaded shared library C:\Users\ASUS\.antigravity\extensions\redhat.java-1.53.0-win32-x64\jre\21.0.10-win32-x86_64\bin\verify.dll
Event: 0.617 Loaded shared library C:\Users\ASUS\.gradle\native\c067742578af261105cb4f569cf0c3c89f3d7b1fecec35dd04571415982c5e48\windows-amd64\native-platform.dll
Event: 0.624 Loaded shared library C:\Users\ASUS\.gradle\native\100fb08df4bc3b14c8652ba06237920a3bd2aa13389f12d3474272988ae205f9\windows-amd64\native-platform-file-events.dll
Event: 1.437 Loaded shared library C:\Users\ASUS\.antigravity\extensions\redhat.java-1.53.0-win32-x64\jre\21.0.10-win32-x86_64\bin\management.dll
Event: 1.441 Loaded shared library C:\Users\ASUS\.antigravity\extensions\redhat.java-1.53.0-win32-x64\jre\21.0.10-win32-x86_64\bin\management_ext.dll
Event: 1.623 Loaded shared library C:\Users\ASUS\.antigravity\extensions\redhat.java-1.53.0-win32-x64\jre\21.0.10-win32-x86_64\bin\extnet.dll
Event: 1.808 Loaded shared library C:\Users\ASUS\.antigravity\extensions\redhat.java-1.53.0-win32-x64\jre\21.0.10-win32-x86_64\bin\sunmscapi.dll
Event: 32.142 Loaded shared library C:\Users\ASUS\.antigravity\extensions\redhat.java-1.53.0-win32-x64\jre\21.0.10-win32-x86_64\bin\rmi.dll

Deoptimization events (20 events):
Event: 168.557 Thread 0x00000246072e77e0 Uncommon trap: trap_request=0xffffff45 fr.pc=0x00000245b4bb0b70 relative=0x0000000000000cd0
Event: 168.557 Thread 0x00000246072e77e0 Uncommon trap: reason=unstable_if action=reinterpret pc=0x00000245b4bb0b70 method=java.util.concurrent.locks.ReentrantLock$FairSync.initialTryLock()Z @ 10 c2
Event: 168.557 Thread 0x00000246072e77e0 DEOPT PACKING pc=0x00000245b4bb0b70 sp=0x000000bd4e2f8560
Event: 168.557 Thread 0x00000246072e77e0 DEOPT UNPACKING pc=0x00000245b4274422 sp=0x000000bd4e2f8390 mode 2
Event: 169.399 Thread 0x00000246072e77e0 Uncommon trap: trap_request=0xffffffd6 fr.pc=0x00000245b4f62d34 relative=0x0000000000000834
Event: 169.399 Thread 0x00000246072e77e0 Uncommon trap: reason=array_check action=maybe_recompile pc=0x00000245b4f62d34 method=java.util.ComparableTimSort.binarySort([Ljava/lang/Object;III)V @ 193 c2
Event: 169.399 Thread 0x00000246072e77e0 DEOPT PACKING pc=0x00000245b4f62d34 sp=0x000000bd4e2f8950
Event: 169.399 Thread 0x00000246072e77e0 DEOPT UNPACKING pc=0x00000245b4274422 sp=0x000000bd4e2f88f0 mode 2
Event: 169.399 Thread 0x00000246072e77e0 Uncommon trap: trap_request=0xffffffd6 fr.pc=0x00000245b4f62bf8 relative=0x00000000000006f8
Event: 169.399 Thread 0x00000246072e77e0 Uncommon trap: reason=array_check action=maybe_recompile pc=0x00000245b4f62bf8 method=java.util.ComparableTimSort.binarySort([Ljava/lang/Object;III)V @ 215 c2
Event: 169.399 Thread 0x00000246072e77e0 DEOPT PACKING pc=0x00000245b4f62bf8 sp=0x000000bd4e2f8950
Event: 169.399 Thread 0x00000246072e77e0 DEOPT UNPACKING pc=0x00000245b4274422 sp=0x000000bd4e2f88f0 mode 2
Event: 169.399 Thread 0x00000246072e77e0 Uncommon trap: trap_request=0xffffffd6 fr.pc=0x00000245b4f62bf8 relative=0x00000000000006f8
Event: 169.399 Thread 0x00000246072e77e0 Uncommon trap: reason=array_check action=maybe_recompile pc=0x00000245b4f62bf8 method=java.util.ComparableTimSort.binarySort([Ljava/lang/Object;III)V @ 215 c2
Event: 169.399 Thread 0x00000246072e77e0 DEOPT PACKING pc=0x00000245b4f62bf8 sp=0x000000bd4e2f8950
Event: 169.399 Thread 0x00000246072e77e0 DEOPT UNPACKING pc=0x00000245b4274422 sp=0x000000bd4e2f88f0 mode 2
Event: 169.399 Thread 0x00000246072e77e0 Uncommon trap: trap_request=0xffffffd6 fr.pc=0x00000245b4f62d34 relative=0x0000000000000834
Event: 169.399 Thread 0x00000246072e77e0 Uncommon trap: reason=array_check action=maybe_recompile pc=0x00000245b4f62d34 method=java.util.ComparableTimSort.binarySort([Ljava/lang/Object;III)V @ 193 c2
Event: 169.399 Thread 0x00000246072e77e0 DEOPT PACKING pc=0x00000245b4f62d34 sp=0x000000bd4e2f8950
Event: 169.399 Thread 0x00000246072e77e0 DEOPT UNPACKING pc=0x00000245b4274422 sp=0x000000bd4e2f88f0 mode 2

Classes loaded (20 events):
Event: 116.739 Loading class java/util/AbstractCollectionBeanInfo
Event: 116.739 Loading class java/util/AbstractCollectionBeanInfo done
Event: 116.739 Loading class java/util/AbstractCollectionBeanInfo
Event: 116.739 Loading class java/util/AbstractCollectionBeanInfo done
Event: 116.739 Loading class java/util/AbstractCollectionCustomizer
Event: 116.739 Loading class java/util/AbstractCollectionCustomizer done
Event: 116.739 Loading class java/util/AbstractCollectionCustomizer
Event: 116.739 Loading class java/util/AbstractCollectionCustomizer done
Event: 116.740 Loading class sun/reflect/generics/reflectiveObjects/GenericArrayTypeImpl
Event: 116.741 Loading class sun/reflect/generics/reflectiveObjects/GenericArrayTypeImpl done
Event: 141.890 Loading class java/lang/EnumBeanInfo
Event: 141.890 Loading class java/lang/EnumBeanInfo done
Event: 141.890 Loading class java/lang/EnumBeanInfo
Event: 141.890 Loading class java/lang/EnumBeanInfo done
Event: 141.890 Loading class java/lang/EnumCustomizer
Event: 141.890 Loading class java/lang/EnumCustomizer done
Event: 141.890 Loading class java/lang/EnumCustomizer
Event: 141.891 Loading class java/lang/EnumCustomizer done
Event: 142.570 Loading class java/beans/IntrospectionException
Event: 142.571 Loading class java/beans/IntrospectionException done

Classes unloaded (0 events):
No events

Classes redefined (0 events):
No events

Internal exceptions (20 events):
Event: 142.590 Thread 0x00000246072e77e0 Exception <a 'java/lang/ClassNotFoundException'{0x00000000cc72a560}: com/android/build/gradle/internal/dsl/DefaultConfig$AgpDecorated_DecoratedCustomizer> (0x00000000cc72a560) 
thrown [s\src\hotspot\share\classfile\systemDictionary.cpp, line 312]
Event: 142.715 Thread 0x00000246072e77e0 Exception <a 'java/lang/ClassNotFoundException'{0x00000000cc6716f8}: com/android/build/gradle/internal/dsl/TestOptions_DecoratedBeanInfo> (0x00000000cc6716f8) 
thrown [s\src\hotspot\share\classfile\systemDictionary.cpp, line 312]
Event: 142.718 Thread 0x00000246072e77e0 Exception <a 'java/lang/ClassNotFoundException'{0x00000000cc67f2f0}: com/android/build/gradle/internal/dsl/TestOptionsBeanInfo> (0x00000000cc67f2f0) 
thrown [s\src\hotspot\share\classfile\systemDictionary.cpp, line 312]
Event: 142.720 Thread 0x00000246072e77e0 Exception <a 'java/lang/ClassNotFoundException'{0x00000000cc68d1f8}: com/android/build/gradle/internal/dsl/TestOptionsCustomizer> (0x00000000cc68d1f8) 
thrown [s\src\hotspot\share\classfile\systemDictionary.cpp, line 312]
Event: 142.722 Thread 0x00000246072e77e0 Exception <a 'java/lang/ClassNotFoundException'{0x00000000cc6b9ac8}: com/android/build/gradle/internal/dsl/TestOptions_DecoratedCustomizer> (0x00000000cc6b9ac8) 
thrown [s\src\hotspot\share\classfile\systemDictionary.cpp, line 312]
Event: 142.816 Thread 0x00000246072e77e0 Exception <a 'java/lang/ClassNotFoundException'{0x00000000cc52f900}: com/android/build/gradle/internal/dsl/TestOptions$UnitTestOptions_DecoratedBeanInfo> (0x00000000cc52f900) 
thrown [s\src\hotspot\share\classfile\systemDictionary.cpp, line 312]
Event: 142.817 Thread 0x00000246072e77e0 Exception <a 'java/lang/ClassNotFoundException'{0x00000000cc53c830}: com/android/build/gradle/internal/dsl/TestOptions$UnitTestOptionsBeanInfo> (0x00000000cc53c830) 
thrown [s\src\hotspot\share\classfile\systemDictionary.cpp, line 312]
Event: 142.818 Thread 0x00000246072e77e0 Exception <a 'java/lang/ClassNotFoundException'{0x00000000cc549498}: com/android/build/gradle/internal/dsl/TestOptions$UnitTestOptionsCustomizer> (0x00000000cc549498) 
thrown [s\src\hotspot\share\classfile\systemDictionary.cpp, line 312]
Event: 142.819 Thread 0x00000246072e77e0 Exception <a 'java/lang/ClassNotFoundException'{0x00000000cc55d548}: com/android/build/gradle/internal/dsl/TestOptions$UnitTestOptions_DecoratedCustomizer> (0x00000000cc55d548) 
thrown [s\src\hotspot\share\classfile\systemDictionary.cpp, line 312]
Event: 143.323 Thread 0x00000246072e77e0 Implicit null exception at 0x00000245b4f2efbe to 0x00000245b4f2f100
Event: 143.367 Thread 0x00000246072e77e0 Exception <a 'java/lang/ClassNotFoundException'{0x00000000cb7d5e18}: com/android/build/gradle/internal/api/LibraryVariantOutputImpl_DecoratedBeanInfo> (0x00000000cb7d5e18) 
thrown [s\src\hotspot\share\classfile\systemDictionary.cpp, line 312]
Event: 143.370 Thread 0x00000246072e77e0 Exception <a 'java/lang/ClassNotFoundException'{0x00000000cb7e0eb0}: com/android/build/gradle/internal/api/LibraryVariantOutputImplBeanInfo> (0x00000000cb7e0eb0) 
thrown [s\src\hotspot\share\classfile\systemDictionary.cpp, line 312]
Event: 143.371 Thread 0x00000246072e77e0 Exception <a 'java/lang/ClassNotFoundException'{0x00000000cb7ebfc8}: com/android/build/gradle/internal/api/LibraryVariantOutputImplCustomizer> (0x00000000cb7ebfc8) 
thrown [s\src\hotspot\share\classfile\systemDictionary.cpp, line 312]
Event: 143.375 Thread 0x00000246072e77e0 Exception <a 'java/lang/ClassNotFoundException'{0x00000000cb600440}: com/android/build/gradle/internal/api/LibraryVariantOutputImpl_DecoratedCustomizer> (0x00000000cb600440) 
thrown [s\src\hotspot\share\classfile\systemDictionary.cpp, line 312]
Event: 145.577 Thread 0x00000246072e77e0 Exception <a 'java/lang/ClassNotFoundException'{0x00000000caf0ce48}: build_370qn41nz2cls493l8k98t8gwBeanInfo> (0x00000000caf0ce48) 
thrown [s\src\hotspot\share\classfile\systemDictionary.cpp, line 312]
Event: 145.580 Thread 0x00000246072e77e0 Exception <a 'java/lang/ClassNotFoundException'{0x00000000caf13978}: build_370qn41nz2cls493l8k98t8gwCustomizer> (0x00000000caf13978) 
thrown [s\src\hotspot\share\classfile\systemDictionary.cpp, line 312]
Event: 167.037 Thread 0x00000246072e77e0 Exception <a 'java/lang/ClassNotFoundException'{0x00000000cd770950}: build_370qn41nz2cls493l8k98t8gwBeanInfo> (0x00000000cd770950) 
thrown [s\src\hotspot\share\classfile\systemDictionary.cpp, line 312]
Event: 167.037 Thread 0x00000246072e77e0 Exception <a 'java/lang/ClassNotFoundException'{0x00000000cd777420}: build_370qn41nz2cls493l8k98t8gwCustomizer> (0x00000000cd777420) 
thrown [s\src\hotspot\share\classfile\systemDictionary.cpp, line 312]
Event: 167.716 Thread 0x00000246072e77e0 Exception <a 'java/lang/ClassNotFoundException'{0x00000000ccf083a0}: build_6ngwwjsodtcb6k0dnt3i23n03BeanInfo> (0x00000000ccf083a0) 
thrown [s\src\hotspot\share\classfile\systemDictionary.cpp, line 312]
Event: 167.718 Thread 0x00000246072e77e0 Exception <a 'java/lang/ClassNotFoundException'{0x00000000ccf0eed0}: build_6ngwwjsodtcb6k0dnt3i23n03Customizer> (0x00000000ccf0eed0) 
thrown [s\src\hotspot\share\classfile\systemDictionary.cpp, line 312]

ZGC Phase Switch (0 events):
No events

VM Operations (20 events):
Event: 166.960 Executing safepoint VM operation: Cleanup done
Event: 167.972 Executing safepoint VM operation: Cleanup
Event: 167.972 Executing safepoint VM operation: Cleanup done
Event: 168.976 Executing safepoint VM operation: Cleanup
Event: 168.976 Executing safepoint VM operation: Cleanup done
Event: 169.979 Executing safepoint VM operation: Cleanup
Event: 169.979 Executing safepoint VM operation: Cleanup done
Event: 170.991 Executing safepoint VM operation: Cleanup
Event: 170.991 Executing safepoint VM operation: Cleanup done
Event: 171.040 Executing safepoint VM operation: G1CollectForAllocation (G1 Evacuation Pause)
Event: 171.064 Executing safepoint VM operation: G1CollectForAllocation (G1 Evacuation Pause) done
Event: 176.093 Executing safepoint VM operation: Cleanup
Event: 176.093 Executing safepoint VM operation: Cleanup done
Event: 177.094 Executing safepoint VM operation: Cleanup
Event: 177.094 Executing safepoint VM operation: Cleanup done
Event: 178.109 Executing safepoint VM operation: Cleanup
Event: 178.110 Executing safepoint VM operation: Cleanup done
Event: 178.481 Executing safepoint VM operation: G1CollectForAllocation (G1 Evacuation Pause)
Event: 179.001 Executing safepoint VM operation: G1CollectForAllocation (G1 Evacuation Pause) done
Event: 179.119 Executing safepoint VM operation: G1PauseRemark

Memory protections (0 events):
No events

Nmethod flushes (20 events):
Event: 182.054 Thread 0x00000245c02e3e00 flushing  nmethod 0x00000245acd12710
Event: 182.054 Thread 0x00000245c02e3e00 flushing  nmethod 0x00000245acd51b90
Event: 182.054 Thread 0x00000245c02e3e00 flushing  nmethod 0x00000245acfaad10
Event: 182.054 Thread 0x00000245c02e3e00 flushing  nmethod 0x00000245ad344b90
Event: 182.054 Thread 0x00000245c02e3e00 flushing  nmethod 0x00000245ad349c10
Event: 182.054 Thread 0x00000245c02e3e00 flushing  nmethod 0x00000245ad369390
Event: 182.054 Thread 0x00000245c02e3e00 flushing  nmethod 0x00000245ad37a910
Event: 182.054 Thread 0x00000245c02e3e00 flushing  nmethod 0x00000245ad3e7510
Event: 182.054 Thread 0x00000245c02e3e00 flushing  nmethod 0x00000245ad459890
Event: 182.054 Thread 0x00000245c02e3e00 flushing  nmethod 0x00000245ad467910
Event: 182.054 Thread 0x00000245c02e3e00 flushing  nmethod 0x00000245ad4b3b90
Event: 182.054 Thread 0x00000245c02e3e00 flushing  nmethod 0x00000245ad4b4510
Event: 182.054 Thread 0x00000245c02e3e00 flushing  nmethod 0x00000245ad4d7690
Event: 182.054 Thread 0x00000245c02e3e00 flushing  nmethod 0x00000245ad5dd110
Event: 182.054 Thread 0x00000245c02e3e00 flushing  nmethod 0x00000245ad5e1090
Event: 182.054 Thread 0x00000245c02e3e00 flushing  nmethod 0x00000245ad615210
Event: 182.054 Thread 0x00000245c02e3e00 flushing  nmethod 0x00000245ad78af10
Event: 182.054 Thread 0x00000245c02e3e00 flushing  nmethod 0x00000245ad78ba90
Event: 182.054 Thread 0x00000245c02e3e00 flushing  nmethod 0x00000245ad7b1a10
Event: 182.054 Thread 0x00000245c02e3e00 flushing  nmethod 0x00000245ad7f9710

Events (20 events):
Event: 104.351 Thread 0x00000246098a4030 Thread exited: 0x00000246098a4030
Event: 105.304 Thread 0x00000246072e77e0 Thread added: 0x000002460a0b4870
Event: 113.510 Thread 0x00000245c0322bc0 Thread added: 0x000002460b414150
Event: 115.289 Thread 0x000002460b414150 Thread exited: 0x000002460b414150
Event: 115.955 Thread 0x00000245c0322bc0 Thread added: 0x000002460b414150
Event: 115.971 Thread 0x00000246072e77e0 Thread added: 0x000002460a686e40
Event: 116.645 Thread 0x000002460b414150 Thread exited: 0x000002460b414150
Event: 116.810 Thread 0x00000245c0322bc0 Thread added: 0x000002460ae9eb90
Event: 117.176 Thread 0x000002460ae9eb90 Thread exited: 0x000002460ae9eb90
Event: 119.488 Thread 0x00000246072e8500 Thread added: 0x0000024609831470
Event: 133.562 Thread 0x000002460a402220 Thread exited: 0x000002460a402220
Event: 141.075 Thread 0x00000246072e77e0 Thread added: 0x000002460baf4390
Event: 142.009 Thread 0x00000245c0322bc0 Thread added: 0x000002460a7027b0
Event: 143.188 Thread 0x000002460a7027b0 Thread exited: 0x000002460a7027b0
Event: 145.539 Thread 0x00000246072e77e0 Thread added: 0x000002460baf6460
Event: 154.876 Thread 0x000002460a0b0040 Thread exited: 0x000002460a0b0040
Event: 167.006 Thread 0x00000246072e77e0 Thread added: 0x000002460c24e780
Event: 167.146 Thread 0x00000245c0322bc0 Thread added: 0x000002460a7027b0
Event: 167.681 Thread 0x00000246072e77e0 Thread added: 0x000002460c24cd40
Event: 168.013 Thread 0x000002460a7027b0 Thread exited: 0x000002460a7027b0


Dynamic libraries:
0x00007ff657a60000 - 0x00007ff657a6e000 	C:\Users\ASUS\.antigravity\extensions\redhat.java-1.53.0-win32-x64\jre\21.0.10-win32-x86_64\bin\java.exe
0x00007ff8f1ce0000 - 0x00007ff8f1f48000 	C:\Windows\SYSTEM32\ntdll.dll
0x00007ff8f0c20000 - 0x00007ff8f0ce9000 	C:\Windows\System32\KERNEL32.DLL
0x00007ff8ee9f0000 - 0x00007ff8eede1000 	C:\Windows\System32\KERNELBASE.dll
0x00007ff8ee730000 - 0x00007ff8ee87b000 	C:\Windows\System32\ucrtbase.dll
0x00007ff8b7050000 - 0x00007ff8b7068000 	C:\Users\ASUS\.antigravity\extensions\redhat.java-1.53.0-win32-x64\jre\21.0.10-win32-x86_64\bin\jli.dll
0x00007ff8b7030000 - 0x00007ff8b704e000 	C:\Users\ASUS\.antigravity\extensions\redhat.java-1.53.0-win32-x64\jre\21.0.10-win32-x86_64\bin\VCRUNTIME140.dll
0x00007ff8f0d60000 - 0x00007ff8f0f26000 	C:\Windows\System32\USER32.dll
0x00007ff8ed6c0000 - 0x00007ff8ed953000 	C:\Windows\WinSxS\amd64_microsoft.windows.common-controls_6595b64144ccf1df_6.0.26100.7824_none_3e0870b2e3345462\COMCTL32.dll
0x00007ff8eedf0000 - 0x00007ff8eee17000 	C:\Windows\System32\win32u.dll
0x00007ff8f0970000 - 0x00007ff8f099b000 	C:\Windows\System32\GDI32.dll
0x00007ff8f0b70000 - 0x00007ff8f0c19000 	C:\Windows\System32\msvcrt.dll
0x00007ff8ef720000 - 0x00007ff8ef84b000 	C:\Windows\System32\gdi32full.dll
0x00007ff8ee940000 - 0x00007ff8ee9e3000 	C:\Windows\System32\msvcp_win.dll
0x00007ff8f1230000 - 0x00007ff8f1261000 	C:\Windows\System32\IMM32.DLL
0x00007ff8b68f0000 - 0x00007ff8b68fc000 	C:\Users\ASUS\.antigravity\extensions\redhat.java-1.53.0-win32-x64\jre\21.0.10-win32-x86_64\bin\vcruntime140_1.dll
0x00007ff88d5d0000 - 0x00007ff88d65d000 	C:\Users\ASUS\.antigravity\extensions\redhat.java-1.53.0-win32-x64\jre\21.0.10-win32-x86_64\bin\msvcp140.dll
0x00007ff867ff0000 - 0x00007ff868d91000 	C:\Users\ASUS\.antigravity\extensions\redhat.java-1.53.0-win32-x64\jre\21.0.10-win32-x86_64\bin\server\jvm.dll
0x00007ff8efcd0000 - 0x00007ff8efd84000 	C:\Windows\System32\ADVAPI32.dll
0x00007ff8efd90000 - 0x00007ff8efe36000 	C:\Windows\System32\sechost.dll
0x00007ff8f00d0000 - 0x00007ff8f01e8000 	C:\Windows\System32\RPCRT4.dll
0x00007ff8f1780000 - 0x00007ff8f17f4000 	C:\Windows\System32\WS2_32.dll
0x00007ff8ee420000 - 0x00007ff8ee47e000 	C:\Windows\SYSTEM32\POWRPROF.dll
0x00007ff8e2790000 - 0x00007ff8e27c5000 	C:\Windows\SYSTEM32\WINMM.dll
0x00007ff8d88e0000 - 0x00007ff8d88eb000 	C:\Windows\SYSTEM32\VERSION.dll
0x00007ff8ee400000 - 0x00007ff8ee414000 	C:\Windows\SYSTEM32\UMPDC.dll
0x00007ff8eca30000 - 0x00007ff8eca4b000 	C:\Windows\SYSTEM32\kernel.appcore.dll
0x00007ff8b6210000 - 0x00007ff8b621a000 	C:\Users\ASUS\.antigravity\extensions\redhat.java-1.53.0-win32-x64\jre\21.0.10-win32-x86_64\bin\jimage.dll
0x00007ff8edd70000 - 0x00007ff8edfb2000 	C:\Windows\SYSTEM32\DBGHELP.DLL
0x00007ff8f13f0000 - 0x00007ff8f1776000 	C:\Windows\System32\combase.dll
0x00007ff8effe0000 - 0x00007ff8f00b7000 	C:\Windows\System32\OLEAUT32.dll
0x00007ff8edc60000 - 0x00007ff8edc9b000 	C:\Windows\SYSTEM32\dbgcore.DLL
0x00007ff8ef9d0000 - 0x00007ff8efa75000 	C:\Windows\System32\bcryptPrimitives.dll
0x00007ff8b5fe0000 - 0x00007ff8b5fef000 	C:\Users\ASUS\.antigravity\extensions\redhat.java-1.53.0-win32-x64\jre\21.0.10-win32-x86_64\bin\instrument.dll
0x00007ff8b1be0000 - 0x00007ff8b1c00000 	C:\Users\ASUS\.antigravity\extensions\redhat.java-1.53.0-win32-x64\jre\21.0.10-win32-x86_64\bin\java.dll
0x00007ff8f01f0000 - 0x00007ff8f0942000 	C:\Windows\System32\SHELL32.dll
0x00007ff8ee5c0000 - 0x00007ff8ee72a000 	C:\Windows\System32\wintypes.dll
0x00007ff8eeeb0000 - 0x00007ff8ef713000 	C:\Windows\System32\windows.storage.dll
0x00007ff8f0fc0000 - 0x00007ff8f10b6000 	C:\Windows\System32\SHCORE.dll
0x00007ff8efc60000 - 0x00007ff8efcc7000 	C:\Windows\System32\shlwapi.dll
0x00007ff8ee4e0000 - 0x00007ff8ee509000 	C:\Windows\SYSTEM32\profapi.dll
0x00007ff8af750000 - 0x00007ff8af768000 	C:\Users\ASUS\.antigravity\extensions\redhat.java-1.53.0-win32-x64\jre\21.0.10-win32-x86_64\bin\zip.dll
0x00007ff8b6180000 - 0x00007ff8b6190000 	C:\Users\ASUS\.antigravity\extensions\redhat.java-1.53.0-win32-x64\jre\21.0.10-win32-x86_64\bin\net.dll
0x00007ff8e5880000 - 0x00007ff8e59a7000 	C:\Windows\SYSTEM32\WINHTTP.dll
0x00007ff8ecff0000 - 0x00007ff8ed05b000 	C:\Windows\system32\mswsock.dll
0x00007ff8af730000 - 0x00007ff8af746000 	C:\Users\ASUS\.antigravity\extensions\redhat.java-1.53.0-win32-x64\jre\21.0.10-win32-x86_64\bin\nio.dll
0x00007ff8b5d20000 - 0x00007ff8b5d30000 	C:\Users\ASUS\.antigravity\extensions\redhat.java-1.53.0-win32-x64\jre\21.0.10-win32-x86_64\bin\verify.dll
0x00007ff8b65e0000 - 0x00007ff8b6607000 	C:\Users\ASUS\.gradle\native\c067742578af261105cb4f569cf0c3c89f3d7b1fecec35dd04571415982c5e48\windows-amd64\native-platform.dll
0x00007ff887d50000 - 0x00007ff887e94000 	C:\Users\ASUS\.gradle\native\100fb08df4bc3b14c8652ba06237920a3bd2aa13389f12d3474272988ae205f9\windows-amd64\native-platform-file-events.dll
0x00007ff8b5450000 - 0x00007ff8b545a000 	C:\Users\ASUS\.antigravity\extensions\redhat.java-1.53.0-win32-x64\jre\21.0.10-win32-x86_64\bin\management.dll
0x00007ff8b4560000 - 0x00007ff8b456c000 	C:\Users\ASUS\.antigravity\extensions\redhat.java-1.53.0-win32-x64\jre\21.0.10-win32-x86_64\bin\management_ext.dll
0x00007ff8f1800000 - 0x00007ff8f1808000 	C:\Windows\System32\PSAPI.DLL
0x00007ff8ee0e0000 - 0x00007ff8ee0fb000 	C:\Windows\SYSTEM32\CRYPTSP.dll
0x00007ff8ecb50000 - 0x00007ff8ecb89000 	C:\Windows\system32\rsaenh.dll
0x00007ff8ed0a0000 - 0x00007ff8ed0cb000 	C:\Windows\SYSTEM32\USERENV.dll
0x00007ff8ee4b0000 - 0x00007ff8ee4da000 	C:\Windows\SYSTEM32\bcrypt.dll
0x00007ff8ed520000 - 0x00007ff8ed52c000 	C:\Windows\SYSTEM32\CRYPTBASE.dll
0x00007ff8ec500000 - 0x00007ff8ec534000 	C:\Windows\SYSTEM32\IPHLPAPI.DLL
0x00007ff8f0960000 - 0x00007ff8f096a000 	C:\Windows\System32\NSI.dll
0x00007ff8b3f30000 - 0x00007ff8b3f39000 	C:\Users\ASUS\.antigravity\extensions\redhat.java-1.53.0-win32-x64\jre\21.0.10-win32-x86_64\bin\extnet.dll
0x00007ff8b4320000 - 0x00007ff8b432e000 	C:\Users\ASUS\.antigravity\extensions\redhat.java-1.53.0-win32-x64\jre\21.0.10-win32-x86_64\bin\sunmscapi.dll
0x00007ff8ef850000 - 0x00007ff8ef9c7000 	C:\Windows\System32\CRYPT32.dll
0x00007ff8ed680000 - 0x00007ff8ed6b0000 	C:\Windows\SYSTEM32\ncrypt.dll
0x00007ff8ed630000 - 0x00007ff8ed66f000 	C:\Windows\SYSTEM32\NTASN1.dll
0x00007ff8d9550000 - 0x00007ff8d9558000 	C:\Windows\system32\wshunix.dll
0x00007ff8b8cd0000 - 0x00007ff8b8ce8000 	C:\Windows\system32\napinsp.dll
0x00007ff8ec540000 - 0x00007ff8ec66c000 	C:\Windows\SYSTEM32\DNSAPI.dll
0x00007ff8b8dc0000 - 0x00007ff8b8dd2000 	C:\Windows\System32\winrnr.dll
0x00007ff8b55b0000 - 0x00007ff8b55d2000 	C:\Windows\system32\nlansp_c.dll
0x00007ff8b97e0000 - 0x00007ff8b97f6000 	C:\Windows\system32\wshbth.dll
0x00007ff8e2370000 - 0x00007ff8e237b000 	C:\Windows\System32\rasadhlp.dll
0x00007ff8e5e00000 - 0x00007ff8e5e86000 	C:\Windows\System32\fwpuclnt.dll
0x00007ff8edca0000 - 0x00007ff8edca7000 	C:\Users\ASUS\.antigravity\extensions\redhat.java-1.53.0-win32-x64\jre\21.0.10-win32-x86_64\bin\rmi.dll

JVMTI agents:
C:\Users\ASUS\.gradle\wrapper\dists\gradle-8.11.1-all\2qik7nd48slq1ooc2496ixf4i\gradle-8.11.1\lib\agents\gradle-instrumentation-agent-8.11.1.jar path:C:\Users\ASUS\.antigravity\extensions\redhat.java-1.53.0-win32-x64\jre\21.0.10-win32-x86_64\bin\instrument.dll, loaded, initialized, instrumentlib options:none

dbghelp: loaded successfully - version: 4.0.5 - missing functions: none
symbol engine: initialized successfully - sym options: 0x614 - pdb path: .;C:\Users\ASUS\.antigravity\extensions\redhat.java-1.53.0-win32-x64\jre\21.0.10-win32-x86_64\bin;C:\Windows\SYSTEM32;C:\Windows\WinSxS\amd64_microsoft.windows.common-controls_6595b64144ccf1df_6.0.26100.7824_none_3e0870b2e3345462;C:\Users\ASUS\.antigravity\extensions\redhat.java-1.53.0-win32-x64\jre\21.0.10-win32-x86_64\bin\server;C:\Users\ASUS\.gradle\native\c067742578af261105cb4f569cf0c3c89f3d7b1fecec35dd04571415982c5e48\windows-amd64;C:\Users\ASUS\.gradle\native\100fb08df4bc3b14c8652ba06237920a3bd2aa13389f12d3474272988ae205f9\windows-amd64

VM Arguments:
jvm_args: --add-opens=java.base/java.lang=ALL-UNNAMED --add-opens=java.base/java.lang.invoke=ALL-UNNAMED --add-opens=java.base/java.util=ALL-UNNAMED --add-opens=java.prefs/java.util.prefs=ALL-UNNAMED --add-exports=jdk.compiler/com.sun.tools.javac.api=ALL-UNNAMED --add-exports=jdk.compiler/com.sun.tools.javac.util=ALL-UNNAMED --add-opens=java.base/java.util=ALL-UNNAMED --add-opens=java.prefs/java.util.prefs=ALL-UNNAMED --add-opens=java.base/java.nio.charset=ALL-UNNAMED --add-opens=java.base/java.net=ALL-UNNAMED --add-opens=java.base/java.util.concurrent.atomic=ALL-UNNAMED --add-opens=java.xml/javax.xml.namespace=ALL-UNNAMED -Xmx1024m -Dfile.encoding=UTF-8 -Duser.country=IN -Duser.language=en -Duser.variant -javaagent:C:\Users\ASUS\.gradle\wrapper\dists\gradle-8.11.1-all\2qik7nd48slq1ooc2496ixf4i\gradle-8.11.1\lib\agents\gradle-instrumentation-agent-8.11.1.jar 
java_command: org.gradle.launcher.daemon.bootstrap.GradleDaemon 8.11.1
java_class_path (initial): C:\Users\ASUS\.gradle\wrapper\dists\gradle-8.11.1-all\2qik7nd48slq1ooc2496ixf4i\gradle-8.11.1\lib\gradle-daemon-main-8.11.1.jar
Launcher Type: SUN_STANDARD

[Global flags]
     intx CICompilerCount                          = 4                                         {product} {ergonomic}
     uint ConcGCThreads                            = 3                                         {product} {ergonomic}
     uint G1ConcRefinementThreads                  = 10                                        {product} {ergonomic}
   size_t G1HeapRegionSize                         = 1048576                                   {product} {ergonomic}
    uintx GCDrainStackTargetSize                   = 64                                        {product} {ergonomic}
   size_t InitialHeapSize                          = 264241152                                 {product} {ergonomic}
   size_t MarkStackSize                            = 4194304                                   {product} {ergonomic}
   size_t MaxHeapSize                              = 1073741824                                {product} {command line}
   size_t MaxNewSize                               = 643825664                                 {product} {ergonomic}
   size_t MinHeapDeltaBytes                        = 1048576                                   {product} {ergonomic}
   size_t MinHeapSize                              = 8388608                                   {product} {ergonomic}
    uintx NonNMethodCodeHeapSize                   = 5839372                                {pd product} {ergonomic}
    uintx NonProfiledCodeHeapSize                  = 122909434                              {pd product} {ergonomic}
    uintx ProfiledCodeHeapSize                     = 122909434                              {pd product} {ergonomic}
    uintx ReservedCodeCacheSize                    = 251658240                              {pd product} {ergonomic}
     bool SegmentedCodeCache                       = true                                      {product} {ergonomic}
   size_t SoftMaxHeapSize                          = 1073741824                             {manageable} {ergonomic}
     bool UseCompressedOops                        = true                           {product lp64_product} {ergonomic}
     bool UseG1GC                                  = true                                      {product} {ergonomic}
     bool UseLargePagesIndividualAllocation        = false                                  {pd product} {ergonomic}

Logging:
Log output configuration:
 #0: stdout all=warning uptime,level,tags foldmultilines=false
 #1: stderr all=off uptime,level,tags foldmultilines=false

Release file:
JAVA_VERSION="21.0.10" 
MODULES="java.base java.compiler java.datatransfer java.xml java.prefs java.desktop java.instrument java.logging java.management java.security.sasl java.naming java.rmi java.management.rmi java.net.http java.scripting java.security.jgss java.transaction.xa java.sql java.sql.rowset java.xml.crypto java.se java.smartcardio jdk.accessibility jdk.internal.jvmstat jdk.attach jdk.charsets jdk.internal.opt jdk.zipfs jdk.compiler jdk.crypto.ec jdk.crypto.cryptoki jdk.crypto.mscapi jdk.dynalink jdk.internal.ed jdk.editpad jdk.hotspot.agent jdk.httpserver jdk.internal.le jdk.internal.vm.ci jdk.internal.vm.compiler jdk.internal.vm.compiler.management jdk.jartool jdk.javadoc jdk.jcmd jdk.management jdk.management.agent jdk.jconsole jdk.jdeps jdk.jdwp.agent jdk.jdi jdk.jfr jdk.jshell jdk.jsobject jdk.jstatd jdk.localedata jdk.management.jfr jdk.naming.dns jdk.naming.rmi jdk.net jdk.nio.mapmode jdk.random jdk.sctp jdk.security.auth jdk.security.jgss jdk.unsupported jdk.unsupported.desktop jdk.xml.dom" 

Environment Variables:
JAVA_HOME=C:\Program Files\Eclipse Adoptium\jdk-17.0.17.10-hotspot\
PATH=C:\Program Files\Microsoft SDKs\Azure\CLI2\wbin;C:\Program Files\Eclipse Adoptium\jdk-17.0.17.10-hotspot\bin;C:\Windows\system32;C:\Windows;C:\Windows\System32\Wbem;C:\Windows\System32\WindowsPowerShell\v1.0\;C:\Windows\System32\OpenSSH\;C:\MinGW\bin;C:\Program Files\nodejs\;C:\Program Files\Git\cmd;C:\Program Files (x86)\Google\Cloud SDK\google-cloud-sdk\bin;C:\Program Files\Amazon\AWSCLIV2\;C:\Program Files\Docker\Docker\resources\bin;C:\Program Files\GitHub CLI\;C:\Program Files\Cloudflare\Cloudflare WARP\;C:\Users\ASUS\AppData\Local\Programs\Python\Python312\Scripts\;C:\Users\ASUS\AppData\Local\Programs\Python\Python312\;C:\Users\ASUS\AppData\Local\Microsoft\WindowsApps;C:\Users\ASUS\AppData\Local\Programs\Microsoft VS Code\bin;C:\Users\ASUS\AppData\Roaming\npm;C:\Users\ASUS\AppData\Local\Programs\Antigravity\bin;C:\Users\ASUS\.antigravity\extensions\flutter\bin;C:\Users\ASUS\.antigravity\extensions\flutter\bin;C:\Users\ASUS\AppData\Local\Programs\cursor\resources\app\bin;C:\Users\ASUS\AppData\Local\Microsoft\WinGet\Links;
USERNAME=ASUS
OS=Windows_NT
PROCESSOR_IDENTIFIER=Intel64 Family 6 Model 186 Stepping 2, GenuineIntel
TMP=C:\Users\ASUS\AppData\Local\Temp
TEMP=C:\Users\ASUS\AppData\Local\Temp




Periodic native trim disabled

---------------  S Y S T E M  ---------------

OS:
 Windows 11 , 64 bit Build 26100 (10.0.26100.7705)
OS uptime: 0 days 3:15 hours
Hyper-V role detected

CPU: total 12 (initial active 12) (6 cores per cpu, 2 threads per core) family 6 model 186 stepping 2 microcode 0x4124, cx8, cmov, fxsr, ht, mmx, 3dnowpref, sse, sse2, sse3, ssse3, sse4.1, sse4.2, popcnt, lzcnt, tsc, tscinvbit, avx, avx2, aes, erms, clmul, bmi1, bmi2, adx, sha, fma, vzeroupper, clflush, clflushopt, clwb, hv, serialize, rdtscp, rdpid, fsrm, f16c, cet_ibt, cet_ss
Processor Information for processor 0
  Max Mhz: 2100, Current Mhz: 2100, Mhz Limit: 2100
Processor Information for processor 1
  Max Mhz: 2100, Current Mhz: 2100, Mhz Limit: 2100
Processor Information for processor 2
  Max Mhz: 2100, Current Mhz: 2100, Mhz Limit: 2100
Processor Information for processor 3
  Max Mhz: 2100, Current Mhz: 2100, Mhz Limit: 2100
Processor Information for processor 4
  Max Mhz: 2100, Current Mhz: 2100, Mhz Limit: 2100
Processor Information for processor 5
  Max Mhz: 2100, Current Mhz: 2100, Mhz Limit: 2100
Processor Information for processor 6
  Max Mhz: 2100, Current Mhz: 2100, Mhz Limit: 2100
Processor Information for processor 7
  Max Mhz: 2100, Current Mhz: 2100, Mhz Limit: 2100
Processor Information for processor 8
  Max Mhz: 2100, Current Mhz: 1500, Mhz Limit: 1491
Processor Information for processor 9
  Max Mhz: 2100, Current Mhz: 1500, Mhz Limit: 1491
Processor Information for processor 10
  Max Mhz: 2100, Current Mhz: 1500, Mhz Limit: 1491
Processor Information for processor 11
  Max Mhz: 2100, Current Mhz: 1500, Mhz Limit: 1491

Memory: 4k page, system-wide physical 16016M (652M free)
TotalPageFile size 32400M (AvailPageFile size 4M)
current process WorkingSet (physical memory assigned to process): 472M, peak: 502M
current process commit charge ("private bytes"): 576M, peak: 609M

vm_info: OpenJDK 64-Bit Server VM (21.0.10+7-LTS) for windows-amd64 JRE (21.0.10+7-LTS), built on 2026-01-20T00:00:00Z by "admin" with MS VC++ 17.12 (VS2022)

END.
