#
# There is insufficient memory for the Java Runtime Environment to continue.
# Native memory allocation (malloc) failed to allocate 955056 bytes. Error detail: Chunk::new
# Possible reasons:
#   The system is out of physical RAM or swap space
#   This process is running with CompressedOops enabled, and the Java Heap may be blocking the growth of the native heap
# Possible solutions:
#   Reduce memory load on the system
#   Increase physical memory or swap space
#   Check if swap backing store is full
#   Decrease Java heap size (-Xmx/-Xms)
#   Decrease number of Java threads
#   Decrease Java thread stack sizes (-Xss)
#   Set larger code cache with -XX:ReservedCodeCacheSize=
#   JVM is running with Unscaled Compressed Oops mode in which the Java heap is
#     placed in the first 4GB address space. The Java Heap base address is the
#     maximum limit for the native heap growth. Please use -XX:HeapBaseMinAddress
#     to set the Java Heap base and to place the Java Heap above 4GB virtual address.
# This output file may be truncated or incomplete.
#
#  Out of Memory Error (arena.cpp:168), pid=52164, tid=44044
#
# JRE version: OpenJDK Runtime Environment Temurin-21.0.10+7 (21.0.10+7) (build 21.0.10+7-LTS)
# Java VM: OpenJDK 64-Bit Server VM Temurin-21.0.10+7 (21.0.10+7-LTS, mixed mode, sharing, tiered, compressed oops, compressed class ptrs, parallel gc, windows-amd64)
# No core dump will be written. Minidumps are not enabled by default on client versions of Windows
#

---------------  S U M M A R Y ------------

Command Line: --add-modules=ALL-SYSTEM --add-opens=java.base/java.util=ALL-UNNAMED --add-opens=java.base/java.lang=ALL-UNNAMED --add-opens=java.base/sun.nio.fs=ALL-UNNAMED -Declipse.application=org.eclipse.jdt.ls.core.id1 -Dosgi.bundles.defaultStartLevel=4 -Declipse.product=org.eclipse.jdt.ls.core.product -Djava.import.generatesMetadataFilesAtProjectRoot=false -DDetectVMInstallationsJob.disabled=true -Dfile.encoding=utf8 -XX:+UseParallelGC -XX:GCTimeRatio=4 -XX:AdaptiveSizePolicyWeight=90 -Dsun.zip.disableMemoryMapping=true -Xmx2G -Xms100m -Xlog:disable -javaagent:c:\Users\ASUS\.antigravity\extensions\redhat.java-1.53.0-win32-x64\lombok\lombok-1.18.39-4050.jar -XX:+HeapDumpOnOutOfMemoryError -XX:HeapDumpPath=c:\Users\ASUS\AppData\Roaming\Antigravity\User\workspaceStorage\924ae99c074a11817756a8568839e145\redhat.java -Daether.dependencyCollector.impl=bf c:\Users\ASUS\.antigravity\extensions\redhat.java-1.53.0-win32-x64\server\plugins\org.eclipse.equinox.launcher_1.7.100.v20251111-0406.jar -configuration c:\Users\ASUS\AppData\Roaming\Antigravity\User\globalStorage\redhat.java\1.53.0\config_win -data c:\Users\ASUS\AppData\Roaming\Antigravity\User\workspaceStorage\924ae99c074a11817756a8568839e145\redhat.java\jdt_ws --pipe=\\.\pipe\lsp-928b0ef93b6b1c7c256dd9fde077063f-sock

Host: 13th Gen Intel(R) Core(TM) i5-13420H, 12 cores, 15G,  Windows 11 , 64 bit Build 26100 (10.0.26100.7705)
Time: Fri Apr 10 17:50:30 2026 India Standard Time elapsed time: 79.141710 seconds (0d 0h 1m 19s)

---------------  T H R E A D  ---------------

Current thread (0x000001a8087da8d0):  JavaThread "C2 CompilerThread1" daemon [_thread_in_native, id=44044, stack(0x0000007671900000,0x0000007671a00000) (1024K)]


Current CompileTask:
C2:79141 5539   !   4       org.eclipse.osgi.internal.loader.classpath.ClasspathManager::defineClass (636 bytes)

Stack: [0x0000007671900000,0x0000007671a00000]
Native frames: (J=compiled Java code, j=interpreted, Vv=VM code, C=native code)
V  [jvm.dll+0x6d7a39]
V  [jvm.dll+0x8b4b26]
V  [jvm.dll+0x8b70de]
V  [jvm.dll+0x8b77c3]
V  [jvm.dll+0x284346]
V  [jvm.dll+0xc66ed]
V  [jvm.dll+0xc6c31]
V  [jvm.dll+0x2fb29e]
V  [jvm.dll+0x5fe884]
V  [jvm.dll+0x255b17]
V  [jvm.dll+0x255edd]
V  [jvm.dll+0x24e500]
V  [jvm.dll+0x24ba42]
V  [jvm.dll+0x1cb34e]
V  [jvm.dll+0x25b85d]
V  [jvm.dll+0x259dea]
V  [jvm.dll+0x3f857e]
V  [jvm.dll+0x85f59d]
V  [jvm.dll+0x6d626d]
C  [ucrtbase.dll+0x37b0]
C  [KERNEL32.DLL+0x2e8d7]
C  [ntdll.dll+0x8c40c]


---------------  P R O C E S S  ---------------

Threads class SMR info:
_java_thread_list=0x000001a8073434c0, length=46, elements={
0x000001a8238d6ea0, 0x000001a825d253e0, 0x000001a825c2ccd0, 0x000001a825d27dc0,
0x000001a825d2b450, 0x000001a825d2c520, 0x000001a825d2d720, 0x000001a87e9c5ac0,
0x000001a87e9e6980, 0x000001a87ebc6c50, 0x000001a87ec41000, 0x000001a8043bc030,
0x000001a804848dd0, 0x000001a8041ac5d0, 0x000001a804199bb0, 0x000001a87eb8f450,
0x000001a87eba2e30, 0x000001a804454ee0, 0x000001a804edb490, 0x000001a804edc840,
0x000001a804edae00, 0x000001a804edc1b0, 0x000001a804edced0, 0x000001a804edbb20,
0x000001a804eda0e0, 0x000001a804eda770, 0x000001a804c298d0, 0x000001a804c2a5f0,
0x000001a804c29f60, 0x000001a804c27170, 0x000001a804c27e90, 0x000001a804c27800,
0x000001a804c2ac80, 0x000001a804c2b310, 0x000001a804c2b9a0, 0x000001a804c28520,
0x000001a804c2c030, 0x000001a804c28bb0, 0x000001a804c2c6c0, 0x000001a804c29240,
0x000001a804c2cd50, 0x000001a804c2e790, 0x000001a804c2da70, 0x000001a804c2e100,
0x000001a806580720, 0x000001a8087da8d0
}

Java Threads: ( => current thread )
  0x000001a8238d6ea0 JavaThread "main"                              [_thread_blocked, id=37816, stack(0x000000766e500000,0x000000766e600000) (1024K)]
  0x000001a825d253e0 JavaThread "Reference Handler"          daemon [_thread_blocked, id=36536, stack(0x000000766e900000,0x000000766ea00000) (1024K)]
  0x000001a825c2ccd0 JavaThread "Finalizer"                  daemon [_thread_blocked, id=65468, stack(0x000000766ea00000,0x000000766eb00000) (1024K)]
  0x000001a825d27dc0 JavaThread "Signal Dispatcher"          daemon [_thread_blocked, id=35076, stack(0x000000766eb00000,0x000000766ec00000) (1024K)]
  0x000001a825d2b450 JavaThread "Attach Listener"            daemon [_thread_blocked, id=44188, stack(0x000000766ec00000,0x000000766ed00000) (1024K)]
  0x000001a825d2c520 JavaThread "Service Thread"             daemon [_thread_blocked, id=34928, stack(0x000000766ed00000,0x000000766ee00000) (1024K)]
  0x000001a825d2d720 JavaThread "Monitor Deflation Thread"   daemon [_thread_blocked, id=11920, stack(0x000000766ee00000,0x000000766ef00000) (1024K)]
  0x000001a87e9c5ac0 JavaThread "C2 CompilerThread0"         daemon [_thread_in_native, id=64664, stack(0x000000766ef00000,0x000000766f000000) (1024K)]
  0x000001a87e9e6980 JavaThread "C1 CompilerThread0"         daemon [_thread_blocked, id=26852, stack(0x000000766f000000,0x000000766f100000) (1024K)]
  0x000001a87ebc6c50 JavaThread "Common-Cleaner"             daemon [_thread_blocked, id=46508, stack(0x000000766f100000,0x000000766f200000) (1024K)]
  0x000001a87ec41000 JavaThread "Notification Thread"        daemon [_thread_blocked, id=34712, stack(0x000000766f300000,0x000000766f400000) (1024K)]
  0x000001a8043bc030 JavaThread "Active Thread: Equinox Container: 1764a992-283c-4e60-9191-ac1781c5fd99"        [_thread_blocked, id=15904, stack(0x000000766fb00000,0x000000766fc00000) (1024K)]
  0x000001a804848dd0 JavaThread "Refresh Thread: Equinox Container: 1764a992-283c-4e60-9191-ac1781c5fd99" daemon [_thread_blocked, id=35724, stack(0x000000766f400000,0x000000766f500000) (1024K)]
  0x000001a8041ac5d0 JavaThread "Framework Event Dispatcher: Equinox Container: 1764a992-283c-4e60-9191-ac1781c5fd99" daemon [_thread_blocked, id=59068, stack(0x000000766fc00000,0x000000766fd00000) (1024K)]
  0x000001a804199bb0 JavaThread "Start Level: Equinox Container: 1764a992-283c-4e60-9191-ac1781c5fd99" daemon [_thread_blocked, id=26484, stack(0x000000766fd00000,0x000000766fe00000) (1024K)]
  0x000001a87eb8f450 JavaThread "Bundle File Closer"         daemon [_thread_blocked, id=37136, stack(0x0000007670000000,0x0000007670100000) (1024K)]
  0x000001a87eba2e30 JavaThread "SCR Component Actor"        daemon [_thread_blocked, id=60012, stack(0x0000007670100000,0x0000007670200000) (1024K)]
  0x000001a804454ee0 JavaThread "Worker-JM"                         [_thread_blocked, id=37368, stack(0x0000007670300000,0x0000007670400000) (1024K)]
  0x000001a804edb490 JavaThread "JNA Cleaner"                daemon [_thread_blocked, id=65560, stack(0x0000007670200000,0x0000007670300000) (1024K)]
  0x000001a804edc840 JavaThread "Worker-0: Repository registry initialization"        [_thread_in_vm, id=55636, stack(0x0000007670400000,0x0000007670500000) (1024K)]
  0x000001a804edae00 JavaThread "Worker-1: Updating Maven Dependencies"        [_thread_blocked, id=59448, stack(0x0000007670500000,0x0000007670600000) (1024K)]
  0x000001a804edc1b0 JavaThread "Worker-2: Initialize After Load"        [_thread_blocked, id=61108, stack(0x000000766e200000,0x000000766e300000) (1024K)]
  0x000001a804edced0 JavaThread "Worker-3"                          [_thread_blocked, id=61164, stack(0x000000766e400000,0x000000766e500000) (1024K)]
  0x000001a804edbb20 JavaThread "Java indexing"              daemon [_thread_blocked, id=7408, stack(0x0000007670600000,0x0000007670700000) (1024K)]
  0x000001a804eda0e0 JavaThread "Worker-4"                          [_thread_blocked, id=53420, stack(0x0000007670700000,0x0000007670800000) (1024K)]
  0x000001a804eda770 JavaThread "Worker-5: Synchronize Gradle projects with workspace"        [_thread_blocked, id=42908, stack(0x0000007670a00000,0x0000007670b00000) (1024K)]
  0x000001a804c298d0 JavaThread "Thread-1"                   daemon [_thread_in_native, id=38580, stack(0x0000007670b00000,0x0000007670c00000) (1024K)]
  0x000001a804c2a5f0 JavaThread "Thread-2"                   daemon [_thread_in_native, id=46252, stack(0x0000007670c00000,0x0000007670d00000) (1024K)]
  0x000001a804c29f60 JavaThread "Thread-3"                   daemon [_thread_in_native, id=40744, stack(0x0000007670d00000,0x0000007670e00000) (1024K)]
  0x000001a804c27170 JavaThread "Thread-4"                   daemon [_thread_in_native, id=13808, stack(0x0000007670e00000,0x0000007670f00000) (1024K)]
  0x000001a804c27e90 JavaThread "Thread-5"                   daemon [_thread_in_native, id=40612, stack(0x0000007670f00000,0x0000007671000000) (1024K)]
  0x000001a804c27800 JavaThread "Thread-6"                   daemon [_thread_in_native, id=39100, stack(0x0000007671000000,0x0000007671100000) (1024K)]
  0x000001a804c2ac80 JavaThread "Thread-7"                   daemon [_thread_in_native, id=58068, stack(0x0000007671100000,0x0000007671200000) (1024K)]
  0x000001a804c2b310 JavaThread "Thread-8"                   daemon [_thread_in_native, id=49808, stack(0x0000007671200000,0x0000007671300000) (1024K)]
  0x000001a804c2b9a0 JavaThread "Thread-9"                   daemon [_thread_in_native, id=11356, stack(0x0000007671300000,0x0000007671400000) (1024K)]
  0x000001a804c28520 JavaThread "Thread-10"                  daemon [_thread_in_native, id=41728, stack(0x0000007671400000,0x0000007671500000) (1024K)]
  0x000001a804c2c030 JavaThread "Thread-11"                  daemon [_thread_in_native, id=55724, stack(0x0000007671500000,0x0000007671600000) (1024K)]
  0x000001a804c28bb0 JavaThread "Thread-12"                  daemon [_thread_in_native, id=28212, stack(0x0000007671600000,0x0000007671700000) (1024K)]
  0x000001a804c2c6c0 JavaThread "Thread-13"                  daemon [_thread_in_native, id=64000, stack(0x0000007671700000,0x0000007671800000) (1024K)]
  0x000001a804c29240 JavaThread "pool-2-thread-1"                   [_thread_blocked, id=54344, stack(0x0000007671800000,0x0000007671900000) (1024K)]
  0x000001a804c2cd50 JavaThread "Timer-0"                           [_thread_blocked, id=29000, stack(0x0000007671a00000,0x0000007671b00000) (1024K)]
  0x000001a804c2e790 JavaThread "Timer-1"                           [_thread_blocked, id=44952, stack(0x0000007671b00000,0x0000007671c00000) (1024K)]
  0x000001a804c2da70 JavaThread "WorkspaceEventsHandler"            [_thread_blocked, id=67108, stack(0x0000007671c00000,0x0000007671d00000) (1024K)]
  0x000001a804c2e100 JavaThread "pool-1-thread-1"                   [_thread_blocked, id=40820, stack(0x0000007671d00000,0x0000007671e00000) (1024K)]
  0x000001a806580720 JavaThread "Connection worker"                 [_thread_in_native, id=4816, stack(0x0000007671e00000,0x0000007671f00000) (1024K)]
=>0x000001a8087da8d0 JavaThread "C2 CompilerThread1"         daemon [_thread_in_native, id=44044, stack(0x0000007671900000,0x0000007671a00000) (1024K)]
Total: 46

Other Threads:
  0x000001a825c13bd0 VMThread "VM Thread"                           [id=23684, stack(0x000000766e800000,0x000000766e900000) (1024K)]
  0x000001a825b0ca00 WatcherThread "VM Periodic Task Thread"        [id=60976, stack(0x000000766e700000,0x000000766e800000) (1024K)]
  0x000001a825c9b9e0 WorkerThread "GC Thread#0"                     [id=20948, stack(0x000000766e600000,0x000000766e700000) (1024K)]
  0x000001a804477780 WorkerThread "GC Thread#1"                     [id=59296, stack(0x000000766f500000,0x000000766f600000) (1024K)]
  0x000001a804730140 WorkerThread "GC Thread#2"                     [id=42152, stack(0x000000766f600000,0x000000766f700000) (1024K)]
  0x000001a8046e4a80 WorkerThread "GC Thread#3"                     [id=38588, stack(0x000000766f700000,0x000000766f800000) (1024K)]
  0x000001a8046e4e30 WorkerThread "GC Thread#4"                     [id=8764, stack(0x000000766f800000,0x000000766f900000) (1024K)]
  0x000001a8046e51e0 WorkerThread "GC Thread#5"                     [id=62096, stack(0x000000766f900000,0x000000766fa00000) (1024K)]
  0x000001a8047cb740 WorkerThread "GC Thread#6"                     [id=55676, stack(0x000000766fa00000,0x000000766fb00000) (1024K)]
  0x000001a87ec542a0 WorkerThread "GC Thread#7"                     [id=54872, stack(0x000000766f200000,0x000000766f300000) (1024K)]
  0x000001a804150ba0 WorkerThread "GC Thread#8"                     [id=27436, stack(0x000000766fe00000,0x000000766ff00000) (1024K)]
  0x000001a87ec27d40 WorkerThread "GC Thread#9"                     [id=9164, stack(0x000000766ff00000,0x0000007670000000) (1024K)]
Total: 12

Threads with active compile tasks:
C2 CompilerThread0  79205 5597 %     4       java.util.regex.Pattern::compile @ 73 (537 bytes)
C2 CompilerThread1  79208 5539   !   4       org.eclipse.osgi.internal.loader.classpath.ClasspathManager::defineClass (636 bytes)
Total: 2

VM state: not at safepoint (normal execution)

VM Mutex/Monitor currently owned by a thread: None

Heap address: 0x0000000080000000, size: 2048 MB, Compressed Oops mode: 32-bit

CDS archive(s) mapped at: [0x000001a83d000000-0x000001a83dba0000-0x000001a83dba0000), size 12189696, SharedBaseAddress: 0x000001a83d000000, ArchiveRelocationMode: 1.
Compressed class space mapped at: 0x000001a83e000000-0x000001a87e000000, reserved size: 1073741824
Narrow klass base: 0x000001a83d000000, Narrow klass shift: 0, Narrow klass range: 0x100000000

GC Precious Log:
 CardTable entry size: 512
 CPUs: 12 total, 12 available
 Memory: 16016M
 Large Page Support: Disabled
 NUMA Support: Disabled
 Compressed Oops: Enabled (32-bit)
 Alignments: Space 512K, Generation 512K, Heap 2M
 Heap Min Capacity: 100M
 Heap Initial Capacity: 100M
 Heap Max Capacity: 2G
 Pre-touch: Disabled
 Parallel Workers: 10

Heap:
 PSYoungGen      total 23040K, used 19904K [0x00000000d5580000, 0x00000000d7000000, 0x0000000100000000)
  eden space 22016K, 86% used [0x00000000d5580000,0x00000000d68101a0,0x00000000d6b00000)
  from space 1024K, 87% used [0x00000000d6f00000,0x00000000d6fe0000,0x00000000d7000000)
  to   space 1536K, 0% used [0x00000000d6d00000,0x00000000d6d00000,0x00000000d6e80000)
 ParOldGen       total 68608K, used 21328K [0x0000000080000000, 0x0000000084300000, 0x00000000d5580000)
  object space 68608K, 31% used [0x0000000080000000,0x00000000814d4320,0x0000000084300000)
 Metaspace       used 43671K, committed 44864K, reserved 1114112K
  class space    used 4808K, committed 5312K, reserved 1048576K

Card table byte_map: [0x000001a825620000,0x000001a825a30000] _byte_map_base: 0x000001a825220000

Marking Bits: (ParMarkBitMap*) 0x00007ffe8a963450
 Begin Bits: [0x000001a838130000, 0x000001a83a130000)
 End Bits:   [0x000001a83a130000, 0x000001a83c130000)

Polling page: 0x000001a823870000

Metaspace:

Usage:
  Non-class:     37.95 MB used.
      Class:      4.70 MB used.
       Both:     42.65 MB used.

Virtual space:
  Non-class space:       64.00 MB reserved,      38.62 MB ( 60%) committed,  1 nodes.
      Class space:        1.00 GB reserved,       5.19 MB ( <1%) committed,  1 nodes.
             Both:        1.06 GB reserved,      43.81 MB (  4%) committed. 

Chunk freelists:
   Non-Class:  9.31 MB
       Class:  10.72 MB
        Both:  20.03 MB

MaxMetaspaceSize: unlimited
CompressedClassSpaceSize: 1.00 GB
Initial GC threshold: 21.00 MB
Current GC threshold: 58.38 MB
CDS: on
 - commit_granule_bytes: 65536.
 - commit_granule_words: 8192.
 - virtual_space_node_default_size: 8388608.
 - enlarge_chunks_in_place: 1.
 - use_allocation_guard: 0.


Internal statistics:

num_allocs_failed_limit: 6.
num_arena_births: 818.
num_arena_deaths: 32.
num_vsnodes_births: 2.
num_vsnodes_deaths: 0.
num_space_committed: 701.
num_space_uncommitted: 0.
num_chunks_returned_to_freelist: 40.
num_chunks_taken_from_freelist: 2882.
num_chunk_merges: 9.
num_chunk_splits: 1705.
num_chunks_enlarged: 894.
num_inconsistent_stats: 0.

CodeHeap 'non-profiled nmethods': size=120000Kb used=3020Kb max_used=3020Kb free=116979Kb
 bounds [0x000001a830950000, 0x000001a830c50000, 0x000001a837e80000]
CodeHeap 'profiled nmethods': size=120000Kb used=10823Kb max_used=10823Kb free=109176Kb
 bounds [0x000001a828e80000, 0x000001a829920000, 0x000001a8303b0000]
CodeHeap 'non-nmethods': size=5760Kb used=1366Kb max_used=1421Kb free=4393Kb
 bounds [0x000001a8303b0000, 0x000001a830620000, 0x000001a830950000]
CodeCache: size=245760Kb, used=15209Kb, max_used=15264Kb, free=230548Kb
 total_blobs=5700, nmethods=5035, adapters=571, full_count=0
Compilation: enabled, stopped_count=0, restarted_count=0

Compilation events (20 events):
Event: 76.851 Thread 0x000001a87e9e6980 nmethod 5587 0x000001a828ef7490 code [0x000001a828ef76c0, 0x000001a828ef7fd8]
Event: 76.861 Thread 0x000001a87e9e6980 5588       3       com.google.inject.spi.InjectionPoint$$Lambda/0x000001a83e4266f0::<init> (10 bytes)
Event: 76.861 Thread 0x000001a87e9e6980 nmethod 5588 0x000001a828f3d890 code [0x000001a828f3da40, 0x000001a828f3dbc8]
Event: 76.861 Thread 0x000001a87e9e6980 5589       3       com.google.common.collect.Iterables::getOnlyElement (11 bytes)
Event: 76.862 Thread 0x000001a87e9e6980 nmethod 5589 0x000001a828ef6d90 code [0x000001a828ef6f80, 0x000001a828ef7308]
Event: 76.862 Thread 0x000001a87e9e6980 5590       3       com.google.inject.spi.InjectionPoint::<init> (67 bytes)
Event: 76.863 Thread 0x000001a87e9e6980 nmethod 5590 0x000001a828ef6110 code [0x000001a828ef6320, 0x000001a828ef6a70]
Event: 76.863 Thread 0x000001a87e9e6980 5591       3       java.util.Arrays$ArrayList::indexOf (62 bytes)
Event: 76.863 Thread 0x000001a87e9e6980 nmethod 5591 0x000001a828ef5910 code [0x000001a828ef5b00, 0x000001a828ef5f58]
Event: 76.881 Thread 0x000001a87e9c5ac0 5592       4       java.util.HashSet::iterator (13 bytes)
Event: 76.893 Thread 0x000001a87e9c5ac0 nmethod 5592 0x000001a830c41690 code [0x000001a830c41880, 0x000001a830c41dc8]
Event: 76.985 Thread 0x000001a87e9e6980 5593       3       java.util.logging.LogManager::getProperty (9 bytes)
Event: 76.986 Thread 0x000001a87e9e6980 nmethod 5593 0x000001a828ef5490 code [0x000001a828ef5640, 0x000001a828ef5818]
Event: 77.015 Thread 0x000001a87e9c5ac0 5594       4       java.util.ImmutableCollections$ListN::size (6 bytes)
Event: 77.016 Thread 0x000001a87e9c5ac0 nmethod 5594 0x000001a830c42190 code [0x000001a830c42320, 0x000001a830c423c0]
Event: 77.279 Thread 0x000001a87e9e6980 5595       1       jdk.internal.event.ThreadSleepEvent::isEnabled (2 bytes)
Event: 77.279 Thread 0x000001a87e9e6980 nmethod 5595 0x000001a830c42490 code [0x000001a830c42620, 0x000001a830c426e8]
Event: 77.402 Thread 0x000001a87e9c5ac0 5597 %     4       java.util.regex.Pattern::compile @ 73 (537 bytes)
Event: 77.773 Thread 0x000001a87e9e6980 5600       3       java.util.concurrent.ConcurrentLinkedQueue::first (65 bytes)
Event: 79.138 Thread 0x000001a87e9e6980 nmethod 5600 0x000001a828ef3190 code [0x000001a828ef3520, 0x000001a828ef4cb8]

GC Heap History (20 events):
Event: 62.529 GC heap before
{Heap before GC invocations=9 (full 1):
 PSYoungGen      total 29696K, used 24576K [0x00000000d5580000, 0x00000000d7780000, 0x0000000100000000)
  eden space 24576K, 100% used [0x00000000d5580000,0x00000000d6d80000,0x00000000d6d80000)
  from space 5120K, 0% used [0x00000000d6e00000,0x00000000d6e00000,0x00000000d7300000)
  to   space 4608K, 0% used [0x00000000d7300000,0x00000000d7300000,0x00000000d7780000)
 ParOldGen       total 68608K, used 13805K [0x0000000080000000, 0x0000000084300000, 0x00000000d5580000)
  object space 68608K, 20% used [0x0000000080000000,0x0000000080d7b4e8,0x0000000084300000)
 Metaspace       used 22968K, committed 23808K, reserved 1114112K
  class space    used 2338K, committed 2688K, reserved 1048576K
}
Event: 62.531 GC heap after
{Heap after GC invocations=9 (full 1):
 PSYoungGen      total 25088K, used 672K [0x00000000d5580000, 0x00000000d7400000, 0x0000000100000000)
  eden space 24064K, 0% used [0x00000000d5580000,0x00000000d5580000,0x00000000d6d00000)
  from space 1024K, 65% used [0x00000000d7300000,0x00000000d73a8148,0x00000000d7400000)
  to   space 2560K, 0% used [0x00000000d6f00000,0x00000000d6f00000,0x00000000d7180000)
 ParOldGen       total 68608K, used 13813K [0x0000000080000000, 0x0000000084300000, 0x00000000d5580000)
  object space 68608K, 20% used [0x0000000080000000,0x0000000080d7d4e8,0x0000000084300000)
 Metaspace       used 22968K, committed 23808K, reserved 1114112K
  class space    used 2338K, committed 2688K, reserved 1048576K
}
Event: 64.798 GC heap before
{Heap before GC invocations=10 (full 1):
 PSYoungGen      total 25088K, used 24736K [0x00000000d5580000, 0x00000000d7400000, 0x0000000100000000)
  eden space 24064K, 100% used [0x00000000d5580000,0x00000000d6d00000,0x00000000d6d00000)
  from space 1024K, 65% used [0x00000000d7300000,0x00000000d73a8148,0x00000000d7400000)
  to   space 2560K, 0% used [0x00000000d6f00000,0x00000000d6f00000,0x00000000d7180000)
 ParOldGen       total 68608K, used 13813K [0x0000000080000000, 0x0000000084300000, 0x00000000d5580000)
  object space 68608K, 20% used [0x0000000080000000,0x0000000080d7d4e8,0x0000000084300000)
 Metaspace       used 26361K, committed 27328K, reserved 1114112K
  class space    used 2663K, committed 3072K, reserved 1048576K
}
Event: 64.801 GC heap after
{Heap after GC invocations=10 (full 1):
 PSYoungGen      total 26112K, used 2545K [0x00000000d5580000, 0x00000000d7380000, 0x0000000100000000)
  eden space 23552K, 0% used [0x00000000d5580000,0x00000000d5580000,0x00000000d6c80000)
  from space 2560K, 99% used [0x00000000d6f00000,0x00000000d717c578,0x00000000d7180000)
  to   space 2048K, 0% used [0x00000000d7180000,0x00000000d7180000,0x00000000d7380000)
 ParOldGen       total 68608K, used 14248K [0x0000000080000000, 0x0000000084300000, 0x00000000d5580000)
  object space 68608K, 20% used [0x0000000080000000,0x0000000080dea150,0x0000000084300000)
 Metaspace       used 26361K, committed 27328K, reserved 1114112K
  class space    used 2663K, committed 3072K, reserved 1048576K
}
Event: 65.876 GC heap before
{Heap before GC invocations=11 (full 1):
 PSYoungGen      total 26112K, used 26097K [0x00000000d5580000, 0x00000000d7380000, 0x0000000100000000)
  eden space 23552K, 100% used [0x00000000d5580000,0x00000000d6c80000,0x00000000d6c80000)
  from space 2560K, 99% used [0x00000000d6f00000,0x00000000d717c578,0x00000000d7180000)
  to   space 2048K, 0% used [0x00000000d7180000,0x00000000d7180000,0x00000000d7380000)
 ParOldGen       total 68608K, used 14248K [0x0000000080000000, 0x0000000084300000, 0x00000000d5580000)
  object space 68608K, 20% used [0x0000000080000000,0x0000000080dea150,0x0000000084300000)
 Metaspace       used 28315K, committed 29184K, reserved 1114112K
  class space    used 2828K, committed 3200K, reserved 1048576K
}
Event: 65.878 GC heap after
{Heap after GC invocations=11 (full 1):
 PSYoungGen      total 25088K, used 1988K [0x00000000d5580000, 0x00000000d7380000, 0x0000000100000000)
  eden space 23040K, 0% used [0x00000000d5580000,0x00000000d5580000,0x00000000d6c00000)
  from space 2048K, 97% used [0x00000000d7180000,0x00000000d73712c0,0x00000000d7380000)
  to   space 2560K, 0% used [0x00000000d6e80000,0x00000000d6e80000,0x00000000d7100000)
 ParOldGen       total 68608K, used 15430K [0x0000000080000000, 0x0000000084300000, 0x00000000d5580000)
  object space 68608K, 22% used [0x0000000080000000,0x0000000080f11998,0x0000000084300000)
 Metaspace       used 28315K, committed 29184K, reserved 1114112K
  class space    used 2828K, committed 3200K, reserved 1048576K
}
Event: 70.145 GC heap before
{Heap before GC invocations=12 (full 1):
 PSYoungGen      total 25088K, used 25028K [0x00000000d5580000, 0x00000000d7380000, 0x0000000100000000)
  eden space 23040K, 100% used [0x00000000d5580000,0x00000000d6c00000,0x00000000d6c00000)
  from space 2048K, 97% used [0x00000000d7180000,0x00000000d73712c0,0x00000000d7380000)
  to   space 2560K, 0% used [0x00000000d6e80000,0x00000000d6e80000,0x00000000d7100000)
 ParOldGen       total 68608K, used 15430K [0x0000000080000000, 0x0000000084300000, 0x00000000d5580000)
  object space 68608K, 22% used [0x0000000080000000,0x0000000080f11998,0x0000000084300000)
 Metaspace       used 30942K, committed 31936K, reserved 1114112K
  class space    used 3145K, committed 3584K, reserved 1048576K
}
Event: 70.147 GC heap after
{Heap after GC invocations=12 (full 1):
 PSYoungGen      total 24064K, used 1265K [0x00000000d5580000, 0x00000000d7200000, 0x0000000100000000)
  eden space 22528K, 0% used [0x00000000d5580000,0x00000000d5580000,0x00000000d6b80000)
  from space 1536K, 82% used [0x00000000d6e80000,0x00000000d6fbc798,0x00000000d7000000)
  to   space 2048K, 0% used [0x00000000d7000000,0x00000000d7000000,0x00000000d7200000)
 ParOldGen       total 68608K, used 17173K [0x0000000080000000, 0x0000000084300000, 0x00000000d5580000)
  object space 68608K, 25% used [0x0000000080000000,0x00000000810c55e0,0x0000000084300000)
 Metaspace       used 30942K, committed 31936K, reserved 1114112K
  class space    used 3145K, committed 3584K, reserved 1048576K
}
Event: 71.532 GC heap before
{Heap before GC invocations=13 (full 1):
 PSYoungGen      total 24064K, used 23793K [0x00000000d5580000, 0x00000000d7200000, 0x0000000100000000)
  eden space 22528K, 100% used [0x00000000d5580000,0x00000000d6b80000,0x00000000d6b80000)
  from space 1536K, 82% used [0x00000000d6e80000,0x00000000d6fbc798,0x00000000d7000000)
  to   space 2048K, 0% used [0x00000000d7000000,0x00000000d7000000,0x00000000d7200000)
 ParOldGen       total 68608K, used 17173K [0x0000000080000000, 0x0000000084300000, 0x00000000d5580000)
  object space 68608K, 25% used [0x0000000080000000,0x00000000810c55e0,0x0000000084300000)
 Metaspace       used 33294K, committed 34304K, reserved 1114112K
  class space    used 3412K, committed 3840K, reserved 1048576K
}
Event: 71.535 GC heap after
{Heap after GC invocations=13 (full 1):
 PSYoungGen      total 23552K, used 1117K [0x00000000d5580000, 0x00000000d7180000, 0x0000000100000000)
  eden space 22016K, 0% used [0x00000000d5580000,0x00000000d5580000,0x00000000d6b00000)
  from space 1536K, 72% used [0x00000000d7000000,0x00000000d7117470,0x00000000d7180000)
  to   space 1536K, 0% used [0x00000000d6e80000,0x00000000d6e80000,0x00000000d7000000)
 ParOldGen       total 68608K, used 18139K [0x0000000080000000, 0x0000000084300000, 0x00000000d5580000)
  object space 68608K, 26% used [0x0000000080000000,0x00000000811b6d18,0x0000000084300000)
 Metaspace       used 33294K, committed 34304K, reserved 1114112K
  class space    used 3412K, committed 3840K, reserved 1048576K
}
Event: 72.768 GC heap before
{Heap before GC invocations=14 (full 1):
 PSYoungGen      total 23552K, used 18126K [0x00000000d5580000, 0x00000000d7180000, 0x0000000100000000)
  eden space 22016K, 77% used [0x00000000d5580000,0x00000000d661c4f0,0x00000000d6b00000)
  from space 1536K, 72% used [0x00000000d7000000,0x00000000d7117470,0x00000000d7180000)
  to   space 1536K, 0% used [0x00000000d6e80000,0x00000000d6e80000,0x00000000d7000000)
 ParOldGen       total 68608K, used 18139K [0x0000000080000000, 0x0000000084300000, 0x00000000d5580000)
  object space 68608K, 26% used [0x0000000080000000,0x00000000811b6d18,0x0000000084300000)
 Metaspace       used 34799K, committed 35840K, reserved 1114112K
  class space    used 3594K, committed 4032K, reserved 1048576K
}
Event: 72.771 GC heap after
{Heap after GC invocations=14 (full 1):
 PSYoungGen      total 23552K, used 1085K [0x00000000d5580000, 0x00000000d7080000, 0x0000000100000000)
  eden space 22016K, 0% used [0x00000000d5580000,0x00000000d5580000,0x00000000d6b00000)
  from space 1536K, 70% used [0x00000000d6e80000,0x00000000d6f8f6e0,0x00000000d7000000)
  to   space 512K, 0% used [0x00000000d7000000,0x00000000d7000000,0x00000000d7080000)
 ParOldGen       total 68608K, used 19067K [0x0000000080000000, 0x0000000084300000, 0x00000000d5580000)
  object space 68608K, 27% used [0x0000000080000000,0x000000008129efa8,0x0000000084300000)
 Metaspace       used 34799K, committed 35840K, reserved 1114112K
  class space    used 3594K, committed 4032K, reserved 1048576K
}
Event: 72.771 GC heap before
{Heap before GC invocations=15 (full 2):
 PSYoungGen      total 23552K, used 1085K [0x00000000d5580000, 0x00000000d7080000, 0x0000000100000000)
  eden space 22016K, 0% used [0x00000000d5580000,0x00000000d5580000,0x00000000d6b00000)
  from space 1536K, 70% used [0x00000000d6e80000,0x00000000d6f8f6e0,0x00000000d7000000)
  to   space 512K, 0% used [0x00000000d7000000,0x00000000d7000000,0x00000000d7080000)
 ParOldGen       total 68608K, used 19067K [0x0000000080000000, 0x0000000084300000, 0x00000000d5580000)
  object space 68608K, 27% used [0x0000000080000000,0x000000008129efa8,0x0000000084300000)
 Metaspace       used 34799K, committed 35840K, reserved 1114112K
  class space    used 3594K, committed 4032K, reserved 1048576K
}
Event: 72.838 GC heap after
{Heap after GC invocations=15 (full 2):
 PSYoungGen      total 23552K, used 0K [0x00000000d5580000, 0x00000000d7080000, 0x0000000100000000)
  eden space 22016K, 0% used [0x00000000d5580000,0x00000000d5580000,0x00000000d6b00000)
  from space 1536K, 0% used [0x00000000d6e80000,0x00000000d6e80000,0x00000000d7000000)
  to   space 512K, 0% used [0x00000000d7000000,0x00000000d7000000,0x00000000d7080000)
 ParOldGen       total 68608K, used 18508K [0x0000000080000000, 0x0000000084300000, 0x00000000d5580000)
  object space 68608K, 26% used [0x0000000080000000,0x0000000081213268,0x0000000084300000)
 Metaspace       used 34783K, committed 35840K, reserved 1114112K
  class space    used 3589K, committed 4032K, reserved 1048576K
}
Event: 73.718 GC heap before
{Heap before GC invocations=16 (full 2):
 PSYoungGen      total 23552K, used 22016K [0x00000000d5580000, 0x00000000d7080000, 0x0000000100000000)
  eden space 22016K, 100% used [0x00000000d5580000,0x00000000d6b00000,0x00000000d6b00000)
  from space 1536K, 0% used [0x00000000d6e80000,0x00000000d6e80000,0x00000000d7000000)
  to   space 512K, 0% used [0x00000000d7000000,0x00000000d7000000,0x00000000d7080000)
 ParOldGen       total 68608K, used 18508K [0x0000000080000000, 0x0000000084300000, 0x00000000d5580000)
  object space 68608K, 26% used [0x0000000080000000,0x0000000081213268,0x0000000084300000)
 Metaspace       used 37440K, committed 38528K, reserved 1114112K
  class space    used 3933K, committed 4416K, reserved 1048576K
}
Event: 73.723 GC heap after
{Heap after GC invocations=16 (full 2):
 PSYoungGen      total 22528K, used 512K [0x00000000d5580000, 0x00000000d7080000, 0x0000000100000000)
  eden space 22016K, 0% used [0x00000000d5580000,0x00000000d5580000,0x00000000d6b00000)
  from space 512K, 100% used [0x00000000d7000000,0x00000000d7080000,0x00000000d7080000)
  to   space 2048K, 0% used [0x00000000d6c80000,0x00000000d6c80000,0x00000000d6e80000)
 ParOldGen       total 68608K, used 19560K [0x0000000080000000, 0x0000000084300000, 0x00000000d5580000)
  object space 68608K, 28% used [0x0000000080000000,0x000000008131a320,0x0000000084300000)
 Metaspace       used 37440K, committed 38528K, reserved 1114112K
  class space    used 3933K, committed 4416K, reserved 1048576K
}
Event: 74.950 GC heap before
{Heap before GC invocations=17 (full 2):
 PSYoungGen      total 22528K, used 22525K [0x00000000d5580000, 0x00000000d7080000, 0x0000000100000000)
  eden space 22016K, 99% used [0x00000000d5580000,0x00000000d6aff518,0x00000000d6b00000)
  from space 512K, 100% used [0x00000000d7000000,0x00000000d7080000,0x00000000d7080000)
  to   space 2048K, 0% used [0x00000000d6c80000,0x00000000d6c80000,0x00000000d6e80000)
 ParOldGen       total 68608K, used 19560K [0x0000000080000000, 0x0000000084300000, 0x00000000d5580000)
  object space 68608K, 28% used [0x0000000080000000,0x000000008131a320,0x0000000084300000)
 Metaspace       used 39752K, committed 40896K, reserved 1114112K
  class space    used 4289K, committed 4800K, reserved 1048576K
}
Event: 74.955 GC heap after
{Heap after GC invocations=17 (full 2):
 PSYoungGen      total 24064K, used 1499K [0x00000000d5580000, 0x00000000d7080000, 0x0000000100000000)
  eden space 22016K, 0% used [0x00000000d5580000,0x00000000d5580000,0x00000000d6b00000)
  from space 2048K, 73% used [0x00000000d6c80000,0x00000000d6df6ce8,0x00000000d6e80000)
  to   space 1536K, 0% used [0x00000000d6f00000,0x00000000d6f00000,0x00000000d7080000)
 ParOldGen       total 68608K, used 20104K [0x0000000080000000, 0x0000000084300000, 0x00000000d5580000)
  object space 68608K, 29% used [0x0000000080000000,0x00000000813a2320,0x0000000084300000)
 Metaspace       used 39752K, committed 40896K, reserved 1114112K
  class space    used 4289K, committed 4800K, reserved 1048576K
}
Event: 76.006 GC heap before
{Heap before GC invocations=18 (full 2):
 PSYoungGen      total 24064K, used 23515K [0x00000000d5580000, 0x00000000d7080000, 0x0000000100000000)
  eden space 22016K, 100% used [0x00000000d5580000,0x00000000d6b00000,0x00000000d6b00000)
  from space 2048K, 73% used [0x00000000d6c80000,0x00000000d6df6ce8,0x00000000d6e80000)
  to   space 1536K, 0% used [0x00000000d6f00000,0x00000000d6f00000,0x00000000d7080000)
 ParOldGen       total 68608K, used 20104K [0x0000000080000000, 0x0000000084300000, 0x00000000d5580000)
  object space 68608K, 29% used [0x0000000080000000,0x00000000813a2320,0x0000000084300000)
 Metaspace       used 41932K, committed 43072K, reserved 1114112K
  class space    used 4589K, committed 5120K, reserved 1048576K
}
Event: 76.009 GC heap after
{Heap after GC invocations=18 (full 2):
 PSYoungGen      total 23040K, used 896K [0x00000000d5580000, 0x00000000d7000000, 0x0000000100000000)
  eden space 22016K, 0% used [0x00000000d5580000,0x00000000d5580000,0x00000000d6b00000)
  from space 1024K, 87% used [0x00000000d6f00000,0x00000000d6fe0000,0x00000000d7000000)
  to   space 1536K, 0% used [0x00000000d6d00000,0x00000000d6d00000,0x00000000d6e80000)
 ParOldGen       total 68608K, used 21328K [0x0000000080000000, 0x0000000084300000, 0x00000000d5580000)
  object space 68608K, 31% used [0x0000000080000000,0x00000000814d4320,0x0000000084300000)
 Metaspace       used 41932K, committed 43072K, reserved 1114112K
  class space    used 4589K, committed 5120K, reserved 1048576K
}

Dll operation events (10 events):
Event: 0.012 Loaded shared library c:\Users\ASUS\.antigravity\extensions\redhat.java-1.53.0-win32-x64\jre\21.0.10-win32-x86_64\bin\java.dll
Event: 0.074 Loaded shared library c:\Users\ASUS\.antigravity\extensions\redhat.java-1.53.0-win32-x64\jre\21.0.10-win32-x86_64\bin\zip.dll
Event: 0.088 Loaded shared library C:\Users\ASUS\.antigravity\extensions\redhat.java-1.53.0-win32-x64\jre\21.0.10-win32-x86_64\bin\instrument.dll
Event: 0.091 Loaded shared library C:\Users\ASUS\.antigravity\extensions\redhat.java-1.53.0-win32-x64\jre\21.0.10-win32-x86_64\bin\net.dll
Event: 0.093 Loaded shared library C:\Users\ASUS\.antigravity\extensions\redhat.java-1.53.0-win32-x64\jre\21.0.10-win32-x86_64\bin\nio.dll
Event: 0.095 Loaded shared library C:\Users\ASUS\.antigravity\extensions\redhat.java-1.53.0-win32-x64\jre\21.0.10-win32-x86_64\bin\zip.dll
Event: 0.106 Loaded shared library C:\Users\ASUS\.antigravity\extensions\redhat.java-1.53.0-win32-x64\jre\21.0.10-win32-x86_64\bin\jimage.dll
Event: 0.156 Loaded shared library c:\Users\ASUS\.antigravity\extensions\redhat.java-1.53.0-win32-x64\jre\21.0.10-win32-x86_64\bin\verify.dll
Event: 32.948 Loaded shared library C:\Users\ASUS\AppData\Roaming\Antigravity\User\globalStorage\redhat.java\1.53.0\config_win\org.eclipse.equinox.launcher\org.eclipse.equinox.launcher.win32.win32.x86_64_1.3.0.v20260203-2149\eclipse_11919.dll
Event: 58.253 Loaded shared library C:\Users\ASUS\AppData\Local\Temp\jna-2018896\jna3399245528386305830.dll

Deoptimization events (20 events):
Event: 76.725 Thread 0x000001a806580720 DEOPT PACKING pc=0x000001a82919ab46 sp=0x0000007671efd640
Event: 76.725 Thread 0x000001a806580720 DEOPT UNPACKING pc=0x000001a830404242 sp=0x0000007671efcbc0 mode 0
Event: 76.814 Thread 0x000001a806580720 DEOPT PACKING pc=0x000001a828fc99b9 sp=0x0000007671efdba0
Event: 76.817 Thread 0x000001a806580720 DEOPT UNPACKING pc=0x000001a830404242 sp=0x0000007671efd0a0 mode 0
Event: 77.065 Thread 0x000001a804edc840 Uncommon trap: trap_request=0xffffffde fr.pc=0x000001a830bd44b4 relative=0x0000000000000614
Event: 77.065 Thread 0x000001a804edc840 Uncommon trap: reason=class_check action=maybe_recompile pc=0x000001a830bd44b4 method=java.util.TreeMap.put(Ljava/lang/Object;Ljava/lang/Object;Z)Ljava/lang/Object; @ 118 c2
Event: 77.065 Thread 0x000001a804edc840 DEOPT PACKING pc=0x000001a830bd44b4 sp=0x00000076704fe0f0
Event: 77.065 Thread 0x000001a804edc840 DEOPT UNPACKING pc=0x000001a830403aa2 sp=0x00000076704fe080 mode 2
Event: 77.065 Thread 0x000001a804edc840 Uncommon trap: trap_request=0xffffffde fr.pc=0x000001a830bd44b4 relative=0x0000000000000614
Event: 77.065 Thread 0x000001a804edc840 Uncommon trap: reason=class_check action=maybe_recompile pc=0x000001a830bd44b4 method=java.util.TreeMap.put(Ljava/lang/Object;Ljava/lang/Object;Z)Ljava/lang/Object; @ 118 c2
Event: 77.065 Thread 0x000001a804edc840 DEOPT PACKING pc=0x000001a830bd44b4 sp=0x00000076704fe0f0
Event: 77.065 Thread 0x000001a804edc840 DEOPT UNPACKING pc=0x000001a830403aa2 sp=0x00000076704fe080 mode 2
Event: 77.065 Thread 0x000001a804edc840 Uncommon trap: trap_request=0xffffffde fr.pc=0x000001a830bd44b4 relative=0x0000000000000614
Event: 77.065 Thread 0x000001a804edc840 Uncommon trap: reason=class_check action=maybe_recompile pc=0x000001a830bd44b4 method=java.util.TreeMap.put(Ljava/lang/Object;Ljava/lang/Object;Z)Ljava/lang/Object; @ 118 c2
Event: 77.065 Thread 0x000001a804edc840 DEOPT PACKING pc=0x000001a830bd44b4 sp=0x00000076704fe0f0
Event: 77.065 Thread 0x000001a804edc840 DEOPT UNPACKING pc=0x000001a830403aa2 sp=0x00000076704fe080 mode 2
Event: 77.065 Thread 0x000001a804edc840 Uncommon trap: trap_request=0xffffffde fr.pc=0x000001a830bd44b4 relative=0x0000000000000614
Event: 77.065 Thread 0x000001a804edc840 Uncommon trap: reason=class_check action=maybe_recompile pc=0x000001a830bd44b4 method=java.util.TreeMap.put(Ljava/lang/Object;Ljava/lang/Object;Z)Ljava/lang/Object; @ 118 c2
Event: 77.065 Thread 0x000001a804edc840 DEOPT PACKING pc=0x000001a830bd44b4 sp=0x00000076704fe0f0
Event: 77.065 Thread 0x000001a804edc840 DEOPT UNPACKING pc=0x000001a830403aa2 sp=0x00000076704fe080 mode 2

Classes loaded (20 events):
Event: 75.906 Loading class java/util/concurrent/CompletionService
Event: 75.906 Loading class java/util/concurrent/CompletionService done
Event: 76.010 Loading class java/net/HttpURLConnection
Event: 76.012 Loading class java/net/HttpURLConnection done
Event: 76.013 Loading class sun/security/provider/MD5
Event: 76.022 Loading class sun/security/provider/MD5 done
Event: 76.024 Loading class sun/security/provider/ByteArrayAccess$LE
Event: 76.024 Loading class sun/security/provider/ByteArrayAccess$LE done
Event: 76.044 Loading class java/nio/channels/ServerSocketChannel
Event: 76.044 Loading class java/nio/channels/ServerSocketChannel done
Event: 76.082 Loading class java/io/FileFilter
Event: 76.082 Loading class java/io/FileFilter done
Event: 76.148 Loading class sun/misc/Unsafe
Event: 76.148 Loading class sun/misc/Unsafe done
Event: 76.215 Loading class java/util/concurrent/ConcurrentHashMap$ValueSpliterator
Event: 76.219 Loading class java/util/concurrent/ConcurrentHashMap$ValueSpliterator done
Event: 76.223 Loading class jdk/internal/loader/BootLoader$PackageHelper
Event: 76.228 Loading class jdk/internal/loader/BootLoader$PackageHelper done
Event: 76.997 Loading class java/lang/ExceptionInInitializerError
Event: 76.997 Loading class java/lang/ExceptionInInitializerError done

Classes unloaded (16 events):
Event: 61.639 Thread 0x000001a825c13bd0 Unloading class 0x000001a83e1a8c00 'java/lang/invoke/LambdaForm$MH+0x000001a83e1a8c00'
Event: 61.639 Thread 0x000001a825c13bd0 Unloading class 0x000001a83e1a8800 'java/lang/invoke/LambdaForm$MH+0x000001a83e1a8800'
Event: 61.639 Thread 0x000001a825c13bd0 Unloading class 0x000001a83e1a8400 'java/lang/invoke/LambdaForm$MH+0x000001a83e1a8400'
Event: 61.639 Thread 0x000001a825c13bd0 Unloading class 0x000001a83e1a8000 'java/lang/invoke/LambdaForm$MH+0x000001a83e1a8000'
Event: 61.639 Thread 0x000001a825c13bd0 Unloading class 0x000001a83e1a7c00 'java/lang/invoke/LambdaForm$BMH+0x000001a83e1a7c00'
Event: 61.639 Thread 0x000001a825c13bd0 Unloading class 0x000001a83e1a7800 'java/lang/invoke/LambdaForm$DMH+0x000001a83e1a7800'
Event: 61.639 Thread 0x000001a825c13bd0 Unloading class 0x000001a83e1a6400 'java/lang/invoke/LambdaForm$DMH+0x000001a83e1a6400'
Event: 72.785 Thread 0x000001a825c13bd0 Unloading class 0x000001a83e2e8000 'java/lang/invoke/LambdaForm$MH+0x000001a83e2e8000'
Event: 72.785 Thread 0x000001a825c13bd0 Unloading class 0x000001a83e2e3400 'java/lang/invoke/LambdaForm$MH+0x000001a83e2e3400'
Event: 72.785 Thread 0x000001a825c13bd0 Unloading class 0x000001a83e2e2c00 'java/lang/invoke/LambdaForm$MH+0x000001a83e2e2c00'
Event: 72.785 Thread 0x000001a825c13bd0 Unloading class 0x000001a83e2e2000 'java/lang/invoke/LambdaForm$MH+0x000001a83e2e2000'
Event: 72.785 Thread 0x000001a825c13bd0 Unloading class 0x000001a83e2de000 'java/lang/invoke/LambdaForm$MH+0x000001a83e2de000'
Event: 72.785 Thread 0x000001a825c13bd0 Unloading class 0x000001a83e2dd800 'java/lang/invoke/LambdaForm$MH+0x000001a83e2dd800'
Event: 72.785 Thread 0x000001a825c13bd0 Unloading class 0x000001a83e2dd000 'java/lang/invoke/LambdaForm$MH+0x000001a83e2dd000'
Event: 72.785 Thread 0x000001a825c13bd0 Unloading class 0x000001a83e2dc800 'java/lang/invoke/LambdaForm$MH+0x000001a83e2dc800'
Event: 72.785 Thread 0x000001a825c13bd0 Unloading class 0x000001a83e2dc000 'java/lang/invoke/LambdaForm$MH+0x000001a83e2dc000'

Classes redefined (0 events):
No events

Internal exceptions (20 events):
Event: 67.092 Thread 0x000001a804edc840 Exception <a 'java/lang/NoClassDefFoundError'{0x00000000d674e368}: javax/enterprise/inject/Typed> (0x00000000d674e368) 
thrown [s\src\hotspot\share\classfile\systemDictionary.cpp, line 301]
Event: 71.067 Thread 0x000001a804199bb0 Exception <a 'java/lang/ClassNotFoundException'{0x00000000d626f330}: com/sun/org/apache/xml/internal/serializer/spi/XMLEntitiesProvider> (0x00000000d626f330) 
thrown [s\src\hotspot\share\classfile\systemDictionary.cpp, line 312]
Event: 71.593 Thread 0x000001a804199bb0 Exception <a 'java/io/FileNotFoundException'{0x00000000d56905f0}> (0x00000000d56905f0) 
thrown [s\src\hotspot\share\prims\jni.cpp, line 520]
Event: 71.984 Thread 0x000001a804199bb0 Exception <a 'java/lang/UnsatisfiedLinkError'{0x00000000d5960620}: The specified procedure could not be found.
> (0x00000000d5960620) 
thrown [s\src\hotspot\share\prims\jni.cpp, line 539]
Event: 72.015 Thread 0x000001a804199bb0 Exception <a 'java/io/FileNotFoundException'{0x00000000d5a67180}> (0x00000000d5a67180) 
thrown [s\src\hotspot\share\prims\jni.cpp, line 520]
Event: 72.119 Thread 0x000001a804199bb0 Exception <a 'java/io/FileNotFoundException'{0x00000000d5beb7a0}> (0x00000000d5beb7a0) 
thrown [s\src\hotspot\share\prims\jni.cpp, line 520]
Event: 72.150 Thread 0x000001a804199bb0 Exception <a 'java/lang/UnsatisfiedLinkError'{0x00000000d5c73f08}: The specified procedure could not be found.
> (0x00000000d5c73f08) 
thrown [s\src\hotspot\share\prims\jni.cpp, line 539]
Event: 72.876 Thread 0x000001a804edced0 Exception <a 'java/lang/NoSuchMethodError'{0x00000000d56493f8}: 'void java.lang.invoke.DirectMethodHandle$Holder.invokeStaticInit(java.lang.Object, java.lang.Object, java.lang.Object, java.lang.Object)'> (0x00000000d56493f8) 
thrown [s\src\hotspot\share\interpreter\linkResolver.cpp, line 773]
Event: 73.333 Thread 0x000001a8238d6ea0 Exception <a 'java/lang/NoSuchMethodError'{0x00000000d5ffb468}: 'java.lang.Object java.lang.invoke.DirectMethodHandle$Holder.invokeStatic(java.lang.Object, long, java.lang.Object)'> (0x00000000d5ffb468) 
thrown [s\src\hotspot\share\interpreter\linkResolver.cpp, line 773]
Event: 73.350 Thread 0x000001a8238d6ea0 Exception <a 'java/lang/NoSuchMethodError'{0x00000000d600dfd0}: 'java.lang.Object java.lang.invoke.DirectMethodHandle$Holder.invokeStaticInit(java.lang.Object, long, java.lang.Object)'> (0x00000000d600dfd0) 
thrown [s\src\hotspot\share\interpreter\linkResolver.cpp, line 773]
Event: 73.351 Thread 0x000001a8238d6ea0 Exception <a 'java/lang/NoSuchMethodError'{0x00000000d607fd08}: 'java.lang.Object java.lang.invoke.DirectMethodHandle$Holder.newInvokeSpecial(java.lang.Object, long)'> (0x00000000d607fd08) 
thrown [s\src\hotspot\share\interpreter\linkResolver.cpp, line 773]
Event: 73.562 Thread 0x000001a804edc1b0 Exception <a 'java/io/FileNotFoundException'{0x00000000d66ad580}> (0x00000000d66ad580) 
thrown [s\src\hotspot\share\prims\jni.cpp, line 520]
Event: 74.036 Thread 0x000001a804eda770 Exception <a 'java/lang/NoSuchMethodError'{0x00000000d5bbc890}: 'void java.lang.invoke.DirectMethodHandle$Holder.invokeStaticInit(java.lang.Object, java.lang.Object, java.lang.Object)'> (0x00000000d5bbc890) 
thrown [s\src\hotspot\share\interpreter\linkResolver.cpp, line 773]
Event: 74.676 Thread 0x000001a804eda770 Exception <a 'java/lang/NoSuchMethodError'{0x00000000d6683df8}: 'java.lang.Object java.lang.invoke.DirectMethodHandle$Holder.invokeVirtual(java.lang.Object, java.lang.Object, java.lang.Object, java.lang.Object)'> (0x00000000d6683df8) 
thrown [s\src\hotspot\share\interpreter\linkResolver.cpp, line 773]
Event: 74.701 Thread 0x000001a804eda770 Exception <a 'java/lang/NoSuchMethodError'{0x00000000d6721438}: 'java.lang.Object java.lang.invoke.DirectMethodHandle$Holder.invokeVirtual(java.lang.Object, java.lang.Object, java.lang.Object, java.lang.Object, java.lang.Object)'> (0x00000000d6721438) 
thrown [s\src\hotspot\share\interpreter\linkResolver.cpp, line 773]
Event: 75.156 Thread 0x000001a8238d6ea0 Exception <a 'java/lang/NoSuchMethodError'{0x00000000d5900b80}: 'void java.lang.invoke.DirectMethodHandle$Holder.invokeSpecial(java.lang.Object, java.lang.Object, java.lang.Object, java.lang.Object, java.lang.Object, java.lang.Object)'> (0x00000000d5900b80) 
thrown [s\src\hotspot\share\interpreter\linkResolver.cpp, line 773]
Event: 75.163 Thread 0x000001a8238d6ea0 Exception <a 'java/lang/IncompatibleClassChangeError'{0x00000000d5908cc0}: Found class java.lang.Object, but interface was expected> (0x00000000d5908cc0) 
thrown [s\src\hotspot\share\interpreter\linkResolver.cpp, line 840]
Event: 75.178 Thread 0x000001a8238d6ea0 Exception <a 'java/lang/IncompatibleClassChangeError'{0x00000000d590a9d8}: Found class java.lang.Object, but interface was expected> (0x00000000d590a9d8) 
thrown [s\src\hotspot\share\interpreter\linkResolver.cpp, line 840]
Event: 76.329 Thread 0x000001a804c2e100 Implicit null exception at 0x000001a830a78862 to 0x000001a830a78964
Event: 77.007 Thread 0x000001a804edc840 Exception <a 'java/lang/ExceptionInInitializerError'{0x00000000d66691c8}> (0x00000000d66691c8) 
thrown [s\src\hotspot\share\oops\instanceKlass.cpp, line 1220]

ZGC Phase Switch (0 events):
No events

VM Operations (20 events):
Event: 71.780 Executing non-safepoint VM operation: HandshakeAllThreads (Deoptimize) done
Event: 72.753 Executing safepoint VM operation: CollectForMetadataAllocation (Metadata GC Threshold)
Event: 72.838 Executing safepoint VM operation: CollectForMetadataAllocation (Metadata GC Threshold) done
Event: 73.477 Executing non-safepoint VM operation: HandshakeAllThreads (Deoptimize)
Event: 73.477 Executing non-safepoint VM operation: HandshakeAllThreads (Deoptimize) done
Event: 73.712 Executing safepoint VM operation: ParallelGCFailedAllocation (Allocation Failure)
Event: 73.723 Executing safepoint VM operation: ParallelGCFailedAllocation (Allocation Failure) done
Event: 74.727 Executing safepoint VM operation: Cleanup
Event: 74.742 Executing safepoint VM operation: Cleanup done
Event: 74.950 Executing safepoint VM operation: ParallelGCFailedAllocation (Allocation Failure)
Event: 74.955 Executing safepoint VM operation: ParallelGCFailedAllocation (Allocation Failure) done
Event: 75.586 Executing non-safepoint VM operation: HandshakeAllThreads (Deoptimize)
Event: 75.601 Executing non-safepoint VM operation: HandshakeAllThreads (Deoptimize) done
Event: 75.995 Executing safepoint VM operation: ParallelGCFailedAllocation (Allocation Failure)
Event: 76.009 Executing safepoint VM operation: ParallelGCFailedAllocation (Allocation Failure) done
Event: 76.176 Executing non-safepoint VM operation: HandshakeAllThreads (Deoptimize)
Event: 76.193 Executing non-safepoint VM operation: HandshakeAllThreads (Deoptimize) done
Event: 77.199 Executing safepoint VM operation: Cleanup
Event: 77.199 Executing safepoint VM operation: Cleanup done
Event: 78.204 Executing safepoint VM operation: Cleanup

Memory protections (0 events):
No events

Nmethod flushes (20 events):
Event: 72.801 Thread 0x000001a825c13bd0 flushing  nmethod 0x000001a8295e9990
Event: 72.801 Thread 0x000001a825c13bd0 flushing  nmethod 0x000001a8295eb510
Event: 72.801 Thread 0x000001a825c13bd0 flushing  nmethod 0x000001a8295ebe10
Event: 72.801 Thread 0x000001a825c13bd0 flushing  nmethod 0x000001a8295ec510
Event: 72.801 Thread 0x000001a825c13bd0 flushing  nmethod 0x000001a8295eff10
Event: 72.801 Thread 0x000001a825c13bd0 flushing  nmethod 0x000001a8295f1990
Event: 72.801 Thread 0x000001a825c13bd0 flushing  nmethod 0x000001a8295f1d90
Event: 72.801 Thread 0x000001a825c13bd0 flushing  nmethod 0x000001a8295f2790
Event: 72.801 Thread 0x000001a825c13bd0 flushing  nmethod 0x000001a8295f4690
Event: 72.801 Thread 0x000001a825c13bd0 flushing  nmethod 0x000001a8295f4b10
Event: 72.801 Thread 0x000001a825c13bd0 flushing  nmethod 0x000001a8295f9290
Event: 72.801 Thread 0x000001a825c13bd0 flushing  nmethod 0x000001a8295fd590
Event: 72.801 Thread 0x000001a825c13bd0 flushing  nmethod 0x000001a829604290
Event: 72.801 Thread 0x000001a825c13bd0 flushing  nmethod 0x000001a829608710
Event: 72.801 Thread 0x000001a825c13bd0 flushing  nmethod 0x000001a829609910
Event: 72.801 Thread 0x000001a825c13bd0 flushing  nmethod 0x000001a82960c790
Event: 72.801 Thread 0x000001a825c13bd0 flushing  nmethod 0x000001a82960cd10
Event: 72.801 Thread 0x000001a825c13bd0 flushing  nmethod 0x000001a829616d10
Event: 72.801 Thread 0x000001a825c13bd0 flushing  nmethod 0x000001a829617d90
Event: 72.801 Thread 0x000001a825c13bd0 flushing  nmethod 0x000001a829663210

Events (20 events):
Event: 73.401 Thread 0x000001a8238d6ea0 Thread added: 0x000001a804c29f60
Event: 73.402 Thread 0x000001a8238d6ea0 Thread added: 0x000001a804c27170
Event: 73.402 Thread 0x000001a8238d6ea0 Thread added: 0x000001a804c27e90
Event: 73.403 Thread 0x000001a8238d6ea0 Thread added: 0x000001a804c27800
Event: 73.403 Thread 0x000001a8238d6ea0 Thread added: 0x000001a804c2ac80
Event: 73.403 Thread 0x000001a8238d6ea0 Thread added: 0x000001a804c2b310
Event: 73.403 Thread 0x000001a8238d6ea0 Thread added: 0x000001a804c2b9a0
Event: 73.404 Thread 0x000001a8238d6ea0 Thread added: 0x000001a804c28520
Event: 73.404 Thread 0x000001a8238d6ea0 Thread added: 0x000001a804c2c030
Event: 73.404 Thread 0x000001a8238d6ea0 Thread added: 0x000001a804c28bb0
Event: 73.404 Thread 0x000001a8238d6ea0 Thread added: 0x000001a804c2c6c0
Event: 73.626 Thread 0x000001a8238d6ea0 Thread added: 0x000001a804c29240
Event: 73.699 Thread 0x000001a87e9e6980 Thread added: 0x000001a806d9a880
Event: 74.010 Thread 0x000001a804eda770 Thread added: 0x000001a804c2cd50
Event: 74.152 Thread 0x000001a804eda770 Thread added: 0x000001a804c2e790
Event: 75.450 Thread 0x000001a8238d6ea0 Thread added: 0x000001a804c2da70
Event: 75.450 Thread 0x000001a8238d6ea0 Thread added: 0x000001a804c2e100
Event: 75.608 Thread 0x000001a804eda770 Thread added: 0x000001a806580720
Event: 76.192 Thread 0x000001a806d9a880 Thread exited: 0x000001a806d9a880
Event: 76.452 Thread 0x000001a87e9e6980 Thread added: 0x000001a8087da8d0


Dynamic libraries:
0x00007ff6e1a90000 - 0x00007ff6e1a9e000 	c:\Users\ASUS\.antigravity\extensions\redhat.java-1.53.0-win32-x64\jre\21.0.10-win32-x86_64\bin\java.exe
0x00007fff45c40000 - 0x00007fff45ea8000 	C:\Windows\SYSTEM32\ntdll.dll
0x00007fff44460000 - 0x00007fff44529000 	C:\Windows\System32\KERNEL32.DLL
0x00007fff433b0000 - 0x00007fff437a1000 	C:\Windows\System32\KERNELBASE.dll
0x00007fff42f30000 - 0x00007fff4307b000 	C:\Windows\System32\ucrtbase.dll
0x00007fff14f10000 - 0x00007fff14f28000 	c:\Users\ASUS\.antigravity\extensions\redhat.java-1.53.0-win32-x64\jre\21.0.10-win32-x86_64\bin\jli.dll
0x00007fff16920000 - 0x00007fff1693e000 	c:\Users\ASUS\.antigravity\extensions\redhat.java-1.53.0-win32-x64\jre\21.0.10-win32-x86_64\bin\VCRUNTIME140.dll
0x00007fff44a50000 - 0x00007fff44c16000 	C:\Windows\System32\USER32.dll
0x00007fff26ed0000 - 0x00007fff27163000 	C:\Windows\WinSxS\amd64_microsoft.windows.common-controls_6595b64144ccf1df_6.0.26100.7824_none_3e0870b2e3345462\COMCTL32.dll
0x00007fff42f00000 - 0x00007fff42f27000 	C:\Windows\System32\win32u.dll
0x00007fff43ed0000 - 0x00007fff43f79000 	C:\Windows\System32\msvcrt.dll
0x00007fff44790000 - 0x00007fff447bb000 	C:\Windows\System32\GDI32.dll
0x00007fff43080000 - 0x00007fff431ab000 	C:\Windows\System32\gdi32full.dll
0x00007fff43240000 - 0x00007fff432e3000 	C:\Windows\System32\msvcp_win.dll
0x00007fff439e0000 - 0x00007fff43a11000 	C:\Windows\System32\IMM32.DLL
0x00007fff24c50000 - 0x00007fff24c5c000 	c:\Users\ASUS\.antigravity\extensions\redhat.java-1.53.0-win32-x64\jre\21.0.10-win32-x86_64\bin\vcruntime140_1.dll
0x00007fff06520000 - 0x00007fff065ad000 	c:\Users\ASUS\.antigravity\extensions\redhat.java-1.53.0-win32-x64\jre\21.0.10-win32-x86_64\bin\msvcp140.dll
0x00007ffe89ca0000 - 0x00007ffe8aa41000 	c:\Users\ASUS\.antigravity\extensions\redhat.java-1.53.0-win32-x64\jre\21.0.10-win32-x86_64\bin\server\jvm.dll
0x00007fff447c0000 - 0x00007fff44874000 	C:\Windows\System32\ADVAPI32.dll
0x00007fff43f80000 - 0x00007fff44026000 	C:\Windows\System32\sechost.dll
0x00007fff44030000 - 0x00007fff44148000 	C:\Windows\System32\RPCRT4.dll
0x00007fff44c20000 - 0x00007fff44c94000 	C:\Windows\System32\WS2_32.dll
0x00007fff42380000 - 0x00007fff423de000 	C:\Windows\SYSTEM32\POWRPROF.dll
0x00007fff2e0c0000 - 0x00007fff2e0cb000 	C:\Windows\SYSTEM32\VERSION.dll
0x00007fff370c0000 - 0x00007fff370f5000 	C:\Windows\SYSTEM32\WINMM.dll
0x00007fff42360000 - 0x00007fff42374000 	C:\Windows\SYSTEM32\UMPDC.dll
0x00007fff41260000 - 0x00007fff4127b000 	C:\Windows\SYSTEM32\kernel.appcore.dll
0x00007fff24b50000 - 0x00007fff24b5a000 	c:\Users\ASUS\.antigravity\extensions\redhat.java-1.53.0-win32-x64\jre\21.0.10-win32-x86_64\bin\jimage.dll
0x00007fff40470000 - 0x00007fff406b2000 	C:\Windows\SYSTEM32\DBGHELP.DLL
0x00007fff45080000 - 0x00007fff45406000 	C:\Windows\System32\combase.dll
0x00007fff44250000 - 0x00007fff44327000 	C:\Windows\System32\OLEAUT32.dll
0x00007fff3c850000 - 0x00007fff3c88b000 	C:\Windows\SYSTEM32\dbgcore.DLL
0x00007fff43930000 - 0x00007fff439d5000 	C:\Windows\System32\bcryptPrimitives.dll
0x00007fff40750000 - 0x00007fff4075f000 	c:\Users\ASUS\.antigravity\extensions\redhat.java-1.53.0-win32-x64\jre\21.0.10-win32-x86_64\bin\instrument.dll
0x00007fff14ab0000 - 0x00007fff14ad0000 	c:\Users\ASUS\.antigravity\extensions\redhat.java-1.53.0-win32-x64\jre\21.0.10-win32-x86_64\bin\java.dll
0x00007fff454a0000 - 0x00007fff45bf2000 	C:\Windows\System32\SHELL32.dll
0x00007fff42520000 - 0x00007fff4268a000 	C:\Windows\System32\wintypes.dll
0x00007fff42690000 - 0x00007fff42ef3000 	C:\Windows\System32\windows.storage.dll
0x00007fff44f80000 - 0x00007fff45076000 	C:\Windows\System32\SHCORE.dll
0x00007fff44ca0000 - 0x00007fff44d07000 	C:\Windows\System32\shlwapi.dll
0x00007fff42440000 - 0x00007fff42469000 	C:\Windows\SYSTEM32\profapi.dll
0x00007fff14360000 - 0x00007fff14378000 	c:\Users\ASUS\.antigravity\extensions\redhat.java-1.53.0-win32-x64\jre\21.0.10-win32-x86_64\bin\zip.dll
0x00007fff1fef0000 - 0x00007fff1ff00000 	C:\Users\ASUS\.antigravity\extensions\redhat.java-1.53.0-win32-x64\jre\21.0.10-win32-x86_64\bin\net.dll
0x00007fff3cdd0000 - 0x00007fff3cef7000 	C:\Windows\SYSTEM32\WINHTTP.dll
0x00007fff41830000 - 0x00007fff4189b000 	C:\Windows\system32\mswsock.dll
0x00007fff13c50000 - 0x00007fff13c66000 	C:\Users\ASUS\.antigravity\extensions\redhat.java-1.53.0-win32-x64\jre\21.0.10-win32-x86_64\bin\nio.dll
0x00007fff3fd30000 - 0x00007fff3fd40000 	c:\Users\ASUS\.antigravity\extensions\redhat.java-1.53.0-win32-x64\jre\21.0.10-win32-x86_64\bin\verify.dll
0x00007fff3c9c0000 - 0x00007fff3ca05000 	C:\Users\ASUS\AppData\Roaming\Antigravity\User\globalStorage\redhat.java\1.53.0\config_win\org.eclipse.equinox.launcher\org.eclipse.equinox.launcher.win32.win32.x86_64_1.3.0.v20260203-2149\eclipse_11919.dll
0x00007fff44530000 - 0x00007fff446c7000 	C:\Windows\System32\ole32.dll
0x00007fff41b00000 - 0x00007fff41b1b000 	C:\Windows\SYSTEM32\CRYPTSP.dll
0x00007fff41220000 - 0x00007fff41259000 	C:\Windows\system32\rsaenh.dll
0x00007fff418e0000 - 0x00007fff4190b000 	C:\Windows\SYSTEM32\USERENV.dll
0x00007fff42410000 - 0x00007fff4243a000 	C:\Windows\SYSTEM32\bcrypt.dll
0x00007fff41b20000 - 0x00007fff41b2c000 	C:\Windows\SYSTEM32\CRYPTBASE.dll
0x00007fff40d50000 - 0x00007fff40d84000 	C:\Windows\SYSTEM32\IPHLPAPI.DLL
0x00007fff44a40000 - 0x00007fff44a4a000 	C:\Windows\System32\NSI.dll
0x00007fff24c00000 - 0x00007fff24c49000 	C:\Users\ASUS\AppData\Local\Temp\jna-2018896\jna3399245528386305830.dll
0x00007fff44340000 - 0x00007fff44348000 	C:\Windows\System32\PSAPI.DLL
0x00007fff3d040000 - 0x00007fff3d05e000 	C:\Windows\SYSTEM32\dhcpcsvc6.DLL
0x00007fff3cf80000 - 0x00007fff3cfa3000 	C:\Windows\SYSTEM32\dhcpcsvc.DLL

JVMTI agents:
c:\Users\ASUS\.antigravity\extensions\redhat.java-1.53.0-win32-x64\lombok\lombok-1.18.39-4050.jar path:c:\Users\ASUS\.antigravity\extensions\redhat.java-1.53.0-win32-x64\jre\21.0.10-win32-x86_64\bin\instrument.dll, loaded, initialized, instrumentlib options:none

dbghelp: loaded successfully - version: 4.0.5 - missing functions: none
symbol engine: initialized successfully - sym options: 0x614 - pdb path: .;c:\Users\ASUS\.antigravity\extensions\redhat.java-1.53.0-win32-x64\jre\21.0.10-win32-x86_64\bin;C:\Windows\SYSTEM32;C:\Windows\WinSxS\amd64_microsoft.windows.common-controls_6595b64144ccf1df_6.0.26100.7824_none_3e0870b2e3345462;c:\Users\ASUS\.antigravity\extensions\redhat.java-1.53.0-win32-x64\jre\21.0.10-win32-x86_64\bin\server;C:\Users\ASUS\AppData\Roaming\Antigravity\User\globalStorage\redhat.java\1.53.0\config_win\org.eclipse.equinox.launcher\org.eclipse.equinox.launcher.win32.win32.x86_64_1.3.0.v20260203-2149;C:\Users\ASUS\AppData\Local\Temp\jna-2018896

VM Arguments:
jvm_args: --add-modules=ALL-SYSTEM --add-opens=java.base/java.util=ALL-UNNAMED --add-opens=java.base/java.lang=ALL-UNNAMED --add-opens=java.base/sun.nio.fs=ALL-UNNAMED -Declipse.application=org.eclipse.jdt.ls.core.id1 -Dosgi.bundles.defaultStartLevel=4 -Declipse.product=org.eclipse.jdt.ls.core.product -Djava.import.generatesMetadataFilesAtProjectRoot=false -DDetectVMInstallationsJob.disabled=true -Dfile.encoding=utf8 -XX:+UseParallelGC -XX:GCTimeRatio=4 -XX:AdaptiveSizePolicyWeight=90 -Dsun.zip.disableMemoryMapping=true -Xmx2G -Xms100m -Xlog:disable -javaagent:c:\Users\ASUS\.antigravity\extensions\redhat.java-1.53.0-win32-x64\lombok\lombok-1.18.39-4050.jar -XX:+HeapDumpOnOutOfMemoryError -XX:HeapDumpPath=c:\Users\ASUS\AppData\Roaming\Antigravity\User\workspaceStorage\924ae99c074a11817756a8568839e145\redhat.java -Daether.dependencyCollector.impl=bf 
java_command: c:\Users\ASUS\.antigravity\extensions\redhat.java-1.53.0-win32-x64\server\plugins\org.eclipse.equinox.launcher_1.7.100.v20251111-0406.jar -configuration c:\Users\ASUS\AppData\Roaming\Antigravity\User\globalStorage\redhat.java\1.53.0\config_win -data c:\Users\ASUS\AppData\Roaming\Antigravity\User\workspaceStorage\924ae99c074a11817756a8568839e145\redhat.java\jdt_ws --pipe=\\.\pipe\lsp-928b0ef93b6b1c7c256dd9fde077063f-sock
java_class_path (initial): c:\Users\ASUS\.antigravity\extensions\redhat.java-1.53.0-win32-x64\server\plugins\org.eclipse.equinox.launcher_1.7.100.v20251111-0406.jar
Launcher Type: SUN_STANDARD

[Global flags]
    uintx AdaptiveSizePolicyWeight                 = 90                                        {product} {command line}
     intx CICompilerCount                          = 4                                         {product} {ergonomic}
    uintx GCTimeRatio                              = 4                                         {product} {command line}
     bool HeapDumpOnOutOfMemoryError               = true                                   {manageable} {command line}
    ccstr HeapDumpPath                             = c:\Users\ASUS\AppData\Roaming\Antigravity\User\workspaceStorage\924ae99c074a11817756a8568839e145\redhat.java         {manageable} {command line}
   size_t InitialHeapSize                          = 104857600                                 {product} {command line}
   size_t MaxHeapSize                              = 2147483648                                {product} {command line}
   size_t MaxNewSize                               = 715653120                                 {product} {ergonomic}
   size_t MinHeapDeltaBytes                        = 524288                                    {product} {ergonomic}
   size_t MinHeapSize                              = 104857600                                 {product} {command line}
   size_t NewSize                                  = 34603008                                  {product} {ergonomic}
    uintx NonNMethodCodeHeapSize                   = 5839372                                {pd product} {ergonomic}
    uintx NonProfiledCodeHeapSize                  = 122909434                              {pd product} {ergonomic}
   size_t OldSize                                  = 70254592                                  {product} {ergonomic}
    uintx ProfiledCodeHeapSize                     = 122909434                              {pd product} {ergonomic}
    uintx ReservedCodeCacheSize                    = 251658240                              {pd product} {ergonomic}
     bool SegmentedCodeCache                       = true                                      {product} {ergonomic}
   size_t SoftMaxHeapSize                          = 2147483648                             {manageable} {ergonomic}
     bool UseCompressedOops                        = true                           {product lp64_product} {ergonomic}
     bool UseLargePagesIndividualAllocation        = false                                  {pd product} {ergonomic}
     bool UseParallelGC                            = true                                      {product} {command line}

Logging:
Log output configuration:
 #0: stdout all=off uptime,level,tags foldmultilines=false
 #1: stderr all=off uptime,level,tags foldmultilines=false

Release file:
JAVA_VERSION="21.0.10" 
MODULES="java.base java.compiler java.datatransfer java.xml java.prefs java.desktop java.instrument java.logging java.management java.security.sasl java.naming java.rmi java.management.rmi java.net.http java.scripting java.security.jgss java.transaction.xa java.sql java.sql.rowset java.xml.crypto java.se java.smartcardio jdk.accessibility jdk.internal.jvmstat jdk.attach jdk.charsets jdk.internal.opt jdk.zipfs jdk.compiler jdk.crypto.ec jdk.crypto.cryptoki jdk.crypto.mscapi jdk.dynalink jdk.internal.ed jdk.editpad jdk.hotspot.agent jdk.httpserver jdk.internal.le jdk.internal.vm.ci jdk.internal.vm.compiler jdk.internal.vm.compiler.management jdk.jartool jdk.javadoc jdk.jcmd jdk.management jdk.management.agent jdk.jconsole jdk.jdeps jdk.jdwp.agent jdk.jdi jdk.jfr jdk.jshell jdk.jsobject jdk.jstatd jdk.localedata jdk.management.jfr jdk.naming.dns jdk.naming.rmi jdk.net jdk.nio.mapmode jdk.random jdk.sctp jdk.security.auth jdk.security.jgss jdk.unsupported jdk.unsupported.desktop jdk.xml.dom" 

Environment Variables:
JAVA_HOME=C:\Program Files\Eclipse Adoptium\jdk-17.0.17.10-hotspot\
PATH=C:\Program Files\Microsoft SDKs\Azure\CLI2\wbin;C:\Program Files\Eclipse Adoptium\jdk-17.0.17.10-hotspot\bin;C:\Windows\system32;C:\Windows;C:\Windows\System32\Wbem;C:\Windows\System32\WindowsPowerShell\v1.0\;C:\Windows\System32\OpenSSH\;C:\MinGW\bin;C:\Program Files\nodejs\;C:\Program Files\Git\cmd;C:\Program Files (x86)\Google\Cloud SDK\google-cloud-sdk\bin;C:\Program Files\Cloudflare\Cloudflare WARP\;C:\Program Files\Amazon\AWSCLIV2\;C:\Program Files\Docker\Docker\resources\bin;C:\Program Files\GitHub CLI\;C:\Users\ASUS\AppData\Local\Programs\Python\Python312\Scripts\;C:\Users\ASUS\AppData\Local\Programs\Python\Python312\;C:\Users\ASUS\AppData\Local\Microsoft\WindowsApps;C:\Users\ASUS\AppData\Local\Programs\Microsoft VS Code\bin;C:\Users\ASUS\AppData\Roaming\npm;C:\Users\ASUS\AppData\Local\Programs\Antigravity\bin;C:\Users\ASUS\.antigravity\extensions\flutter\bin;C:\Users\ASUS\.antigravity\extensions\flutter\bin;C:\Users\ASUS\AppData\Local\Programs\cursor\resources\app\bin
USERNAME=ASUS
OS=Windows_NT
PROCESSOR_IDENTIFIER=Intel64 Family 6 Model 186 Stepping 2, GenuineIntel
TMP=C:\Users\ASUS\AppData\Local\Temp
TEMP=C:\Users\ASUS\AppData\Local\Temp




Periodic native trim disabled

---------------  S Y S T E M  ---------------

OS:
 Windows 11 , 64 bit Build 26100 (10.0.26100.7705)
OS uptime: 13 days 19:21 hours
Hyper-V role detected

CPU: total 12 (initial active 12) (6 cores per cpu, 2 threads per core) family 6 model 186 stepping 2 microcode 0x4124, cx8, cmov, fxsr, ht, mmx, 3dnowpref, sse, sse2, sse3, ssse3, sse4.1, sse4.2, popcnt, lzcnt, tsc, tscinvbit, avx, avx2, aes, erms, clmul, bmi1, bmi2, adx, sha, fma, vzeroupper, clflush, clflushopt, clwb, hv, serialize, rdtscp, rdpid, fsrm, f16c, cet_ibt, cet_ss
Processor Information for processor 0
  Max Mhz: 2100, Current Mhz: 2100, Mhz Limit: 2100
Processor Information for processor 1
  Max Mhz: 2100, Current Mhz: 2100, Mhz Limit: 2100
Processor Information for processor 2
  Max Mhz: 2100, Current Mhz: 2100, Mhz Limit: 2100
Processor Information for processor 3
  Max Mhz: 2100, Current Mhz: 2100, Mhz Limit: 2100
Processor Information for processor 4
  Max Mhz: 2100, Current Mhz: 2100, Mhz Limit: 2100
Processor Information for processor 5
  Max Mhz: 2100, Current Mhz: 2100, Mhz Limit: 2100
Processor Information for processor 6
  Max Mhz: 2100, Current Mhz: 2100, Mhz Limit: 2100
Processor Information for processor 7
  Max Mhz: 2100, Current Mhz: 2100, Mhz Limit: 2100
Processor Information for processor 8
  Max Mhz: 2100, Current Mhz: 1500, Mhz Limit: 1491
Processor Information for processor 9
  Max Mhz: 2100, Current Mhz: 1500, Mhz Limit: 1491
Processor Information for processor 10
  Max Mhz: 2100, Current Mhz: 1500, Mhz Limit: 1491
Processor Information for processor 11
  Max Mhz: 2100, Current Mhz: 1500, Mhz Limit: 1491

Memory: 4k page, system-wide physical 16016M (776M free)
TotalPageFile size 32400M (AvailPageFile size 10M)
current process WorkingSet (physical memory assigned to process): 206M, peak: 218M
current process commit charge ("private bytes"): 334M, peak: 346M

vm_info: OpenJDK 64-Bit Server VM (21.0.10+7-LTS) for windows-amd64 JRE (21.0.10+7-LTS), built on 2026-01-20T00:00:00Z by "admin" with MS VC++ 17.12 (VS2022)

END.
